###############################################################################
#                                                                             #
# IAR C/C++ Compiler V8.10.1.40194/W32 for 8051         08/Sep/2014  18:14:29 #
# Copyright 2004-2011 IAR Systems AB.                                         #
#                                                                             #
#    Core               =  plain                                              #
#    Code model         =  near                                               #
#    Data model         =  large                                              #
#    Calling convention =  xdata reentrant                                    #
#    Constant location  =  data                                               #
#    Dptr setup         =  1,16                                               #
#    Source file        =  C:\Synchro\Dropbox\Travaux\Automne                 #
#                          2014\Prog\Labo1\Programme\NomDuProjet.cpp          #
#    Command line       =  "C:\Synchro\Dropbox\Travaux\Automne                #
#                          2014\Prog\Labo1\Programme\NomDuProjet.cpp" -D      #
#                          UPSD3254A --preprocess=cl                          #
#                          "C:\Synchro\Dropbox\Travaux\Automne                #
#                          2014\Prog\Labo1\Programme\UPSDDebug\List\" -lC     #
#                          "C:\Synchro\Dropbox\Travaux\Automne                #
#                          2014\Prog\Labo1\Programme\UPSDDebug\List\" -lA     #
#                          "C:\Synchro\Dropbox\Travaux\Automne                #
#                          2014\Prog\Labo1\Programme\UPSDDebug\List\" -o      #
#                          "C:\Synchro\Dropbox\Travaux\Automne                #
#                          2014\Prog\Labo1\Programme\UPSDDebug\Obj\" -e       #
#                          --no_cse --no_unroll --no_inline --no_code_motion  #
#                          --no_tbaa --debug --core=plain --dptr=16,1         #
#                          --data_model=large --code_model=near               #
#                          --calling_convention=xdata_reentrant               #
#                          --place_constants=data --nr_virtual_regs 8         #
#                          --dlib_config "C:\Program Files (x86)\IAR          #
#                          Systems\Embedded Workbench                         #
#                          6.0\8051\LIB\DLIB\dl8051Normal.h" -Ol --eec++      #
#    List file          =  C:\Synchro\Dropbox\Travaux\Automne                 #
#                          2014\Prog\Labo1\Programme\UPSDDebug\List\NomDuProj #
#                          et.lst                                             #
#    Object file        =  C:\Synchro\Dropbox\Travaux\Automne                 #
#                          2014\Prog\Labo1\Programme\UPSDDebug\Obj\NomDuProje #
#                          t.r51                                              #
#                                                                             #
#                                                                             #
###############################################################################

C:\Synchro\Dropbox\Travaux\Automne 2014\Prog\Labo1\Programme\NomDuProjet.cpp
      1          // **************************Main.c
      2          // Auteur:      Vincent Chouinard
      3          // Date:        5 aout Janvier 2014
      4          // Version :    1.0
      5          //
      6          // Compilateur: Keil 4.72.9 && IAR 8.10
      7          //
      8          // Description: Fichier principal
      9          //
     10          // *****************************************************************************
     11          // **** LES INCLUDES ****************//
     12          #include "CLI2CHard.h"

   \                                 In  segment SFR_AN, at 0xa8
   \   union <unnamed> volatile __sfr _A_IE
   \                     _A_IE:
   \   000000                DS 1

   \                                 In  segment SFR_AN, at 0xae
   \   unsigned char volatile __sfr WDKEY
   \                     WDKEY:
   \   000000                DS 1
     13          #include "_DeclarationGenerale.h"    // Raccourcis Linguistiques utiles
     14          #include "ConversionKeilToIAR.h"     //
     15          #include "CLClavier.h"               // Pour utiliser le clavier
     16          #include "CLEcran.h"                 // Pour utiliser l'écran
     17          //#include "NomDuProjet.h"             //
     18          #include "CLCommunic.h"              // Pour utiliser le port série
     19          // **** LES FONCTIONS DU MAIN *******//
     20          
     21          // **** CLASS DECLARATION ***********//
     22          
     23          // **** PROGRAMME PRINCIPAL *********//

   \                                 In  segment NEAR_CODE, align 1, keep-with-next
     24          void main(void)
   \                     main:
     25          {
   \   000000                ; Auto size: 5
   \   000000   74FB         MOV     A,#-0x5
   \   000002   12....       LCALL   ?ALLOC_XSTACK8
     26          EA    = 0;     // Disable interrupt.
   \   000005   C2AF         CLR     0xa8.7
     27          WDKEY = 0x55;  // Disable WatchDog.
   \   000007   75AE55       MOV     0xae,#0x55
     28          EA    = 1;
   \   00000A   D2AF         SETB    0xa8.7
     29           
     30          class CLI2CHardware clHardwareI2C;       // Initialise le port I2C Software
   \   00000C                ; Setup parameters for call to function CLI2CHardware::CLI2CHardware()
   \   00000C   85..82       MOV     DPL,?XSP + 0
   \   00000F   85..83       MOV     DPH,?XSP + 1
   \   000012   AA82         MOV     R2,DPL
   \   000014   AB83         MOV     R3,DPH
   \   000016   12....       LCALL   ??CLI2CHardware
     31          
     32          
     33          
     34          
     35          
     36          
     37          
     38          
     39          
     40          
     41          while(1)
   \                     ??main_0:
   \   000019   80FE         SJMP    ??main_0
   \   00001B                REQUIRE _A_IE
   \   00001B                REQUIRE WDKEY
     42            {
     43            
     44            }
     45          }
     46          
     47          
     48          
     49          //LinuxLinuxLinuxLinuxLinuxLinuxLinuxLinuxLinuxLinuxLinuxLinuxLinuxLinuxLinuxTUX

   Maximum stack usage in bytes:

     Function                       ISTACK PSTACK XSTACK
     --------                       ------ ------ ------
     main()                             0      0      5
       -> CLI2CHardware::CLI2CHardware()
                                        0      0     10


   Segment part sizes:

     Function/Label Bytes
     -------------- -----
     _A_IE             1
     WDKEY             1
     main()           27

 
 27 bytes in segment NEAR_CODE
  2 bytes in segment SFR_AN
 
 27 bytes of CODE memory
  0 bytes of DATA memory (+ 2 bytes shared)

Errors: none
Warnings: none
