###############################################################################
#                                                                             #
# IAR C/C++ Compiler V8.20.2.41139 for 8051             11/Nov/2014  11:41:09 #
# Copyright 2004-2013 IAR Systems AB.                                         #
#                                                                             #
#    Core               =  plain                                              #
#    Code model         =  near                                               #
#    Data model         =  large                                              #
#    Calling convention =  xdata reentrant                                    #
#    Constant location  =  data                                               #
#    Dptr setup         =  1,16                                               #
#                                                                             #
#    Source file        =  C:\Users\1230838\Desktop\PROJETSESSION5\BLOC3\Prog #
#                          ramme\FESTO\Libraire\CLFesto.cpp                   #
#    Command line       =  C:\Users\1230838\Desktop\PROJETSESSION5\BLOC3\Prog #
#                          ramme\FESTO\Libraire\CLFesto.cpp -D UPSD3254A      #
#                          --preprocess=cl C:\Users\1230838\Desktop\PROJETSES #
#                          SION5\BLOC3\Programme\FESTO\UPSD\List\ -lC         #
#                          C:\Users\1230838\Desktop\PROJETSESSION5\BLOC3\Prog #
#                          ramme\FESTO\UPSD\List\ -lA                         #
#                          C:\Users\1230838\Desktop\PROJETSESSION5\BLOC3\Prog #
#                          ramme\FESTO\UPSD\List\ -o                          #
#                          C:\Users\1230838\Desktop\PROJETSESSION5\BLOC3\Prog #
#                          ramme\FESTO\UPSD\Obj\ -e --no_cse --no_unroll      #
#                          --no_inline --no_code_motion --no_tbaa --debug     #
#                          --core=plain --dptr=16,1 --data_model=large        #
#                          --code_model=near --calling_convention=xdata_reent #
#                          rant --place_constants=data --nr_virtual_regs 8    #
#                          --dlib_config "C:\Program Files\IAR                #
#                          Systems\Embedded Workbench                         #
#                          6.4\8051\LIB\DLIB\dl8051Normal.h" -Ol --eec++      #
#    List file          =  C:\Users\1230838\Desktop\PROJETSESSION5\BLOC3\Prog #
#                          ramme\FESTO\UPSD\List\CLFesto.lst                  #
#    Object file        =  C:\Users\1230838\Desktop\PROJETSESSION5\BLOC3\Prog #
#                          ramme\FESTO\UPSD\Obj\CLFesto.r51                   #
#                                                                             #
#                                                                             #
###############################################################################

C:\Users\1230838\Desktop\PROJETSESSION5\BLOC3\Programme\FESTO\Libraire\CLFesto.cpp
      1          // ********************** FICHIER: CLPcf8574.cpp******************************
      2          // Descrtiption : La classe contient des fonctions pour controler le PCF
      3          //              : 8574 sur le suiveur de ligne et sur le bolide
      4          //
      5          // Composition  : CLI2CPort
      6          //
      7          // Heritage     : Aucun
      8          //
      9          // Fonctions    : void vWritePCF8574 (ucAdresse, ucDonnee)//Ecrit Adr, Donnee
     10          //                UC ucReadPCF8574 (UC ucAdresse)  //Read un canal du ADC
     11          //
     12          //  AUTEUR : Gabriel Fortin-Bélanger
     13          //  DATE CREATION :    12/02/2014		 VERSION: 1.0
     14          //
     15          // ****************************************************************************
     16          
     17          #include "_DeclarationGenerale.h"
     18          #include "CLFesto.h"
     19          
     20          
     21          
     22          

   \                                 In  segment NEAR_CODE, align 1, keep-with-next
     23          CLFesto :: CLFesto(void)
   \                     ??CLFesto:
   \   000000   C082         PUSH    DPL
   \   000002   C083         PUSH    DPH
   \   000004                ; Saved register size: 2
   \   000004                ; Auto size: 0
   \   000004   8A82         MOV     DPL,R2
   \   000006   8B83         MOV     DPH,R3
     24          {
   \   000008                ; Setup parameters for call to function CLIOPcf8574::CLIOPcf8574()
   \   000008   AA82         MOV     R2,DPL
   \   00000A   AB83         MOV     R3,DPH
   \   00000C   12....       LCALL   ??CLIOPcf8574
     25          
     26          
     27          }  
   \   00000F   AA82         MOV     R2,DPL
   \   000011   AB83         MOV     R3,DPH
   \   000013   D083         POP     DPH
   \   000015   D082         POP     DPL
   \   000017   22           RET
     28          
     29          
     30          

   \                                 In  segment NEAR_CODE, align 1, keep-with-next
     31          CLFesto :: ~CLFesto(void)
   \                     `?~CLFesto`:
     32          {
   \   000000                ; Saved register size: 0
   \   000000                ; Auto size: 0
     33          
     34          
     35          }  
   \   000000                ; Setup parameters for call to function CLIOPcf8574::~CLIOPcf8574()
   \   000000   02....       LJMP    `?~CLIOPcf8574`
     36          
     37             
     38             
     39             
     40             

   \                                 In  segment NEAR_CODE, align 1, keep-with-next
     41          void CLFesto :: vFestoWrite(UC ucPeripherique, UC ucEtat)
   \                     ??vFestoWrite:
     42          {
   \   000000                ; Saved register size: 0
   \   000000                ; Auto size: 0
     43          
     44          
     45          
     46          }    
   \   000000   22           RET
     47              
     48              
     49             

   \                                 In  segment NEAR_CODE, align 1, keep-with-next
     50          UC CLFesto :: ucFestoRead(UC ucPeripherique)
   \                     ??ucFestoRead:
     51          {
   \   000000                ; Saved register size: 0
   \   000000                ; Auto size: 0
     52          
     53          
     54          
     55          }
                 ^
Warning[Pe940]: missing return statement at end of non-void function
          "CLFesto::ucFestoRead"
   \   000000   22           RET

   \                                 In  segment NEAR_CODE, align 1, keep-with-next
   \   __near_func __xdata_reentrant CLFesto &CLFesto::new CLFesto()
   \                     `??new CLFesto`:
   \   000000   C0..         PUSH    ?V0 + 0
   \   000002   C0..         PUSH    ?V0 + 1
   \   000004                ; Saved register size: 2
   \   000004                ; Auto size: 0
   \   000004                ; Setup parameters for call to function operator new(unsigned int)
   \   000004   7A01         MOV     R2,#0x1
   \   000006   7B00         MOV     R3,#0x0
   \   000008   12....       LCALL   `??operator new`
   \   00000B   8A..         MOV     ?V0 + 0,R2
   \   00000D   8B..         MOV     ?V0 + 1,R3
   \   00000F   A8..         MOV     R0,?V0 + 0
   \   000011   A9..         MOV     R1,?V0 + 1
   \   000013   E8           MOV     A,R0
   \   000014   FA           MOV     R2,A
   \   000015   E9           MOV     A,R1
   \   000016   FB           MOV     R3,A
   \   000017   E8           MOV     A,R0
   \   000018   49           ORL     A,R1
   \   000019   600D         JZ      `??new CLFesto_1`
   \   00001B                ; Setup parameters for call to function CLFesto::CLFesto()
   \   00001B   12....       LCALL   ??CLFesto
   \   00001E   8A..         MOV     ?V0 + 0,R2
   \   000020   8B..         MOV     ?V0 + 1,R3
   \   000022   AA..         MOV     R2,?V0 + 0
   \   000024   AB..         MOV     R3,?V0 + 1
   \   000026   8004         SJMP    `??new CLFesto_2`
   \                     `??new CLFesto_1`:
   \   000028   7A00         MOV     R2,#0x0
   \   00002A   7B00         MOV     R3,#0x0
   \                     `??new CLFesto_2`:
   \   00002C   D0..         POP     ?V0 + 1
   \   00002E   D0..         POP     ?V0 + 0
   \   000030   22           RET

   \                                 In  segment NEAR_CODE, align 1, keep-with-next
   \   __near_func __xdata_reentrant void CLFesto::delete ~CLFesto(CLFesto *)
   \                     `??delete ~CLFesto`:
   \   000000   74F8         MOV     A,#-0x8
   \   000002   12....       LCALL   ?FUNC_ENTER_XDATA
   \   000005                ; Saved register size: 8
   \   000005                ; Auto size: 0
   \   000005   EA           MOV     A,R2
   \   000006   FE           MOV     R6,A
   \   000007   EB           MOV     A,R3
   \   000008   FF           MOV     R7,A
   \   000009   EE           MOV     A,R6
   \   00000A   4F           ORL     A,R7
   \   00000B   600E         JZ      `??delete ~CLFesto_1`
   \   00000D                ; Setup parameters for call to function CLFesto::~CLFesto()
   \   00000D   EE           MOV     A,R6
   \   00000E   FA           MOV     R2,A
   \   00000F   EF           MOV     A,R7
   \   000010   FB           MOV     R3,A
   \   000011   12....       LCALL   `?~CLFesto`
   \   000014                ; Setup parameters for call to function operator delete(void *)
   \   000014   EE           MOV     A,R6
   \   000015   FA           MOV     R2,A
   \   000016   EF           MOV     A,R7
   \   000017   FB           MOV     R3,A
   \   000018   12....       LCALL   `??operator delete`
   \                     `??delete ~CLFesto_1`:
   \   00001B   7F01         MOV     R7,#0x1
   \   00001D   02....       LJMP    ?FUNC_LEAVE_XDATA

   Maximum stack usage in bytes:

   ISTACK PSTACK XSTACK Function
   ------ ------ ------ --------
       2      0      0  CLFesto::CLFesto()
                          2 0 0 -> CLIOPcf8574::CLIOPcf8574()
       0      0      8  CLFesto::delete ~CLFesto(CLFesto *)
                          0 0 8 -> CLFesto::~CLFesto()
                          0 0 8 -> operator delete(void *)
       2      0      0  CLFesto::new CLFesto()
                          2 0 0 -> CLFesto::CLFesto()
                          2 0 0 -> operator new(unsigned int)
       0      0      0  CLFesto::ucFestoRead(UC)
       0      0      0  CLFesto::vFestoWrite(UC, UC)
       0      0      8  CLFesto::~CLFesto()
                          0 0 0 -> CLIOPcf8574::~CLIOPcf8574()


   Segment part sizes:

   Bytes  Function/Label
   -----  --------------
      24  CLFesto::CLFesto()
      32  CLFesto::delete ~CLFesto(CLFesto *)
      49  CLFesto::new CLFesto()
       1  CLFesto::ucFestoRead(UC)
       1  CLFesto::vFestoWrite(UC, UC)
       3  CLFesto::~CLFesto()

 
 110 bytes in segment NEAR_CODE
 
 110 bytes of CODE memory

Errors: none
Warnings: 1
