###############################################################################
#                                                                             #
# IAR C/C++ Compiler V8.20.2.41139 for 8051             19/Nov/2014  10:59:13 #
# Copyright 2004-2013 IAR Systems AB.                                         #
#                                                                             #
#    Core               =  plain                                              #
#    Code model         =  near                                               #
#    Data model         =  large                                              #
#    Calling convention =  xdata reentrant                                    #
#    Constant location  =  data                                               #
#    Dptr setup         =  1,16                                               #
#                                                                             #
#    Source file        =  J:\Projet_Session5_LNAH\S2_18Nov2014\Programme     #
#                          Station 2\FESTO\Libraire\CLHorloge1307.cpp         #
#    Command line       =  "J:\Projet_Session5_LNAH\S2_18Nov2014\Programme    #
#                          Station 2\FESTO\Libraire\CLHorloge1307.cpp" -D     #
#                          UPSD3254A --preprocess=cl                          #
#                          "J:\Projet_Session5_LNAH\S2_18Nov2014\Programme    #
#                          Station 2\FESTO\UPSD\List\" -lC                    #
#                          "J:\Projet_Session5_LNAH\S2_18Nov2014\Programme    #
#                          Station 2\FESTO\UPSD\List\" -lA                    #
#                          "J:\Projet_Session5_LNAH\S2_18Nov2014\Programme    #
#                          Station 2\FESTO\UPSD\List\" -o                     #
#                          "J:\Projet_Session5_LNAH\S2_18Nov2014\Programme    #
#                          Station 2\FESTO\UPSD\Obj\" -e --no_cse             #
#                          --no_unroll --no_inline --no_code_motion           #
#                          --no_tbaa --debug --core=plain --dptr=16,1         #
#                          --data_model=large --code_model=near               #
#                          --calling_convention=xdata_reentrant               #
#                          --place_constants=data --nr_virtual_regs 8         #
#                          --dlib_config "C:\Program Files\IAR                #
#                          Systems\Embedded Workbench                         #
#                          6.4\8051\LIB\DLIB\dl8051Normal.h" -I               #
#                          "J:\Projet_Session5_LNAH\S2_18Nov2014\Programme    #
#                          Station 2\FESTO\Libraire\" -Ol --eec++             #
#    List file          =  J:\Projet_Session5_LNAH\S2_18Nov2014\Programme     #
#                          Station 2\FESTO\UPSD\List\CLHorloge1307.lst        #
#    Object file        =  J:\Projet_Session5_LNAH\S2_18Nov2014\Programme     #
#                          Station 2\FESTO\UPSD\Obj\CLHorloge1307.r51         #
#                                                                             #
#                                                                             #
###############################################################################

J:\Projet_Session5_LNAH\S2_18Nov2014\Programme Station 2\FESTO\Libraire\CLHorloge1307.cpp
      1          // ***************** FICHIER:CLHorloge1307.cpp
      2          //
      3          //  Description: Contient les definitions de fonction pour communiquer avec 
      4          //               le materiel d une horloge 1307
      5          //
      6          //  Application realisee avec IAR
      7          //
      8          //  AUTEUR : Gabriel Fortin-Belanger
      9          //  DATE CREATION :    2014-02-07		 VERSION: 1.0
     10          //  DATE MODIFICATION: ****-**-**
     11          //
     12          //******************************************************************************
     13          #include "CLInOutBase.h"
     14          #include "_DeclarationGenerale.h"
     15          #include "CLHorloge1307.h"
     16          #include "CLI2CPort.h"
     17          
     18          
     19          
     20          //***********************CLHorloge1307(void)
     21          //
     22          //Description:Ce constructeur met l addresse de l horlogr a 0xFC00 par defaut
     23          //            lors de la creation d un objet 
     24          //
     25          // Nom:CLPiece :: CLHorloge1307(void)
     26          //           
     27          // PARAMETRE D'ENTREE: -
     28          //                  
     29          // 
     30          //
     31          // PARAMETRE DE SORTIE: -             
     32          //
     33          //    
     34          // Membre utilise:  usiAdresseHorloge
     35          //
     36          //
     37          // DATE DE CREATION: 10 octobre 2013    AUTEUR: Gabriel Fortin-B
     38          // DATE DE MODIFICATION:	
     39          //*****************************************************************************

   \                                 In  segment NEAR_CODE, align 1, keep-with-next
     40          CLHorloge1307 :: CLHorloge1307(void)
   \                     ??CLHorloge1307:
   \   000000   74F8         MOV     A,#-0x8
   \   000002   12....       LCALL   ?FUNC_ENTER_XDATA
   \   000005                ; Saved register size: 8
   \   000005                ; Auto size: 0
   \   000005   EA           MOV     A,R2
   \   000006   FE           MOV     R6,A
   \   000007   EB           MOV     A,R3
   \   000008   FF           MOV     R7,A
     41          {
   \   000009                ; Setup parameters for call to function CLI2CPort::CLI2CPort()
   \   000009   EE           MOV     A,R6
   \   00000A   FA           MOV     R2,A
   \   00000B   EF           MOV     A,R7
   \   00000C   FB           MOV     R3,A
   \   00000D   12....       LCALL   ??CLI2CPort
     42            usiAdresseHorloge = 0xFC00;
   \   000010   8E82         MOV     DPL,R6
   \   000012   8F83         MOV     DPH,R7
   \   000014   A3           INC     DPTR
   \   000015   A3           INC     DPTR
   \   000016   A3           INC     DPTR
   \   000017   7400         MOV     A,#0x0
   \   000019   F0           MOVX    @DPTR,A
   \   00001A   A3           INC     DPTR
   \   00001B   74FC         MOV     A,#-0x4
   \   00001D   F0           MOVX    @DPTR,A
     43          }
   \   00001E   EE           MOV     A,R6
   \   00001F   FA           MOV     R2,A
   \   000020   EF           MOV     A,R7
   \   000021   FB           MOV     R3,A
   \   000022   7F01         MOV     R7,#0x1
   \   000024   02....       LJMP    ?FUNC_LEAVE_XDATA
     44          
     45          //***********************CLHorloge1307(USI usiAdresse)
     46          //
     47          //Description:Ce constructeur met l addresse de l horlogr addresse choisit 
     48          //            lors de la creation d un objet 
     49          //
     50          // Nom:CLPiece :: CLHorloge1307(USI usiAdresse)
     51          //           
     52          // PARAMETRE D'ENTREE: usiAdresse
     53          //                  
     54          // 
     55          //
     56          // PARAMETRE DE SORTIE: -             
     57          //
     58          //    
     59          // Membre utilise:  usiAdresseHorloge
     60          //
     61          //
     62          // DATE DE CREATION: 10 octobre 2013    AUTEUR: Gabriel Fortin-B
     63          // DATE DE MODIFICATION:	
     64          //*****************************************************************************

   \                                 In  segment NEAR_CODE, align 1, keep-with-next
     65          CLHorloge1307 :: CLHorloge1307(USI usiAdresse)
   \                     ??CLHorloge1307_1:
   \   000000   74F7         MOV     A,#-0x9
   \   000002   12....       LCALL   ?FUNC_ENTER_XDATA
   \   000005                ; Saved register size: 9
   \   000005                ; Auto size: 0
   \   000005   EA           MOV     A,R2
   \   000006   FE           MOV     R6,A
   \   000007   EB           MOV     A,R3
   \   000008   FF           MOV     R7,A
   \   000009   8C..         MOV     ?V0 + 0,R4
   \   00000B   8D..         MOV     ?V0 + 1,R5
     66          {
   \   00000D                ; Setup parameters for call to function CLI2CPort::CLI2CPort()
   \   00000D   EE           MOV     A,R6
   \   00000E   FA           MOV     R2,A
   \   00000F   EF           MOV     A,R7
   \   000010   FB           MOV     R3,A
   \   000011   12....       LCALL   ??CLI2CPort
     67            
     68            usiAdresseHorloge = usiAdresse;
   \   000014   8E82         MOV     DPL,R6
   \   000016   8F83         MOV     DPH,R7
   \   000018   A3           INC     DPTR
   \   000019   A3           INC     DPTR
   \   00001A   A3           INC     DPTR
   \   00001B   E5..         MOV     A,?V0 + 0
   \   00001D   F0           MOVX    @DPTR,A
   \   00001E   A3           INC     DPTR
   \   00001F   E5..         MOV     A,?V0 + 1
   \   000021   F0           MOVX    @DPTR,A
     69          
     70          }
   \   000022   EE           MOV     A,R6
   \   000023   FA           MOV     R2,A
   \   000024   EF           MOV     A,R7
   \   000025   FB           MOV     R3,A
   \   000026   7F02         MOV     R7,#0x2
   \   000028   02....       LJMP    ?FUNC_LEAVE_XDATA
     71          
     72          //***********************~CLHorloge1307(void)
     73          //
     74          //Description:Destructeur ne fait rien
     75          //           
     76          //
     77          // Nom:CLPiece :: ~CLHorloge1307(void)
     78          //           
     79          // PARAMETRE D'ENTREE: -
     80          //                  
     81          // 
     82          //
     83          // PARAMETRE DE SORTIE: -             
     84          //
     85          //    
     86          // Membre utilise:  -
     87          //
     88          //
     89          // DATE DE CREATION: 10 octobre 2013    AUTEUR: Gabriel Fortin-B
     90          // DATE DE MODIFICATION:	
     91          //*****************************************************************************

   \                                 In  segment NEAR_CODE, align 1, keep-with-next
     92          CLHorloge1307 :: ~CLHorloge1307(void)
   \                     `?~CLHorloge1307`:
     93          {
   \   000000                ; Saved register size: 0
   \   000000                ; Auto size: 0
     94          
     95          
     96          }
   \   000000                ; Setup parameters for call to function CLI2CPort::~CLI2CPort()
   \   000000   02....       LJMP    `?~CLI2CPort`
     97          
     98          //***********************vReadTime(void)
     99          //
    100          //Description:Cette fonction permet de lire Heure HMS d une horloge 1307
    101          //            
    102          //
    103          // Nom:CLPiece :: vReadTime(void)
    104          //           
    105          // PARAMETRE D'ENTREE:-
    106          //                  
    107          // 
    108          //
    109          // PARAMETRE DE SORTIE: -             
    110          //
    111          //    
    112          // Membre utilise: ucIn()
    113          //                 stHorlogeHMS.ucHeure
    114          //                 stHorlogeHMS.ucMinute
    115          //                 stHorlogeHMS.ucSeconde
    116          //                 usiAdresseHorloge
    117          //
    118          //
    119          // DATE DE CREATION: 10 octobre 2013    AUTEUR: Gabriel Fortin-B
    120          // DATE DE MODIFICATION:	
    121          //*****************************************************************************

   \                                 In  segment NEAR_CODE, align 1, keep-with-next
    122          void CLHorloge1307 :: vReadTime(void)
   \                     ??vReadTime:
    123          {
   \   000000   74F8         MOV     A,#-0x8
   \   000002   12....       LCALL   ?FUNC_ENTER_XDATA
   \   000005                ; Saved register size: 8
   \   000005                ; Auto size: 0
   \   000005   EA           MOV     A,R2
   \   000006   FE           MOV     R6,A
   \   000007   EB           MOV     A,R3
   \   000008   FF           MOV     R7,A
    124            stHorlogeHMS.ucSeconde =  ucI2CLireDonnee(0xD0, 0x00,ADR8BIT);//Lit seconde
   \   000009                ; Setup parameters for call to function CLI2CPort::ucI2CLireDonnee(UC, US, UC)
   \   000009   75..01       MOV     ?V0 + 0,#0x1
   \   00000C   78..         MOV     R0,#?V0 + 0
   \   00000E   12....       LCALL   ?PUSH_XSTACK_I_ONE
   \   000011   7C00         MOV     R4,#0x0
   \   000013   7D00         MOV     R5,#0x0
   \   000015   79D0         MOV     R1,#-0x30
   \   000017   EE           MOV     A,R6
   \   000018   FA           MOV     R2,A
   \   000019   EF           MOV     A,R7
   \   00001A   FB           MOV     R3,A
   \   00001B   12....       LCALL   ??ucI2CLireDonnee
   \   00001E   7401         MOV     A,#0x1
   \   000020   12....       LCALL   ?DEALLOC_XSTACK8
   \   000023   E9           MOV     A,R1
   \   000024   8E82         MOV     DPL,R6
   \   000026   8F83         MOV     DPH,R7
   \   000028   A3           INC     DPTR
   \   000029   A3           INC     DPTR
   \   00002A   F0           MOVX    @DPTR,A
    125                                                                            // dans rtc
    126            stHorlogeHMS.ucMinute  =  ucI2CLireDonnee(0xD0, 0x01,ADR8BIT);// lit minute
   \   00002B                ; Setup parameters for call to function CLI2CPort::ucI2CLireDonnee(UC, US, UC)
   \   00002B   75..01       MOV     ?V0 + 0,#0x1
   \   00002E   78..         MOV     R0,#?V0 + 0
   \   000030   12....       LCALL   ?PUSH_XSTACK_I_ONE
   \   000033   7C01         MOV     R4,#0x1
   \   000035   7D00         MOV     R5,#0x0
   \   000037   79D0         MOV     R1,#-0x30
   \   000039   EE           MOV     A,R6
   \   00003A   FA           MOV     R2,A
   \   00003B   EF           MOV     A,R7
   \   00003C   FB           MOV     R3,A
   \   00003D   12....       LCALL   ??ucI2CLireDonnee
   \   000040   7401         MOV     A,#0x1
   \   000042   12....       LCALL   ?DEALLOC_XSTACK8
   \   000045   E9           MOV     A,R1
   \   000046   8E82         MOV     DPL,R6
   \   000048   8F83         MOV     DPH,R7
   \   00004A   A3           INC     DPTR
   \   00004B   F0           MOVX    @DPTR,A
    127                                                                            //dans rtc
    128            stHorlogeHMS.ucHeure   =  ucI2CLireDonnee(0xD0, 0x02,ADR8BIT);//lit heure
   \   00004C                ; Setup parameters for call to function CLI2CPort::ucI2CLireDonnee(UC, US, UC)
   \   00004C   75..01       MOV     ?V0 + 0,#0x1
   \   00004F   78..         MOV     R0,#?V0 + 0
   \   000051   12....       LCALL   ?PUSH_XSTACK_I_ONE
   \   000054   7C02         MOV     R4,#0x2
   \   000056   7D00         MOV     R5,#0x0
   \   000058   79D0         MOV     R1,#-0x30
   \   00005A   EE           MOV     A,R6
   \   00005B   FA           MOV     R2,A
   \   00005C   EF           MOV     A,R7
   \   00005D   FB           MOV     R3,A
   \   00005E   12....       LCALL   ??ucI2CLireDonnee
   \   000061   7401         MOV     A,#0x1
   \   000063   12....       LCALL   ?DEALLOC_XSTACK8
   \   000066   E9           MOV     A,R1
   \   000067   8E82         MOV     DPL,R6
   \   000069   8F83         MOV     DPH,R7
   \   00006B   F0           MOVX    @DPTR,A
    129                                                                            //dans rtc
    130          
    131          }
   \   00006C   7F01         MOV     R7,#0x1
   \   00006E   02....       LJMP    ?FUNC_LEAVE_XDATA
    132          
    133          //***********************vWriteTime(void)
    134          //
    135          //Description:Cette fonction permet d ecrire l Heure HMS d une horloge 1307
    136          //            
    137          //
    138          // Nom:CLPiece :: vWriteTime(void)
    139          //           
    140          // PARAMETRE D'ENTREE:-
    141          //                  
    142          // 
    143          //
    144          // PARAMETRE DE SORTIE: -             
    145          //
    146          //    
    147          // Membre utilise: ucOut()
    148          //                 stHorlogeHMS.ucHeure
    149          //                 stHorlogeHMS.ucMinute
    150          //                 stHorlogeHMS.ucSeconde
    151          //                 usiAdresseHorloge
    152          //                 
    153          //
    154          //
    155          // DATE DE CREATION: 10 octobre 2013    AUTEUR: Gabriel Fortin-B
    156          // DATE DE MODIFICATION:	
    157          //*****************************************************************************

   \                                 In  segment NEAR_CODE, align 1, keep-with-next
    158          void CLHorloge1307 :: vWriteTime(void)
   \                     ??vWriteTime:
    159          {
   \   000000   74F8         MOV     A,#-0x8
   \   000002   12....       LCALL   ?FUNC_ENTER_XDATA
   \   000005                ; Saved register size: 8
   \   000005                ; Auto size: 0
   \   000005   EA           MOV     A,R2
   \   000006   FE           MOV     R6,A
   \   000007   EB           MOV     A,R3
   \   000008   FF           MOV     R7,A
    160              vI2CEcrireDonnee(0xD0,0x00,ADR8BIT,stHorlogeHMS.ucSeconde);//Ecrit seconde
   \   000009                ; Setup parameters for call to function CLI2CPort::vI2CEcrireDonnee(UC, US, UC, UC)
   \   000009   8E82         MOV     DPL,R6
   \   00000B   8F83         MOV     DPH,R7
   \   00000D   A3           INC     DPTR
   \   00000E   A3           INC     DPTR
   \   00000F   E0           MOVX    A,@DPTR
   \   000010   F5..         MOV     ?V0 + 0,A
   \   000012   78..         MOV     R0,#?V0 + 0
   \   000014   12....       LCALL   ?PUSH_XSTACK_I_ONE
   \   000017   75..01       MOV     ?V0 + 0,#0x1
   \   00001A   78..         MOV     R0,#?V0 + 0
   \   00001C   12....       LCALL   ?PUSH_XSTACK_I_ONE
   \   00001F   7C00         MOV     R4,#0x0
   \   000021   7D00         MOV     R5,#0x0
   \   000023   79D0         MOV     R1,#-0x30
   \   000025   EE           MOV     A,R6
   \   000026   FA           MOV     R2,A
   \   000027   EF           MOV     A,R7
   \   000028   FB           MOV     R3,A
   \   000029   12....       LCALL   ??vI2CEcrireDonnee
   \   00002C   7402         MOV     A,#0x2
   \   00002E   12....       LCALL   ?DEALLOC_XSTACK8
    161                                                                          //dans rtc 
    162              vI2CEcrireDonnee(0xD0,0x01,ADR8BIT,stHorlogeHMS.ucMinute); //Ecrit Minute
   \   000031                ; Setup parameters for call to function CLI2CPort::vI2CEcrireDonnee(UC, US, UC, UC)
   \   000031   8E82         MOV     DPL,R6
   \   000033   8F83         MOV     DPH,R7
   \   000035   A3           INC     DPTR
   \   000036   E0           MOVX    A,@DPTR
   \   000037   F5..         MOV     ?V0 + 0,A
   \   000039   78..         MOV     R0,#?V0 + 0
   \   00003B   12....       LCALL   ?PUSH_XSTACK_I_ONE
   \   00003E   75..01       MOV     ?V0 + 0,#0x1
   \   000041   78..         MOV     R0,#?V0 + 0
   \   000043   12....       LCALL   ?PUSH_XSTACK_I_ONE
   \   000046   7C01         MOV     R4,#0x1
   \   000048   7D00         MOV     R5,#0x0
   \   00004A   79D0         MOV     R1,#-0x30
   \   00004C   EE           MOV     A,R6
   \   00004D   FA           MOV     R2,A
   \   00004E   EF           MOV     A,R7
   \   00004F   FB           MOV     R3,A
   \   000050   12....       LCALL   ??vI2CEcrireDonnee
   \   000053   7402         MOV     A,#0x2
   \   000055   12....       LCALL   ?DEALLOC_XSTACK8
    163                                                                          //dans rtc
    164              vI2CEcrireDonnee(0xD0,0x02,ADR8BIT,stHorlogeHMS.ucHeure);  //Ecrit Heure
   \   000058                ; Setup parameters for call to function CLI2CPort::vI2CEcrireDonnee(UC, US, UC, UC)
   \   000058   8E82         MOV     DPL,R6
   \   00005A   8F83         MOV     DPH,R7
   \   00005C   E0           MOVX    A,@DPTR
   \   00005D   F5..         MOV     ?V0 + 0,A
   \   00005F   78..         MOV     R0,#?V0 + 0
   \   000061   12....       LCALL   ?PUSH_XSTACK_I_ONE
   \   000064   75..01       MOV     ?V0 + 0,#0x1
   \   000067   78..         MOV     R0,#?V0 + 0
   \   000069   12....       LCALL   ?PUSH_XSTACK_I_ONE
   \   00006C   7C02         MOV     R4,#0x2
   \   00006E   7D00         MOV     R5,#0x0
   \   000070   79D0         MOV     R1,#-0x30
   \   000072   EE           MOV     A,R6
   \   000073   FA           MOV     R2,A
   \   000074   EF           MOV     A,R7
   \   000075   FB           MOV     R3,A
   \   000076   12....       LCALL   ??vI2CEcrireDonnee
   \   000079   7402         MOV     A,#0x2
   \   00007B   12....       LCALL   ?DEALLOC_XSTACK8
    165                                                                          //dans rtc
    166          
    167            
    168          }
   \   00007E   7F01         MOV     R7,#0x1
   \   000080   02....       LJMP    ?FUNC_LEAVE_XDATA

   \                                 In  segment NEAR_CODE, align 1, keep-with-next
   \   __near_func __xdata_reentrant CLHorloge1307 &CLHorloge1307::new CLHorloge1307()
   \                     `??new CLHorloge1307`:
   \   000000   C0..         PUSH    ?V0 + 0
   \   000002   C0..         PUSH    ?V0 + 1
   \   000004                ; Saved register size: 2
   \   000004                ; Auto size: 0
   \   000004                ; Setup parameters for call to function operator new(unsigned int)
   \   000004   7A05         MOV     R2,#0x5
   \   000006   7B00         MOV     R3,#0x0
   \   000008   12....       LCALL   `??operator new`
   \   00000B   8A..         MOV     ?V0 + 0,R2
   \   00000D   8B..         MOV     ?V0 + 1,R3
   \   00000F   A8..         MOV     R0,?V0 + 0
   \   000011   A9..         MOV     R1,?V0 + 1
   \   000013   E8           MOV     A,R0
   \   000014   FA           MOV     R2,A
   \   000015   E9           MOV     A,R1
   \   000016   FB           MOV     R3,A
   \   000017   E8           MOV     A,R0
   \   000018   49           ORL     A,R1
   \   000019   600D         JZ      `??new CLHorloge1307_2`
   \   00001B                ; Setup parameters for call to function CLHorloge1307::CLHorloge1307()
   \   00001B   12....       LCALL   ??CLHorloge1307
   \   00001E   8A..         MOV     ?V0 + 0,R2
   \   000020   8B..         MOV     ?V0 + 1,R3
   \   000022   AA..         MOV     R2,?V0 + 0
   \   000024   AB..         MOV     R3,?V0 + 1
   \   000026   8004         SJMP    `??new CLHorloge1307_3`
   \                     `??new CLHorloge1307_2`:
   \   000028   7A00         MOV     R2,#0x0
   \   00002A   7B00         MOV     R3,#0x0
   \                     `??new CLHorloge1307_3`:
   \   00002C   D0..         POP     ?V0 + 1
   \   00002E   D0..         POP     ?V0 + 0
   \   000030   22           RET

   \                                 In  segment NEAR_CODE, align 1, keep-with-next
   \   __near_func __xdata_reentrant CLHorloge1307 &CLHorloge1307::new CLHorloge1307(USI)
   \                     `??new CLHorloge1307_1`:
   \   000000   74F7         MOV     A,#-0x9
   \   000002   12....       LCALL   ?FUNC_ENTER_XDATA
   \   000005                ; Saved register size: 9
   \   000005                ; Auto size: 0
   \   000005   EA           MOV     A,R2
   \   000006   FE           MOV     R6,A
   \   000007   EB           MOV     A,R3
   \   000008   FF           MOV     R7,A
   \   000009                ; Setup parameters for call to function operator new(unsigned int)
   \   000009   7A05         MOV     R2,#0x5
   \   00000B   7B00         MOV     R3,#0x0
   \   00000D   12....       LCALL   `??operator new`
   \   000010   8A..         MOV     ?V0 + 0,R2
   \   000012   8B..         MOV     ?V0 + 1,R3
   \   000014   A8..         MOV     R0,?V0 + 0
   \   000016   A9..         MOV     R1,?V0 + 1
   \   000018   E8           MOV     A,R0
   \   000019   FA           MOV     R2,A
   \   00001A   E9           MOV     A,R1
   \   00001B   FB           MOV     R3,A
   \   00001C   E8           MOV     A,R0
   \   00001D   49           ORL     A,R1
   \   00001E   6011         JZ      `??new CLHorloge1307_4`
   \   000020                ; Setup parameters for call to function CLHorloge1307::CLHorloge1307(USI)
   \   000020   EE           MOV     A,R6
   \   000021   FC           MOV     R4,A
   \   000022   EF           MOV     A,R7
   \   000023   FD           MOV     R5,A
   \   000024   12....       LCALL   ??CLHorloge1307_1
   \   000027   8A..         MOV     ?V0 + 0,R2
   \   000029   8B..         MOV     ?V0 + 1,R3
   \   00002B   AA..         MOV     R2,?V0 + 0
   \   00002D   AB..         MOV     R3,?V0 + 1
   \   00002F   8004         SJMP    `??new CLHorloge1307_5`
   \                     `??new CLHorloge1307_4`:
   \   000031   7A00         MOV     R2,#0x0
   \   000033   7B00         MOV     R3,#0x0
   \                     `??new CLHorloge1307_5`:
   \   000035   7F02         MOV     R7,#0x2
   \   000037   02....       LJMP    ?FUNC_LEAVE_XDATA

   \                                 In  segment NEAR_CODE, align 1, keep-with-next
   \   __near_func __xdata_reentrant void CLHorloge1307::delete ~CLHorloge1307(CLHorloge1307 *)
   \                     `??delete ~CLHorloge1307`:
   \   000000   74F8         MOV     A,#-0x8
   \   000002   12....       LCALL   ?FUNC_ENTER_XDATA
   \   000005                ; Saved register size: 8
   \   000005                ; Auto size: 0
   \   000005   EA           MOV     A,R2
   \   000006   FE           MOV     R6,A
   \   000007   EB           MOV     A,R3
   \   000008   FF           MOV     R7,A
   \   000009   EE           MOV     A,R6
   \   00000A   4F           ORL     A,R7
   \   00000B   600E         JZ      `??delete ~CLHorloge1307_1`
   \   00000D                ; Setup parameters for call to function CLHorloge1307::~CLHorloge1307()
   \   00000D   EE           MOV     A,R6
   \   00000E   FA           MOV     R2,A
   \   00000F   EF           MOV     A,R7
   \   000010   FB           MOV     R3,A
   \   000011   12....       LCALL   `?~CLHorloge1307`
   \   000014                ; Setup parameters for call to function operator delete(void *)
   \   000014   EE           MOV     A,R6
   \   000015   FA           MOV     R2,A
   \   000016   EF           MOV     A,R7
   \   000017   FB           MOV     R3,A
   \   000018   12....       LCALL   `??operator delete`
   \                     `??delete ~CLHorloge1307_1`:
   \   00001B   7F01         MOV     R7,#0x1
   \   00001D   02....       LJMP    ?FUNC_LEAVE_XDATA
    169          
    170          //@@@@@@@@@@@@@@@@@@@@@@@@@@@@@@@@@@@@@@@@@@@@@@@@@@@@@@@@@@@@@@@@@@@@@@@@@@@@@@

   Maximum stack usage in bytes:

   ISTACK PSTACK XSTACK Function
   ------ ------ ------ --------
       0      0      8  CLHorloge1307::CLHorloge1307()
                          0 0  8 -> CLI2CPort::CLI2CPort()
       0      0     18  CLHorloge1307::CLHorloge1307(USI)
                          0 0  9 -> CLI2CPort::CLI2CPort()
       0      0      8  CLHorloge1307::delete ~CLHorloge1307(CLHorloge1307 *)
                          0 0  8 -> CLHorloge1307::~CLHorloge1307()
                          0 0  8 -> operator delete(void *)
       2      0      0  CLHorloge1307::new CLHorloge1307()
                          2 0  0 -> CLHorloge1307::CLHorloge1307()
                          2 0  0 -> operator new(unsigned int)
       0      0      9  CLHorloge1307::new CLHorloge1307(USI)
                          0 0  9 -> CLHorloge1307::CLHorloge1307(USI)
                          0 0  9 -> operator new(unsigned int)
       1      0      9  CLHorloge1307::vReadTime()
                          0 0  9 -> CLI2CPort::ucI2CLireDonnee(UC, US, UC)
       0      0     10  CLHorloge1307::vWriteTime()
                          0 0 10 -> CLI2CPort::vI2CEcrireDonnee(UC, US, UC, UC)
       0      0      8  CLHorloge1307::~CLHorloge1307()
                          0 0  0 -> CLI2CPort::~CLI2CPort()


   Segment part sizes:

   Bytes  Function/Label
   -----  --------------
      39  CLHorloge1307::CLHorloge1307()
      43  CLHorloge1307::CLHorloge1307(USI)
      32  CLHorloge1307::delete ~CLHorloge1307(CLHorloge1307 *)
      49  CLHorloge1307::new CLHorloge1307()
      58  CLHorloge1307::new CLHorloge1307(USI)
     113  CLHorloge1307::vReadTime()
     131  CLHorloge1307::vWriteTime()
       3  CLHorloge1307::~CLHorloge1307()

 
 468 bytes in segment NEAR_CODE
 
 468 bytes of CODE memory

Errors: none
Warnings: none
