;  LST file generated by mikroListExporter - v.2.0 
; Date/Time: 2014-12-05 15:48:53
;----------------------------------------------

;Address Opcode 	ASM
0x0000	0xF003EF57  	GOTO        1710
_interrupt:
;PIC18F258.c,136 :: 		void interrupt (void)
0x0008	0xF015C000  	MOVFF       R0, 21
;PIC18F258.c,138 :: 		INTCON.GIE = 0;   //Disable all interrupts
0x000C	0xF016CFE1  	MOVFF       FSR1L, 22
0x0010	0xF017CFE2  	MOVFF       FSR1H, 23
0x0014	0x9EF2      	BCF         INTCON, 7 
;PIC18F258.c,140 :: 		if (PIR1.RCIF)    //Receive serial flag up?
0x0016	0xAA9E      	BTFSS       PIR1, 5 
0x0018	0xD02B      	BRA         L_interrupt4
;PIC18F258.c,142 :: 		if (ucIndiceTampon >= INDICETAMPON){ucIndiceTampon = 0;}
0x001A	0x0E1A      	MOVLW       26
0x001C	0x5C24      	SUBWF       _ucIndiceTampon, 0 
0x001E	0xB0D8      	BTFSC       STATUS, 0 
0x0020	0x6A24      	CLRF        _ucIndiceTampon 
L_interrupt5:
;PIC18F258.c,144 :: 		ucTabRx232[ucIndiceTampon] = RCREG; //Val recue dans le tab de reception
0x0022	0x0E35      	MOVLW       _ucTabRx232
0x0024	0x6EE1      	MOVWF       FSR1L 
0x0026	0x0E00      	MOVLW       hi_addr(_ucTabRx232)
0x0028	0x6EE2      	MOVWF       FSR1H 
0x002A	0x5024      	MOVF        _ucIndiceTampon, 0 
0x002C	0x26E1      	ADDWF       FSR1L, 1 
0x002E	0xB0D8      	BTFSC       STATUS, 0 
0x0030	0x2AE2      	INCF        FSR1H, 1 
0x0032	0xFFE6CFAE  	MOVFF       RCREG, POSTINC1
;PIC18F258.c,145 :: 		ucIndiceTampon++;                   //increm indice reception
0x0036	0x5024      	MOVF        _ucIndiceTampon, 0 
0x0038	0x0F01      	ADDLW       1
0x003A	0x6E00      	MOVWF       R0 
0x003C	0xF024C000  	MOVFF       R0, _ucIndiceTampon
;PIC18F258.c,147 :: 		if (ucNbCaract < LONGUEURTRAME - 1) //Si nb caractere < long trame?
0x0040	0x0E19      	MOVLW       25
0x0042	0x5C23      	SUBWF       _ucNbCaract, 0 
0x0044	0xE208      	BC          L_interrupt6
;PIC18F258.c,149 :: 		ucNbCaract++;                    //increm nb caract recu
0x0046	0x5023      	MOVF        _ucNbCaract, 0 
0x0048	0x0F01      	ADDLW       1
0x004A	0x6E00      	MOVWF       R0 
0x004C	0xF023C000  	MOVFF       R0, _ucNbCaract
;PIC18F258.c,150 :: 		ucTrame = INCOMPLETE;            //Trame incomplete
0x0050	0x0E01      	MOVLW       1
0x0052	0x6E22      	MOVWF       _ucTrame 
;PIC18F258.c,151 :: 		}
0x0054	0xD003      	BRA         L_interrupt7
L_interrupt6:
;PIC18F258.c,154 :: 		ucIndiceTampon = 0;              //INdice tampon a 0
0x0056	0x6A24      	CLRF        _ucIndiceTampon 
;PIC18F258.c,155 :: 		ucNbCaract = 0;                  //nb caract a 0
0x0058	0x6A23      	CLRF        _ucNbCaract 
;PIC18F258.c,156 :: 		ucTrame = COMPLETE;              //wouhou! trame complete
0x005A	0x6A22      	CLRF        _ucTrame 
;PIC18F258.c,157 :: 		}
L_interrupt7:
;PIC18F258.c,159 :: 		if(ucNbCaract > 13)
0x005C	0x5023      	MOVF        _ucNbCaract, 0 
0x005E	0x080D      	SUBLW       13
0x0060	0xE207      	BC          L_interrupt8
;PIC18F258.c,161 :: 		if(ucTabRx232[13] != '.')
0x0062	0x5042      	MOVF        _ucTabRx232+13, 0 
0x0064	0x0A2E      	XORLW       46
0x0066	0xE004      	BZ          L_interrupt9
;PIC18F258.c,163 :: 		ucIndiceTampon = 0;
0x0068	0x6A24      	CLRF        _ucIndiceTampon 
;PIC18F258.c,164 :: 		ucNbCaract     = 0;
0x006A	0x6A23      	CLRF        _ucNbCaract 
;PIC18F258.c,165 :: 		ucTrame        = INCOMPLETE;
0x006C	0x0E01      	MOVLW       1
0x006E	0x6E22      	MOVWF       _ucTrame 
;PIC18F258.c,166 :: 		}
L_interrupt9:
;PIC18F258.c,167 :: 		}
L_interrupt8:
;PIC18F258.c,168 :: 		}
L_interrupt4:
;PIC18F258.c,169 :: 		INTCON.GIE = 1;               //Re-Active interruption generale
0x0070	0x8EF2      	BSF         INTCON, 7 
;PIC18F258.c,170 :: 		PIR1.RCIF  = 0;                //Baisse flag pour permettre seconde interrupt
0x0072	0x9A9E      	BCF         PIR1, 5 
;PIC18F258.c,171 :: 		}
L_end_interrupt:
L__interrupt18:
0x0074	0xF000C015  	MOVFF       21, R0
0x0078	0xFFE1C016  	MOVFF       22, FSR1L
0x007C	0xFFE2C017  	MOVFF       23, FSR1H
0x0080	0x0011      	RETFIE      1
; end of _interrupt
_vI2CCheck:
;I2CPIC18F258.c,91 :: 		void vI2CCheck (void)
;I2CPIC18F258.c,93 :: 		while (SSPCON2.ACKEN)  ;  // ACKEN not cleared, wait
L_vI2CCheck0:
0x0082	0xA8C5      	BTFSS       SSPCON2, 4 
0x0084	0xD001      	BRA         L_vI2CCheck1
0x0086	0xD7FD      	BRA         L_vI2CCheck0
L_vI2CCheck1:
;I2CPIC18F258.c,94 :: 		while (SSPCON2.RCEN)   ;  // RCEN not cleared, wait
L_vI2CCheck2:
0x0088	0xA6C5      	BTFSS       SSPCON2, 3 
0x008A	0xD001      	BRA         L_vI2CCheck3
0x008C	0xD7FD      	BRA         L_vI2CCheck2
L_vI2CCheck3:
;I2CPIC18F258.c,95 :: 		while (SSPCON2.PEN)    ;  // STOP not cleared, wait
L_vI2CCheck4:
0x008E	0xA4C5      	BTFSS       SSPCON2, 2 
0x0090	0xD001      	BRA         L_vI2CCheck5
0x0092	0xD7FD      	BRA         L_vI2CCheck4
L_vI2CCheck5:
;I2CPIC18F258.c,96 :: 		while (SSPCON2.SEN)    ;  // Start not cleared, wait
L_vI2CCheck6:
0x0094	0xA0C5      	BTFSS       SSPCON2, 0 
0x0096	0xD001      	BRA         L_vI2CCheck7
0x0098	0xD7FD      	BRA         L_vI2CCheck6
L_vI2CCheck7:
;I2CPIC18F258.c,97 :: 		while (SSPCON2.RSEN)   ;  // Rep start not cleared, wait
L_vI2CCheck8:
0x009A	0xA2C5      	BTFSS       SSPCON2, 1 
0x009C	0xD001      	BRA         L_vI2CCheck9
0x009E	0xD7FD      	BRA         L_vI2CCheck8
L_vI2CCheck9:
;I2CPIC18F258.c,98 :: 		while (SSPSTAT.R_NOT_W);  // TX not done wait
L_vI2CCheck10:
0x00A0	0xA4C7      	BTFSS       SSPSTAT, 2 
0x00A2	0xD001      	BRA         L_vI2CCheck11
0x00A4	0xD7FD      	BRA         L_vI2CCheck10
L_vI2CCheck11:
;I2CPIC18F258.c,99 :: 		}
L_end_vI2CCheck:
0x00A6	0x0012      	RETURN      0
; end of _vI2CCheck
_ucReadACK:
;I2CPIC18F258.c,175 :: 		UC ucReadACK (void)
;I2CPIC18F258.c,177 :: 		return(SSPCON2.ACKSTAT); //Return ACK value sent by slave device
0x00A8	0x0E00      	MOVLW       0
0x00AA	0xBCC5      	BTFSC       SSPCON2, 6 
0x00AC	0x0E01      	MOVLW       1
0x00AE	0x6E00      	MOVWF       R0 
;I2CPIC18F258.c,178 :: 		}
L_end_ucReadACK:
0x00B0	0x0012      	RETURN      0
; end of _ucReadACK
__Lib_CAN_C_A_CANIDToRegs:
;__Lib_CAN_C_A.c,191 :: 		
;__Lib_CAN_C_A.c,193 :: 		
0x00B2	0xF003C063  	MOVFF       FARG___Lib_CAN_C_A_CANIDToRegs_val, R3
;__Lib_CAN_C_A.c,194 :: 		
0x00B6	0xF004C064  	MOVFF       FARG___Lib_CAN_C_A_CANIDToRegs_val+1, R4
;__Lib_CAN_C_A.c,195 :: 		
0x00BA	0xF005C065  	MOVFF       FARG___Lib_CAN_C_A_CANIDToRegs_val+2, R5
;__Lib_CAN_C_A.c,196 :: 		
0x00BE	0xF006C066  	MOVFF       FARG___Lib_CAN_C_A_CANIDToRegs_val+3, R6
;__Lib_CAN_C_A.c,198 :: 		
0x00C2	0x0100      	MOVLB       0
0x00C4	0xA767      	BTFSS       FARG___Lib_CAN_C_A_CANIDToRegs_CAN_CONFIG_FLAGS, 3, 1
0x00C6	0xD02C      	BRA         L___Lib_CAN_C_A_CANIDToRegs0
;__Lib_CAN_C_A.c,200 :: 		
0x00C8	0xF002C003  	MOVFF       R3, R2
0x00CC	0x3202      	RRCF        R2, 1 
0x00CE	0x9E02      	BCF         R2, 7 
0x00D0	0x3202      	RRCF        R2, 1 
0x00D2	0x9E02      	BCF         R2, 7 
0x00D4	0x3202      	RRCF        R2, 1 
0x00D6	0x9E02      	BCF         R2, 7 
0x00D8	0x0E05      	MOVLW       5
0x00DA	0x6E01      	MOVWF       R1 
0x00DC	0xF000C004  	MOVFF       R4, R0
0x00E0	0x5001      	MOVF        R1, 0 
L___Lib_CAN_C_A_CANIDToRegs55:
0x00E2	0xE004      	BZ          L___Lib_CAN_C_A_CANIDToRegs56
0x00E4	0x3600      	RLCF        R0, 1 
0x00E6	0x9000      	BCF         R0, 0 
0x00E8	0x0FFF      	ADDLW       255
0x00EA	0xD7FB      	BRA         L___Lib_CAN_C_A_CANIDToRegs55
L___Lib_CAN_C_A_CANIDToRegs56:
0x00EC	0xFFE1C061  	MOVFF       FARG___Lib_CAN_C_A_CANIDToRegs_ptr, FSR1L
0x00F0	0xFFE2C062  	MOVFF       FARG___Lib_CAN_C_A_CANIDToRegs_ptr+1, FSR1H
0x00F4	0x5000      	MOVF        R0, 0 
0x00F6	0x1002      	IORWF       R2, 0 
0x00F8	0x6EE6      	MOVWF       POSTINC1 
;__Lib_CAN_C_A.c,202 :: 		
0x00FA	0x4B61      	INFSNZ      FARG___Lib_CAN_C_A_CANIDToRegs_ptr, 1, 1
0x00FC	0x2B62      	INCF        FARG___Lib_CAN_C_A_CANIDToRegs_ptr+1, 1, 1
;__Lib_CAN_C_A.c,203 :: 		
0x00FE	0x0E05      	MOVLW       5
0x0100	0x6E01      	MOVWF       R1 
0x0102	0xF000C003  	MOVFF       R3, R0
0x0106	0x5001      	MOVF        R1, 0 
L___Lib_CAN_C_A_CANIDToRegs57:
0x0108	0xE004      	BZ          L___Lib_CAN_C_A_CANIDToRegs58
0x010A	0x3600      	RLCF        R0, 1 
0x010C	0x9000      	BCF         R0, 0 
0x010E	0x0FFF      	ADDLW       255
0x0110	0xD7FB      	BRA         L___Lib_CAN_C_A_CANIDToRegs57
L___Lib_CAN_C_A_CANIDToRegs58:
0x0112	0xFFE1C061  	MOVFF       FARG___Lib_CAN_C_A_CANIDToRegs_ptr, FSR1L
0x0116	0xFFE2C062  	MOVFF       FARG___Lib_CAN_C_A_CANIDToRegs_ptr+1, FSR1H
0x011A	0xFFE6C000  	MOVFF       R0, POSTINC1
;__Lib_CAN_C_A.c,204 :: 		
0x011E	0xD042      	BRA         L___Lib_CAN_C_A_CANIDToRegs1
L___Lib_CAN_C_A_CANIDToRegs0:
;__Lib_CAN_C_A.c,207 :: 		
0x0120	0x0E05      	MOVLW       5
0x0122	0x6E00      	MOVWF       R0 
0x0124	0xF002C005  	MOVFF       R5, R2
0x0128	0x5000      	MOVF        R0, 0 
L___Lib_CAN_C_A_CANIDToRegs59:
0x012A	0xE004      	BZ          L___Lib_CAN_C_A_CANIDToRegs60
0x012C	0x3202      	RRCF        R2, 1 
0x012E	0x9E02      	BCF         R2, 7 
0x0130	0x0FFF      	ADDLW       255
0x0132	0xD7FB      	BRA         L___Lib_CAN_C_A_CANIDToRegs59
L___Lib_CAN_C_A_CANIDToRegs60:
0x0134	0xF000C006  	MOVFF       R6, R0
0x0138	0x3600      	RLCF        R0, 1 
0x013A	0x9000      	BCF         R0, 0 
0x013C	0x3600      	RLCF        R0, 1 
0x013E	0x9000      	BCF         R0, 0 
0x0140	0x3600      	RLCF        R0, 1 
0x0142	0x9000      	BCF         R0, 0 
0x0144	0xFFE1C061  	MOVFF       FARG___Lib_CAN_C_A_CANIDToRegs_ptr, FSR1L
0x0148	0xFFE2C062  	MOVFF       FARG___Lib_CAN_C_A_CANIDToRegs_ptr+1, FSR1H
0x014C	0x5000      	MOVF        R0, 0 
0x014E	0x1002      	IORWF       R2, 0 
0x0150	0x6EE6      	MOVWF       POSTINC1 
;__Lib_CAN_C_A.c,209 :: 		
0x0152	0x4B61      	INFSNZ      FARG___Lib_CAN_C_A_CANIDToRegs_ptr, 1, 1
0x0154	0x2B62      	INCF        FARG___Lib_CAN_C_A_CANIDToRegs_ptr+1, 1, 1
;__Lib_CAN_C_A.c,210 :: 		
0x0156	0xF000C005  	MOVFF       R5, R0
0x015A	0x3600      	RLCF        R0, 1 
0x015C	0x9000      	BCF         R0, 0 
0x015E	0x3600      	RLCF        R0, 1 
0x0160	0x9000      	BCF         R0, 0 
0x0162	0x3600      	RLCF        R0, 1 
0x0164	0x9000      	BCF         R0, 0 
0x0166	0x0EE0      	MOVLW       224
0x0168	0x1600      	ANDWF       R0, 1 
0x016A	0x0E08      	MOVLW       8
0x016C	0x1000      	IORWF       R0, 0 
0x016E	0x6E01      	MOVWF       R1 
0x0170	0x0E03      	MOVLW       3
0x0172	0x1405      	ANDWF       R5, 0 
0x0174	0x6E00      	MOVWF       R0 
0x0176	0xFFE1C061  	MOVFF       FARG___Lib_CAN_C_A_CANIDToRegs_ptr, FSR1L
0x017A	0xFFE2C062  	MOVFF       FARG___Lib_CAN_C_A_CANIDToRegs_ptr+1, FSR1H
0x017E	0x5000      	MOVF        R0, 0 
0x0180	0x1001      	IORWF       R1, 0 
0x0182	0x6EE6      	MOVWF       POSTINC1 
;__Lib_CAN_C_A.c,214 :: 		
0x0184	0x4B61      	INFSNZ      FARG___Lib_CAN_C_A_CANIDToRegs_ptr, 1, 1
0x0186	0x2B62      	INCF        FARG___Lib_CAN_C_A_CANIDToRegs_ptr+1, 1, 1
;__Lib_CAN_C_A.c,216 :: 		
0x0188	0xFFE1C061  	MOVFF       FARG___Lib_CAN_C_A_CANIDToRegs_ptr, FSR1L
0x018C	0xFFE2C062  	MOVFF       FARG___Lib_CAN_C_A_CANIDToRegs_ptr+1, FSR1H
0x0190	0xFFE6C004  	MOVFF       R4, POSTINC1
;__Lib_CAN_C_A.c,217 :: 		
0x0194	0x4B61      	INFSNZ      FARG___Lib_CAN_C_A_CANIDToRegs_ptr, 1, 1
0x0196	0x2B62      	INCF        FARG___Lib_CAN_C_A_CANIDToRegs_ptr+1, 1, 1
;__Lib_CAN_C_A.c,219 :: 		
0x0198	0xFFE1C061  	MOVFF       FARG___Lib_CAN_C_A_CANIDToRegs_ptr, FSR1L
0x019C	0xFFE2C062  	MOVFF       FARG___Lib_CAN_C_A_CANIDToRegs_ptr+1, FSR1H
0x01A0	0xFFE6C003  	MOVFF       R3, POSTINC1
;__Lib_CAN_C_A.c,220 :: 		
L___Lib_CAN_C_A_CANIDToRegs1:
;__Lib_CAN_C_A.c,221 :: 		
L_end_CANIDToRegs:
0x01A4	0x0012      	RETURN      0
; end of __Lib_CAN_C_A_CANIDToRegs
_vSendACK:
;I2CPIC18F258.c,194 :: 		void vSendACK (UC ucAck)
;I2CPIC18F258.c,196 :: 		vI2CCheck();             //Check I2C bus IDLE
0x01A6	0xDF6D      	RCALL       _vI2CCheck
;I2CPIC18F258.c,197 :: 		SSPCON2.ACKDT = ucAck;   //ACK value into ACKDT (ACK data)
0x01A8	0x0100      	MOVLB       0
0x01AA	0xB160      	BTFSC       FARG_vSendACK_ucAck, 0, 1
0x01AC	0xD002      	BRA         L__vSendACK33
0x01AE	0x9AC5      	BCF         SSPCON2, 5 
0x01B0	0xD001      	BRA         L__vSendACK34
L__vSendACK33:
0x01B2	0x8AC5      	BSF         SSPCON2, 5 
L__vSendACK34:
;I2CPIC18F258.c,198 :: 		SSPCON2.ACKEN = 1;       //Start ACK/NACK write sequence
0x01B4	0x88C5      	BSF         SSPCON2, 4 
;I2CPIC18F258.c,199 :: 		}
L_end_vSendACK:
0x01B6	0x0012      	RETURN      0
; end of _vSendACK
_vI2CStop:
;I2CPIC18F258.c,135 :: 		void vI2CStop (void)
;I2CPIC18F258.c,137 :: 		vI2CCheck();          //Check bus is clear
0x01B8	0xDF64      	RCALL       _vI2CCheck
;I2CPIC18F258.c,138 :: 		SSPCON2.PEN = 1;      //Stop condition
0x01BA	0x84C5      	BSF         SSPCON2, 2 
;I2CPIC18F258.c,139 :: 		}
L_end_vI2CStop:
0x01BC	0x0012      	RETURN      0
; end of _vI2CStop
_CANSetBaudRate:
;__Lib_CAN_C_A.c,334 :: 		
;__Lib_CAN_C_A.c,337 :: 		
0x01BE	0x065A      	DECF        FARG_CANSetBaudRate_SJW, 1 
;__Lib_CAN_C_A.c,338 :: 		
0x01C0	0x065B      	DECF        FARG_CANSetBaudRate_BRP, 1 
;__Lib_CAN_C_A.c,339 :: 		
0x01C2	0x065C      	DECF        FARG_CANSetBaudRate_PHSEG1, 1 
;__Lib_CAN_C_A.c,340 :: 		
0x01C4	0x065D      	DECF        FARG_CANSetBaudRate_PHSEG2, 1 
;__Lib_CAN_C_A.c,341 :: 		
0x01C6	0x065E      	DECF        FARG_CANSetBaudRate_PROPSEG, 1 
;__Lib_CAN_C_A.c,343 :: 		
0x01C8	0x0E06      	MOVLW       6
0x01CA	0x6E00      	MOVWF       R0 
0x01CC	0xFF70C05A  	MOVFF       FARG_CANSetBaudRate_SJW, BRGCON1
0x01D0	0x5000      	MOVF        R0, 0 
L__CANSetBaudRate64:
0x01D2	0xE004      	BZ          L__CANSetBaudRate65
0x01D4	0x3670      	RLCF        BRGCON1, 1 
0x01D6	0x9070      	BCF         BRGCON1, 0 
0x01D8	0x0FFF      	ADDLW       255
0x01DA	0xD7FB      	BRA         L__CANSetBaudRate64
L__CANSetBaudRate65:
;__Lib_CAN_C_A.c,344 :: 		
0x01DC	0x505B      	MOVF        FARG_CANSetBaudRate_BRP, 0 
0x01DE	0x1270      	IORWF       BRGCON1, 1 
;__Lib_CAN_C_A.c,345 :: 		
0x01E0	0xFF71C05C  	MOVFF       FARG_CANSetBaudRate_PHSEG1, BRGCON2
0x01E4	0x3671      	RLCF        BRGCON2, 1 
0x01E6	0x9071      	BCF         BRGCON2, 0 
0x01E8	0x3671      	RLCF        BRGCON2, 1 
0x01EA	0x9071      	BCF         BRGCON2, 0 
0x01EC	0x3671      	RLCF        BRGCON2, 1 
0x01EE	0x9071      	BCF         BRGCON2, 0 
;__Lib_CAN_C_A.c,346 :: 		
0x01F0	0x505E      	MOVF        FARG_CANSetBaudRate_PROPSEG, 0 
0x01F2	0x1271      	IORWF       BRGCON2, 1 
;__Lib_CAN_C_A.c,348 :: 		
0x01F4	0xA45F      	BTFSS       FARG_CANSetBaudRate_CAN_CONFIG_FLAGS, 2 
;__Lib_CAN_C_A.c,349 :: 		
0x01F6	0x8C71      	BSF         BRGCON2, 6 
L_CANSetBaudRate6:
;__Lib_CAN_C_A.c,351 :: 		
0x01F8	0xB05F      	BTFSC       FARG_CANSetBaudRate_CAN_CONFIG_FLAGS, 0 
;__Lib_CAN_C_A.c,352 :: 		
0x01FA	0x8E71      	BSF         BRGCON2, 7 
L_CANSetBaudRate7:
;__Lib_CAN_C_A.c,355 :: 		
0x01FC	0xFF72C05D  	MOVFF       FARG_CANSetBaudRate_PHSEG2, BRGCON3
;__Lib_CAN_C_A.c,356 :: 		
0x0200	0xB25F      	BTFSC       FARG_CANSetBaudRate_CAN_CONFIG_FLAGS, 1 
;__Lib_CAN_C_A.c,357 :: 		
0x0202	0x8C72      	BSF         BRGCON3, 6 
L_CANSetBaudRate8:
;__Lib_CAN_C_A.c,358 :: 		
L_end_CANSetBaudRate:
0x0204	0x0012      	RETURN      0
; end of _CANSetBaudRate
_CANSetOperationMode:
;__Lib_CAN_C_A.c,243 :: 		
;__Lib_CAN_C_A.c,244 :: 		
0x0206	0x525B      	MOVF        FARG_CANSetOperationMode_WAIT, 1 
0x0208	0xE00A      	BZ          L_CANSetOperationMode2
;__Lib_CAN_C_A.c,246 :: 		
0x020A	0xFF6FC05A  	MOVFF       FARG_CANSetOperationMode_mode, CANCON
;__Lib_CAN_C_A.c,248 :: 		
L_CANSetOperationMode3:
0x020E	0x0EE0      	MOVLW       224
0x0210	0x146E      	ANDWF       CANSTAT, 0 
0x0212	0x6E01      	MOVWF       R1 
0x0214	0x5001      	MOVF        R1, 0 
0x0216	0x185A      	XORWF       FARG_CANSetOperationMode_mode, 0 
0x0218	0xE001      	BZ          L_CANSetOperationMode4
0x021A	0xD7F9      	BRA         L_CANSetOperationMode3
L_CANSetOperationMode4:
;__Lib_CAN_C_A.c,249 :: 		
0x021C	0xD002      	BRA         L_CANSetOperationMode5
L_CANSetOperationMode2:
;__Lib_CAN_C_A.c,252 :: 		
0x021E	0xFF6FC05A  	MOVFF       FARG_CANSetOperationMode_mode, CANCON
;__Lib_CAN_C_A.c,253 :: 		
L_CANSetOperationMode5:
;__Lib_CAN_C_A.c,254 :: 		
L_end_CANSetOperationMode:
0x0222	0x0012      	RETURN      0
; end of _CANSetOperationMode
_CANSetMask:
;__Lib_CAN_C_A.c,379 :: 		
;__Lib_CAN_C_A.c,381 :: 		
0x0224	0x505A      	MOVF        FARG_CANSetMask_CAN_MASK, 0 
0x0226	0x0A00      	XORLW       0
0x0228	0xE111      	BNZ         L_CANSetMask9
;__Lib_CAN_C_A.c,382 :: 		
0x022A	0x0E18      	MOVLW       RXM0SIDH
0x022C	0x0100      	MOVLB       0
0x022E	0x6F61      	MOVWF       FARG___Lib_CAN_C_A_CANIDToRegs_ptr, 1
0x0230	0x0E0F      	MOVLW       hi_addr(RXM0SIDH)
0x0232	0x6F62      	MOVWF       FARG___Lib_CAN_C_A_CANIDToRegs_ptr+1, 1
0x0234	0xF063C05B  	MOVFF       FARG_CANSetMask_val, FARG___Lib_CAN_C_A_CANIDToRegs_val
0x0238	0xF064C05C  	MOVFF       FARG_CANSetMask_val+1, FARG___Lib_CAN_C_A_CANIDToRegs_val+1
0x023C	0xF065C05D  	MOVFF       FARG_CANSetMask_val+2, FARG___Lib_CAN_C_A_CANIDToRegs_val+2
0x0240	0xF066C05E  	MOVFF       FARG_CANSetMask_val+3, FARG___Lib_CAN_C_A_CANIDToRegs_val+3
0x0244	0xF067C05F  	MOVFF       FARG_CANSetMask_CAN_CONFIG_FLAGS, FARG___Lib_CAN_C_A_CANIDToRegs_CAN_CONFIG_FLAGS
0x0248	0xDF34      	RCALL       __Lib_CAN_C_A_CANIDToRegs
0x024A	0xD010      	BRA         L_CANSetMask10
L_CANSetMask9:
0x024C	0x0100      	MOVLB       0
;__Lib_CAN_C_A.c,385 :: 		
0x024E	0x0E1C      	MOVLW       RXM1SIDH
0x0250	0x6F61      	MOVWF       FARG___Lib_CAN_C_A_CANIDToRegs_ptr, 1
0x0252	0x0E0F      	MOVLW       hi_addr(RXM1SIDH)
0x0254	0x6F62      	MOVWF       FARG___Lib_CAN_C_A_CANIDToRegs_ptr+1, 1
0x0256	0xF063C05B  	MOVFF       FARG_CANSetMask_val, FARG___Lib_CAN_C_A_CANIDToRegs_val
0x025A	0xF064C05C  	MOVFF       FARG_CANSetMask_val+1, FARG___Lib_CAN_C_A_CANIDToRegs_val+1
0x025E	0xF065C05D  	MOVFF       FARG_CANSetMask_val+2, FARG___Lib_CAN_C_A_CANIDToRegs_val+2
0x0262	0xF066C05E  	MOVFF       FARG_CANSetMask_val+3, FARG___Lib_CAN_C_A_CANIDToRegs_val+3
0x0266	0xF067C05F  	MOVFF       FARG_CANSetMask_CAN_CONFIG_FLAGS, FARG___Lib_CAN_C_A_CANIDToRegs_CAN_CONFIG_FLAGS
0x026A	0xDF23      	RCALL       __Lib_CAN_C_A_CANIDToRegs
L_CANSetMask10:
;__Lib_CAN_C_A.c,387 :: 		
L_end_CANSetMask:
0x026C	0x0012      	RETURN      0
; end of _CANSetMask
_ucI2CLireOctet:
;I2CPIC18F258.c,246 :: 		UC ucI2CLireOctet (UC ucAck)
;I2CPIC18F258.c,248 :: 		vI2CCheck();                   //Check I2C bus Idle
0x026E	0xDF09      	RCALL       _vI2CCheck
;I2CPIC18F258.c,249 :: 		SSPCON2.RCEN = 1;              //Enable receiver
0x0270	0x86C5      	BSF         SSPCON2, 3 
;I2CPIC18F258.c,250 :: 		while    (SSPCON2.RCEN != 0);  //Creates I2C Read sequence
L_ucI2CLireOctet20:
0x0272	0xA6C5      	BTFSS       SSPCON2, 3 
0x0274	0xD001      	BRA         L_ucI2CLireOctet21
0x0276	0xD7FD      	BRA         L_ucI2CLireOctet20
L_ucI2CLireOctet21:
;I2CPIC18F258.c,251 :: 		vSendACK (ucAck);              //Send the ack/Nack value
0x0278	0xF060C05A  	MOVFF       FARG_ucI2CLireOctet_ucAck, FARG_vSendACK_ucAck
0x027C	0xDF94      	RCALL       _vSendACK
;I2CPIC18F258.c,252 :: 		return   (SSPBUF);             //return I2C buffer data
0x027E	0xF000CFC9  	MOVFF       SSPBUF, R0
;I2CPIC18F258.c,253 :: 		}
L_end_ucI2CLireOctet:
0x0282	0x0012      	RETURN      0
; end of _ucI2CLireOctet
_vI2CReStart:
;I2CPIC18F258.c,155 :: 		void vI2CReStart (void)
;I2CPIC18F258.c,157 :: 		vI2CCheck();          //Check bus is clear
0x0284	0xDEFE      	RCALL       _vI2CCheck
;I2CPIC18F258.c,158 :: 		SSPCON2.RSEN = 1;     //Repeated start condition
0x0286	0x82C5      	BSF         SSPCON2, 1 
;I2CPIC18F258.c,159 :: 		}
L_end_vI2CReStart:
0x0288	0x0012      	RETURN      0
; end of _vI2CReStart
_CANSetFilter:
;__Lib_CAN_C_A.c,409 :: 		
;__Lib_CAN_C_A.c,411 :: 		
0x028A	0xD066      	BRA         L_CANSetFilter11
;__Lib_CAN_C_A.c,412 :: 		
L_CANSetFilter13:
;__Lib_CAN_C_A.c,413 :: 		
0x028C	0x0E00      	MOVLW       RXF0SIDH
0x028E	0x0100      	MOVLB       0
0x0290	0x6F61      	MOVWF       FARG___Lib_CAN_C_A_CANIDToRegs_ptr, 1
0x0292	0x0E0F      	MOVLW       hi_addr(RXF0SIDH)
0x0294	0x6F62      	MOVWF       FARG___Lib_CAN_C_A_CANIDToRegs_ptr+1, 1
0x0296	0xF063C05B  	MOVFF       FARG_CANSetFilter_val, FARG___Lib_CAN_C_A_CANIDToRegs_val
0x029A	0xF064C05C  	MOVFF       FARG_CANSetFilter_val+1, FARG___Lib_CAN_C_A_CANIDToRegs_val+1
0x029E	0xF065C05D  	MOVFF       FARG_CANSetFilter_val+2, FARG___Lib_CAN_C_A_CANIDToRegs_val+2
0x02A2	0xF066C05E  	MOVFF       FARG_CANSetFilter_val+3, FARG___Lib_CAN_C_A_CANIDToRegs_val+3
0x02A6	0xF067C05F  	MOVFF       FARG_CANSetFilter_CAN_CONFIG_FLAGS, FARG___Lib_CAN_C_A_CANIDToRegs_CAN_CONFIG_FLAGS
0x02AA	0xDF03      	RCALL       __Lib_CAN_C_A_CANIDToRegs
;__Lib_CAN_C_A.c,414 :: 		
0x02AC	0xD065      	BRA         L_CANSetFilter12
;__Lib_CAN_C_A.c,415 :: 		
L_CANSetFilter14:
0x02AE	0x0100      	MOVLB       0
;__Lib_CAN_C_A.c,416 :: 		
0x02B0	0x0E04      	MOVLW       RXF1SIDH
0x02B2	0x6F61      	MOVWF       FARG___Lib_CAN_C_A_CANIDToRegs_ptr, 1
0x02B4	0x0E0F      	MOVLW       hi_addr(RXF1SIDH)
0x02B6	0x6F62      	MOVWF       FARG___Lib_CAN_C_A_CANIDToRegs_ptr+1, 1
0x02B8	0xF063C05B  	MOVFF       FARG_CANSetFilter_val, FARG___Lib_CAN_C_A_CANIDToRegs_val
0x02BC	0xF064C05C  	MOVFF       FARG_CANSetFilter_val+1, FARG___Lib_CAN_C_A_CANIDToRegs_val+1
0x02C0	0xF065C05D  	MOVFF       FARG_CANSetFilter_val+2, FARG___Lib_CAN_C_A_CANIDToRegs_val+2
0x02C4	0xF066C05E  	MOVFF       FARG_CANSetFilter_val+3, FARG___Lib_CAN_C_A_CANIDToRegs_val+3
0x02C8	0xF067C05F  	MOVFF       FARG_CANSetFilter_CAN_CONFIG_FLAGS, FARG___Lib_CAN_C_A_CANIDToRegs_CAN_CONFIG_FLAGS
0x02CC	0xDEF2      	RCALL       __Lib_CAN_C_A_CANIDToRegs
;__Lib_CAN_C_A.c,417 :: 		
0x02CE	0xD054      	BRA         L_CANSetFilter12
;__Lib_CAN_C_A.c,418 :: 		
L_CANSetFilter15:
0x02D0	0x0100      	MOVLB       0
;__Lib_CAN_C_A.c,419 :: 		
0x02D2	0x0E08      	MOVLW       RXF2SIDH
0x02D4	0x6F61      	MOVWF       FARG___Lib_CAN_C_A_CANIDToRegs_ptr, 1
0x02D6	0x0E0F      	MOVLW       hi_addr(RXF2SIDH)
0x02D8	0x6F62      	MOVWF       FARG___Lib_CAN_C_A_CANIDToRegs_ptr+1, 1
0x02DA	0xF063C05B  	MOVFF       FARG_CANSetFilter_val, FARG___Lib_CAN_C_A_CANIDToRegs_val
0x02DE	0xF064C05C  	MOVFF       FARG_CANSetFilter_val+1, FARG___Lib_CAN_C_A_CANIDToRegs_val+1
0x02E2	0xF065C05D  	MOVFF       FARG_CANSetFilter_val+2, FARG___Lib_CAN_C_A_CANIDToRegs_val+2
0x02E6	0xF066C05E  	MOVFF       FARG_CANSetFilter_val+3, FARG___Lib_CAN_C_A_CANIDToRegs_val+3
0x02EA	0xF067C05F  	MOVFF       FARG_CANSetFilter_CAN_CONFIG_FLAGS, FARG___Lib_CAN_C_A_CANIDToRegs_CAN_CONFIG_FLAGS
0x02EE	0xDEE1      	RCALL       __Lib_CAN_C_A_CANIDToRegs
;__Lib_CAN_C_A.c,420 :: 		
0x02F0	0xD043      	BRA         L_CANSetFilter12
;__Lib_CAN_C_A.c,421 :: 		
L_CANSetFilter16:
0x02F2	0x0100      	MOVLB       0
;__Lib_CAN_C_A.c,422 :: 		
0x02F4	0x0E0C      	MOVLW       RXF3SIDH
0x02F6	0x6F61      	MOVWF       FARG___Lib_CAN_C_A_CANIDToRegs_ptr, 1
0x02F8	0x0E0F      	MOVLW       hi_addr(RXF3SIDH)
0x02FA	0x6F62      	MOVWF       FARG___Lib_CAN_C_A_CANIDToRegs_ptr+1, 1
0x02FC	0xF063C05B  	MOVFF       FARG_CANSetFilter_val, FARG___Lib_CAN_C_A_CANIDToRegs_val
0x0300	0xF064C05C  	MOVFF       FARG_CANSetFilter_val+1, FARG___Lib_CAN_C_A_CANIDToRegs_val+1
0x0304	0xF065C05D  	MOVFF       FARG_CANSetFilter_val+2, FARG___Lib_CAN_C_A_CANIDToRegs_val+2
0x0308	0xF066C05E  	MOVFF       FARG_CANSetFilter_val+3, FARG___Lib_CAN_C_A_CANIDToRegs_val+3
0x030C	0xF067C05F  	MOVFF       FARG_CANSetFilter_CAN_CONFIG_FLAGS, FARG___Lib_CAN_C_A_CANIDToRegs_CAN_CONFIG_FLAGS
0x0310	0xDED0      	RCALL       __Lib_CAN_C_A_CANIDToRegs
;__Lib_CAN_C_A.c,423 :: 		
0x0312	0xD032      	BRA         L_CANSetFilter12
;__Lib_CAN_C_A.c,424 :: 		
L_CANSetFilter17:
0x0314	0x0100      	MOVLB       0
;__Lib_CAN_C_A.c,425 :: 		
0x0316	0x0E10      	MOVLW       RXF4SIDH
0x0318	0x6F61      	MOVWF       FARG___Lib_CAN_C_A_CANIDToRegs_ptr, 1
0x031A	0x0E0F      	MOVLW       hi_addr(RXF4SIDH)
0x031C	0x6F62      	MOVWF       FARG___Lib_CAN_C_A_CANIDToRegs_ptr+1, 1
0x031E	0xF063C05B  	MOVFF       FARG_CANSetFilter_val, FARG___Lib_CAN_C_A_CANIDToRegs_val
0x0322	0xF064C05C  	MOVFF       FARG_CANSetFilter_val+1, FARG___Lib_CAN_C_A_CANIDToRegs_val+1
0x0326	0xF065C05D  	MOVFF       FARG_CANSetFilter_val+2, FARG___Lib_CAN_C_A_CANIDToRegs_val+2
0x032A	0xF066C05E  	MOVFF       FARG_CANSetFilter_val+3, FARG___Lib_CAN_C_A_CANIDToRegs_val+3
0x032E	0xF067C05F  	MOVFF       FARG_CANSetFilter_CAN_CONFIG_FLAGS, FARG___Lib_CAN_C_A_CANIDToRegs_CAN_CONFIG_FLAGS
0x0332	0xDEBF      	RCALL       __Lib_CAN_C_A_CANIDToRegs
;__Lib_CAN_C_A.c,426 :: 		
0x0334	0xD021      	BRA         L_CANSetFilter12
;__Lib_CAN_C_A.c,427 :: 		
L_CANSetFilter18:
0x0336	0x0100      	MOVLB       0
;__Lib_CAN_C_A.c,428 :: 		
0x0338	0x0E14      	MOVLW       RXF5SIDH
0x033A	0x6F61      	MOVWF       FARG___Lib_CAN_C_A_CANIDToRegs_ptr, 1
0x033C	0x0E0F      	MOVLW       hi_addr(RXF5SIDH)
0x033E	0x6F62      	MOVWF       FARG___Lib_CAN_C_A_CANIDToRegs_ptr+1, 1
0x0340	0xF063C05B  	MOVFF       FARG_CANSetFilter_val, FARG___Lib_CAN_C_A_CANIDToRegs_val
0x0344	0xF064C05C  	MOVFF       FARG_CANSetFilter_val+1, FARG___Lib_CAN_C_A_CANIDToRegs_val+1
0x0348	0xF065C05D  	MOVFF       FARG_CANSetFilter_val+2, FARG___Lib_CAN_C_A_CANIDToRegs_val+2
0x034C	0xF066C05E  	MOVFF       FARG_CANSetFilter_val+3, FARG___Lib_CAN_C_A_CANIDToRegs_val+3
0x0350	0xF067C05F  	MOVFF       FARG_CANSetFilter_CAN_CONFIG_FLAGS, FARG___Lib_CAN_C_A_CANIDToRegs_CAN_CONFIG_FLAGS
0x0354	0xDEAE      	RCALL       __Lib_CAN_C_A_CANIDToRegs
;__Lib_CAN_C_A.c,429 :: 		
0x0356	0xD010      	BRA         L_CANSetFilter12
L_CANSetFilter11:
0x0358	0x505A      	MOVF        FARG_CANSetFilter_CAN_FILTER, 0 
0x035A	0x0A00      	XORLW       0
0x035C	0xE097      	BZ          L_CANSetFilter13
0x035E	0x505A      	MOVF        FARG_CANSetFilter_CAN_FILTER, 0 
0x0360	0x0A01      	XORLW       1
0x0362	0xE0A5      	BZ          L_CANSetFilter14
0x0364	0x505A      	MOVF        FARG_CANSetFilter_CAN_FILTER, 0 
0x0366	0x0A02      	XORLW       2
0x0368	0xE0B3      	BZ          L_CANSetFilter15
0x036A	0x505A      	MOVF        FARG_CANSetFilter_CAN_FILTER, 0 
0x036C	0x0A03      	XORLW       3
0x036E	0xE0C1      	BZ          L_CANSetFilter16
0x0370	0x505A      	MOVF        FARG_CANSetFilter_CAN_FILTER, 0 
0x0372	0x0A04      	XORLW       4
0x0374	0xE0CF      	BZ          L_CANSetFilter17
0x0376	0xD7DF      	BRA         L_CANSetFilter18
L_CANSetFilter12:
;__Lib_CAN_C_A.c,433 :: 		
L_end_CANSetFilter:
0x0378	0x0012      	RETURN      0
; end of _CANSetFilter
_vI2CEcrireOctet:
;I2CPIC18F258.c,216 :: 		void vI2CEcrireOctet (UC ucData, UC ucRW)
;I2CPIC18F258.c,218 :: 		vI2CCheck();                //Check I2C bus IDLE
0x037A	0xDE83      	RCALL       _vI2CCheck
;I2CPIC18F258.c,219 :: 		switch (ucRW)               //Switch, READ or WRITE?
0x037C	0xD007      	BRA         L_vI2CEcrireOctet12
;I2CPIC18F258.c,221 :: 		case READ:               //Case read
L_vI2CEcrireOctet14:
;I2CPIC18F258.c,222 :: 		SSPBUF = ucData + 1;   //Add 1 to Adress, data into I2C buffer
0x037E	0x505A      	MOVF        FARG_vI2CEcrireOctet_ucData, 0 
0x0380	0x0F01      	ADDLW       1
0x0382	0x6EC9      	MOVWF       SSPBUF 
;I2CPIC18F258.c,223 :: 		break;
0x0384	0xD009      	BRA         L_vI2CEcrireOctet13
;I2CPIC18F258.c,225 :: 		case WRITE:              //Case Write
L_vI2CEcrireOctet15:
;I2CPIC18F258.c,226 :: 		SSPBUF = ucData + 0;   //Data into I2C buffer
0x0386	0xFFC9C05A  	MOVFF       FARG_vI2CEcrireOctet_ucData, SSPBUF
;I2CPIC18F258.c,227 :: 		break;
0x038A	0xD006      	BRA         L_vI2CEcrireOctet13
;I2CPIC18F258.c,228 :: 		}
L_vI2CEcrireOctet12:
0x038C	0x505B      	MOVF        FARG_vI2CEcrireOctet_ucRW, 0 
0x038E	0x0A00      	XORLW       0
0x0390	0xE0F6      	BZ          L_vI2CEcrireOctet14
0x0392	0x505B      	MOVF        FARG_vI2CEcrireOctet_ucRW, 0 
0x0394	0x0A01      	XORLW       1
0x0396	0xE0F7      	BZ          L_vI2CEcrireOctet15
L_vI2CEcrireOctet13:
;I2CPIC18F258.c,229 :: 		while (SSPSTAT.BF  != 0);   //Wait for buffer to be empty
L_vI2CEcrireOctet16:
0x0398	0xA0C7      	BTFSS       SSPSTAT, 0 
0x039A	0xD001      	BRA         L_vI2CEcrireOctet17
0x039C	0xD7FD      	BRA         L_vI2CEcrireOctet16
L_vI2CEcrireOctet17:
;I2CPIC18F258.c,230 :: 		while (ucReadACK() != 0);   //Wait for slave ACK
L_vI2CEcrireOctet18:
0x039E	0xDE84      	RCALL       _ucReadACK
0x03A0	0x5000      	MOVF        R0, 0 
0x03A2	0x0A00      	XORLW       0
0x03A4	0xE001      	BZ          L_vI2CEcrireOctet19
0x03A6	0xD7FB      	BRA         L_vI2CEcrireOctet18
L_vI2CEcrireOctet19:
;I2CPIC18F258.c,231 :: 		}
L_end_vI2CEcrireOctet:
0x03A8	0x0012      	RETURN      0
; end of _vI2CEcrireOctet
_vI2CStart:
;I2CPIC18F258.c,115 :: 		void vI2CStart (void)
;I2CPIC18F258.c,117 :: 		vI2CCheck();          //Check bus is clear
0x03AA	0xDE6B      	RCALL       _vI2CCheck
;I2CPIC18F258.c,118 :: 		SSPCON2.SEN = 1;      //Start condition
0x03AC	0x80C5      	BSF         SSPCON2, 0 
;I2CPIC18F258.c,119 :: 		}
L_end_vI2CStart:
0x03AE	0x0012      	RETURN      0
; end of _vI2CStart
_vInitI2CMaster:
;I2CPIC18F258.c,40 :: 		void vInitI2CMaster (void)
;I2CPIC18F258.c,42 :: 		TRISC4_bit  = 1;           // SDA IN
0x03B0	0x8894      	BSF         TRISC4_bit, BitPos(TRISC4_bit+0) 
;I2CPIC18F258.c,43 :: 		TRISC3_bit  = 0;           // SCL OUT
0x03B2	0x9694      	BCF         TRISC3_bit, BitPos(TRISC3_bit+0) 
;I2CPIC18F258.c,44 :: 		SSPSTAT.SMP = 1;           // No slew rate
0x03B4	0x8EC7      	BSF         SSPSTAT, 7 
;I2CPIC18F258.c,45 :: 		SSPSTAT.CKE = 0;           // Disable SMBus inputs
0x03B6	0x9CC7      	BCF         SSPSTAT, 6 
;I2CPIC18F258.c,46 :: 		SSPADD      = 0x09;        // 100 KHz
0x03B8	0x0E09      	MOVLW       9
0x03BA	0x6EC8      	MOVWF       SSPADD 
;I2CPIC18F258.c,47 :: 		SSPCON1     = 0b00101000;  // I2C Master mode
0x03BC	0x0E28      	MOVLW       40
0x03BE	0x6EC6      	MOVWF       SSPCON1 
;I2CPIC18F258.c,48 :: 		SSPCON2     = 0b00000000;  // Reset ALL
0x03C0	0x6AC5      	CLRF        SSPCON2 
;I2CPIC18F258.c,50 :: 		}
L_end_vInitI2CMaster:
0x03C2	0x0012      	RETURN      0
; end of _vInitI2CMaster
_vInitRS232:
;PIC18F258.c,62 :: 		void vInitRS232 (void)
;PIC18F258.c,64 :: 		PIE1  = 0x20;         // Receive enable
0x03C4	0x0E20      	MOVLW       32
0x03C6	0x6E9D      	MOVWF       PIE1 
;PIC18F258.c,65 :: 		SPBRG = 0x19;         // 9600BDs
0x03C8	0x0E19      	MOVLW       25
0x03CA	0x6EAF      	MOVWF       SPBRG 
;PIC18F258.c,66 :: 		RCSTA = 0x90;         // Set le registre de reception serie
0x03CC	0x0E90      	MOVLW       144
0x03CE	0x6EAB      	MOVWF       RCSTA 
;PIC18F258.c,67 :: 		TXSTA = 0x24;         // Set le registre de transmission serie, BRGH 1 HSPEED
0x03D0	0x0E24      	MOVLW       36
0x03D2	0x6EAC      	MOVWF       TXSTA 
;PIC18F258.c,68 :: 		}
L_end_vInitRS232:
0x03D4	0x0012      	RETURN      0
; end of _vInitRS232
_vInitPic:
;PIC18F258.c,37 :: 		void vInitPic (void)
;PIC18F258.c,39 :: 		INTCON      = 0xC0;       //ENABLE GLOBAL INTERRUPT, ENABLE PERIPHERAL INTERRUPT
0x03D6	0x0EC0      	MOVLW       192
0x03D8	0x6EF2      	MOVWF       INTCON 
;PIC18F258.c,40 :: 		OSCCON      = 0b00000000; //4MHZINTRC
0x03DA	0x6AD3      	CLRF        OSCCON 
;PIC18F258.c,41 :: 		ADCON0.ADON = 0;          //DEACTIVATE analog PIC18F258
0x03DC	0x90C2      	BCF         ADCON0, 0 
;PIC18F258.c,42 :: 		TRISC       = 0b10000000; //RX IN, TX OUT
0x03DE	0x0E80      	MOVLW       128
0x03E0	0x6E94      	MOVWF       TRISC 
;PIC18F258.c,43 :: 		TRISB       = 0b00001000; //CAN TX/RX set up
0x03E2	0x0E08      	MOVLW       8
0x03E4	0x6E93      	MOVWF       TRISB 
;PIC18F258.c,44 :: 		}
L_end_vInitPic:
0x03E6	0x0012      	RETURN      0
; end of _vInitPic
___CC2DW:
;__Lib_System.c,21 :: 		
;__Lib_System.c,23 :: 		
_CC2DL_Loop1:
;__Lib_System.c,24 :: 		
0x03E8	0x0009      	TBLRD*+
;__Lib_System.c,25 :: 		
0x03EA	0xFFE6CFF5  	MOVFF       TABLAT, POSTINC1
;__Lib_System.c,26 :: 		
0x03EE	0x0600      	DECF        R0, 1, 0
;__Lib_System.c,27 :: 		
0x03F0	0xE1FB      	BNZ         _CC2DL_Loop1
;__Lib_System.c,28 :: 		
0x03F2	0x0601      	DECF        R1, 1, 0
;__Lib_System.c,29 :: 		
0x03F4	0xE1F9      	BNZ         _CC2DL_Loop1
;__Lib_System.c,31 :: 		
L_end___CC2DW:
0x03F6	0x0012      	RETURN      0
; end of ___CC2DW
_CANWrite:
;__Lib_CAN_C_A.c,532 :: 		
;__Lib_CAN_C_A.c,538 :: 		
0x03F8	0x010F      	MOVLB       15
0x03FA	0xB740      	BTFSC       TXB0CON, 3, 1
0x03FC	0xD004      	BRA         L_CANWrite21
;__Lib_CAN_C_A.c,540 :: 		
0x03FE	0x0EF1      	MOVLW       241
0x0400	0x166F      	ANDWF       CANCON, 1 
;__Lib_CAN_C_A.c,541 :: 		
0x0402	0x866F      	BSF         CANCON, 3 
;__Lib_CAN_C_A.c,542 :: 		
0x0404	0xD00F      	BRA         L_CANWrite22
L_CANWrite21:
;__Lib_CAN_C_A.c,544 :: 		
0x0406	0xB730      	BTFSC       TXB1CON, 3, 1
0x0408	0xD005      	BRA         L_CANWrite23
;__Lib_CAN_C_A.c,546 :: 		
0x040A	0x0EF1      	MOVLW       241
0x040C	0x166F      	ANDWF       CANCON, 1 
;__Lib_CAN_C_A.c,547 :: 		
0x040E	0x0E06      	MOVLW       6
0x0410	0x126F      	IORWF       CANCON, 1 
;__Lib_CAN_C_A.c,548 :: 		
0x0412	0xD008      	BRA         L_CANWrite24
L_CANWrite23:
;__Lib_CAN_C_A.c,550 :: 		
0x0414	0xB720      	BTFSC       TXB2CON, 3, 1
0x0416	0xD004      	BRA         L_CANWrite25
;__Lib_CAN_C_A.c,552 :: 		
0x0418	0x0EF1      	MOVLW       241
0x041A	0x166F      	ANDWF       CANCON, 1 
;__Lib_CAN_C_A.c,553 :: 		
0x041C	0x846F      	BSF         CANCON, 2 
;__Lib_CAN_C_A.c,554 :: 		
0x041E	0xD002      	BRA         L_CANWrite26
L_CANWrite25:
;__Lib_CAN_C_A.c,559 :: 		
0x0420	0x6A00      	CLRF        R0 
0x0422	0xD047      	BRA         L_end_CANWrite
;__Lib_CAN_C_A.c,560 :: 		
L_CANWrite26:
;__Lib_CAN_C_A.c,561 :: 		
L_CANWrite24:
;__Lib_CAN_C_A.c,562 :: 		
L_CANWrite22:
;__Lib_CAN_C_A.c,569 :: 		
0x0424	0x0E03      	MOVLW       3
0x0426	0x1456      	ANDWF       FARG_CANWrite_CAN_TX_MSG_FLAGS, 0 
0x0428	0x6E60      	MOVWF       RXB0CON 
;__Lib_CAN_C_A.c,573 :: 		
0x042A	0xB656      	BTFSC       FARG_CANWrite_CAN_TX_MSG_FLAGS, 3 
0x042C	0xD011      	BRA         L_CANWrite27
;__Lib_CAN_C_A.c,574 :: 		
0x042E	0x0E61      	MOVLW       RXB0SIDH
0x0430	0x0100      	MOVLB       0
0x0432	0x6F61      	MOVWF       FARG___Lib_CAN_C_A_CANIDToRegs_ptr, 1
0x0434	0x0E0F      	MOVLW       hi_addr(RXB0SIDH)
0x0436	0x6F62      	MOVWF       FARG___Lib_CAN_C_A_CANIDToRegs_ptr+1, 1
0x0438	0xF063C04F  	MOVFF       FARG_CANWrite_id, FARG___Lib_CAN_C_A_CANIDToRegs_val
0x043C	0xF064C050  	MOVFF       FARG_CANWrite_id+1, FARG___Lib_CAN_C_A_CANIDToRegs_val+1
0x0440	0xF065C051  	MOVFF       FARG_CANWrite_id+2, FARG___Lib_CAN_C_A_CANIDToRegs_val+2
0x0444	0xF066C052  	MOVFF       FARG_CANWrite_id+3, FARG___Lib_CAN_C_A_CANIDToRegs_val+3
0x0448	0x0EF7      	MOVLW       247
0x044A	0x6F67      	MOVWF       FARG___Lib_CAN_C_A_CANIDToRegs_CAN_CONFIG_FLAGS, 1
0x044C	0xDE32      	RCALL       __Lib_CAN_C_A_CANIDToRegs
0x044E	0xD010      	BRA         L_CANWrite28
L_CANWrite27:
0x0450	0x0100      	MOVLB       0
;__Lib_CAN_C_A.c,576 :: 		
0x0452	0x0E61      	MOVLW       RXB0SIDH
0x0454	0x6F61      	MOVWF       FARG___Lib_CAN_C_A_CANIDToRegs_ptr, 1
0x0456	0x0E0F      	MOVLW       hi_addr(RXB0SIDH)
0x0458	0x6F62      	MOVWF       FARG___Lib_CAN_C_A_CANIDToRegs_ptr+1, 1
0x045A	0xF063C04F  	MOVFF       FARG_CANWrite_id, FARG___Lib_CAN_C_A_CANIDToRegs_val
0x045E	0xF064C050  	MOVFF       FARG_CANWrite_id+1, FARG___Lib_CAN_C_A_CANIDToRegs_val+1
0x0462	0xF065C051  	MOVFF       FARG_CANWrite_id+2, FARG___Lib_CAN_C_A_CANIDToRegs_val+2
0x0466	0xF066C052  	MOVFF       FARG_CANWrite_id+3, FARG___Lib_CAN_C_A_CANIDToRegs_val+3
0x046A	0x0EFF      	MOVLW       255
0x046C	0x6F67      	MOVWF       FARG___Lib_CAN_C_A_CANIDToRegs_CAN_CONFIG_FLAGS, 1
0x046E	0xDE21      	RCALL       __Lib_CAN_C_A_CANIDToRegs
L_CANWrite28:
;__Lib_CAN_C_A.c,578 :: 		
0x0470	0xFF65C055  	MOVFF       FARG_CANWrite_DataLen, RXB0DLC
;__Lib_CAN_C_A.c,580 :: 		
0x0474	0xAC56      	BTFSS       FARG_CANWrite_CAN_TX_MSG_FLAGS, 6 
;__Lib_CAN_C_A.c,581 :: 		
0x0476	0x8C65      	BSF         RXB0DLC, 6 
L_CANWrite29:
;__Lib_CAN_C_A.c,585 :: 		
0x0478	0x0E66      	MOVLW       RXB0D0
0x047A	0x6E58      	MOVWF       CANWrite_ptr_L0 
0x047C	0x0E0F      	MOVLW       hi_addr(RXB0D0)
0x047E	0x6E59      	MOVWF       CANWrite_ptr_L0+1 
;__Lib_CAN_C_A.c,586 :: 		
0x0480	0x6A57      	CLRF        CANWrite_i_L0 
;__Lib_CAN_C_A.c,587 :: 		
L_CANWrite30:
0x0482	0x5055      	MOVF        FARG_CANWrite_DataLen, 0 
0x0484	0x5C57      	SUBWF       CANWrite_i_L0, 0 
0x0486	0xE210      	BC          L_CANWrite31
;__Lib_CAN_C_A.c,588 :: 		
0x0488	0x5057      	MOVF        CANWrite_i_L0, 0 
0x048A	0x2458      	ADDWF       CANWrite_ptr_L0, 0 
0x048C	0x6EE1      	MOVWF       FSR1L 
0x048E	0x0E00      	MOVLW       0
0x0490	0x2059      	ADDWFC      CANWrite_ptr_L0+1, 0 
0x0492	0x6EE2      	MOVWF       FSR1H 
0x0494	0x5057      	MOVF        CANWrite_i_L0, 0 
0x0496	0x2453      	ADDWF       FARG_CANWrite_data_, 0 
0x0498	0x6EE9      	MOVWF       FSR0L 
0x049A	0x0E00      	MOVLW       0
0x049C	0x2054      	ADDWFC      FARG_CANWrite_data_+1, 0 
0x049E	0x6EEA      	MOVWF       FSR0H 
0x04A0	0xFFE6CFEE  	MOVFF       POSTINC0, POSTINC1
;__Lib_CAN_C_A.c,589 :: 		
0x04A4	0x2A57      	INCF        CANWrite_i_L0, 1 
;__Lib_CAN_C_A.c,590 :: 		
0x04A6	0xD7ED      	BRA         L_CANWrite30
L_CANWrite31:
;__Lib_CAN_C_A.c,600 :: 		
0x04A8	0x8660      	BSF         RXB0CON, 3 
;__Lib_CAN_C_A.c,606 :: 		
0x04AA	0x0EF1      	MOVLW       241
0x04AC	0x166F      	ANDWF       CANCON, 1 
;__Lib_CAN_C_A.c,608 :: 		
0x04AE	0x0EFF      	MOVLW       255
0x04B0	0x6E00      	MOVWF       R0 
;__Lib_CAN_C_A.c,609 :: 		
L_end_CANWrite:
0x04B2	0x0012      	RETURN      0
; end of _CANWrite
_vI2CLireDS1307:
;I2CPIC18F258.c,388 :: 		void vI2CLireDS1307 (UC ucADR)
;I2CPIC18F258.c,392 :: 		vI2CStart();
0x04B4	0xDF7A      	RCALL       _vI2CStart
;I2CPIC18F258.c,393 :: 		vI2CEcrireOctet(ucADR, WRITE); // Envoie l'adresse du DS1307
0x04B6	0xF05AC04F  	MOVFF       FARG_vI2CLireDS1307_ucADR, FARG_vI2CEcrireOctet_ucData
0x04BA	0x0E01      	MOVLW       1
0x04BC	0x6E5B      	MOVWF       FARG_vI2CEcrireOctet_ucRW 
0x04BE	0xDF5D      	RCALL       _vI2CEcrireOctet
;I2CPIC18F258.c,394 :: 		vI2CEcrireOctet(HEURE, WRITE); // Envoie le registre des heures
0x04C0	0x0E02      	MOVLW       2
0x04C2	0x6E5A      	MOVWF       FARG_vI2CEcrireOctet_ucData 
0x04C4	0x0E01      	MOVLW       1
0x04C6	0x6E5B      	MOVWF       FARG_vI2CEcrireOctet_ucRW 
0x04C8	0xDF58      	RCALL       _vI2CEcrireOctet
;I2CPIC18F258.c,395 :: 		vI2CReStart();
0x04CA	0xDEDC      	RCALL       _vI2CReStart
;I2CPIC18F258.c,396 :: 		vI2CEcrireOctet(ucADR, READ);  // Prépare une lecture des heures
0x04CC	0xF05AC04F  	MOVFF       FARG_vI2CLireDS1307_ucADR, FARG_vI2CEcrireOctet_ucData
0x04D0	0x6A5B      	CLRF        FARG_vI2CEcrireOctet_ucRW 
0x04D2	0xDF53      	RCALL       _vI2CEcrireOctet
;I2CPIC18F258.c,397 :: 		ucTABHMS[0] = ucI2CLireOctet(NACK); // Lit les heures
0x04D4	0x0E01      	MOVLW       1
0x04D6	0x6E5A      	MOVWF       FARG_ucI2CLireOctet_ucAck 
0x04D8	0xDECA      	RCALL       _ucI2CLireOctet
0x04DA	0xF02DC000  	MOVFF       R0, _ucTABHMS
;I2CPIC18F258.c,398 :: 		vI2CStop();
0x04DE	0xDE6C      	RCALL       _vI2CStop
;I2CPIC18F258.c,400 :: 		vI2CStart();
0x04E0	0xDF64      	RCALL       _vI2CStart
;I2CPIC18F258.c,401 :: 		vI2CEcrireOctet(ucADR,  WRITE);  // Envoie l'adresse du DS1307
0x04E2	0xF05AC04F  	MOVFF       FARG_vI2CLireDS1307_ucADR, FARG_vI2CEcrireOctet_ucData
0x04E6	0x0E01      	MOVLW       1
0x04E8	0x6E5B      	MOVWF       FARG_vI2CEcrireOctet_ucRW 
0x04EA	0xDF47      	RCALL       _vI2CEcrireOctet
;I2CPIC18F258.c,402 :: 		vI2CEcrireOctet(MINUTE, WRITE);  // Envoie le registre des secondes
0x04EC	0x0E01      	MOVLW       1
0x04EE	0x6E5A      	MOVWF       FARG_vI2CEcrireOctet_ucData 
0x04F0	0x0E01      	MOVLW       1
0x04F2	0x6E5B      	MOVWF       FARG_vI2CEcrireOctet_ucRW 
0x04F4	0xDF42      	RCALL       _vI2CEcrireOctet
;I2CPIC18F258.c,403 :: 		vI2CReStart();
0x04F6	0xDEC6      	RCALL       _vI2CReStart
;I2CPIC18F258.c,404 :: 		vI2CEcrireOctet(ucADR, READ);   // Prépare une lecture des minutes
0x04F8	0xF05AC04F  	MOVFF       FARG_vI2CLireDS1307_ucADR, FARG_vI2CEcrireOctet_ucData
0x04FC	0x6A5B      	CLRF        FARG_vI2CEcrireOctet_ucRW 
0x04FE	0xDF3D      	RCALL       _vI2CEcrireOctet
;I2CPIC18F258.c,405 :: 		ucTABHMS[1] = ucI2CLireOctet(NACK); // Lit les minutes
0x0500	0x0E01      	MOVLW       1
0x0502	0x6E5A      	MOVWF       FARG_ucI2CLireOctet_ucAck 
0x0504	0xDEB4      	RCALL       _ucI2CLireOctet
0x0506	0xF02EC000  	MOVFF       R0, _ucTABHMS+1
;I2CPIC18F258.c,406 :: 		vI2CStop();
0x050A	0xDE56      	RCALL       _vI2CStop
;I2CPIC18F258.c,408 :: 		vI2CStart();
0x050C	0xDF4E      	RCALL       _vI2CStart
;I2CPIC18F258.c,409 :: 		vI2CEcrireOctet(ucADR,   WRITE);  // Envoie l'adresse du DS1307
0x050E	0xF05AC04F  	MOVFF       FARG_vI2CLireDS1307_ucADR, FARG_vI2CEcrireOctet_ucData
0x0512	0x0E01      	MOVLW       1
0x0514	0x6E5B      	MOVWF       FARG_vI2CEcrireOctet_ucRW 
0x0516	0xDF31      	RCALL       _vI2CEcrireOctet
;I2CPIC18F258.c,410 :: 		vI2CEcrireOctet(SECONDE, WRITE);  // Envoie le registre des minutes
0x0518	0x6A5A      	CLRF        FARG_vI2CEcrireOctet_ucData 
0x051A	0x0E01      	MOVLW       1
0x051C	0x6E5B      	MOVWF       FARG_vI2CEcrireOctet_ucRW 
0x051E	0xDF2D      	RCALL       _vI2CEcrireOctet
;I2CPIC18F258.c,411 :: 		vI2CReStart();
0x0520	0xDEB1      	RCALL       _vI2CReStart
;I2CPIC18F258.c,412 :: 		vI2CEcrireOctet(ucADR, READ);     // Prépare une lecture des secondes
0x0522	0xF05AC04F  	MOVFF       FARG_vI2CLireDS1307_ucADR, FARG_vI2CEcrireOctet_ucData
0x0526	0x6A5B      	CLRF        FARG_vI2CEcrireOctet_ucRW 
0x0528	0xDF28      	RCALL       _vI2CEcrireOctet
;I2CPIC18F258.c,413 :: 		ucTABHMS[2] = ucI2CLireOctet(NACK); // Lit les secondes
0x052A	0x0E01      	MOVLW       1
0x052C	0x6E5A      	MOVWF       FARG_ucI2CLireOctet_ucAck 
0x052E	0xDE9F      	RCALL       _ucI2CLireOctet
0x0530	0xF02FC000  	MOVFF       R0, _ucTABHMS+2
;I2CPIC18F258.c,414 :: 		vI2CStop();
0x0534	0xDE41      	RCALL       _vI2CStop
;I2CPIC18F258.c,415 :: 		}
L_end_vI2CLireDS1307:
0x0536	0x0012      	RETURN      0
; end of _vI2CLireDS1307
_vI2CEcrireDS1307:
;I2CPIC18F258.c,367 :: 		void vI2CEcrireDS1307 (UC ucADR, UC ucH, UC ucM, UC ucS)
;I2CPIC18F258.c,369 :: 		vI2CStart();
0x0538	0xDF38      	RCALL       _vI2CStart
;I2CPIC18F258.c,370 :: 		vI2CEcrireOctet(ucADR, WRITE);
0x053A	0xF05AC04F  	MOVFF       FARG_vI2CEcrireDS1307_ucADR, FARG_vI2CEcrireOctet_ucData
0x053E	0x0E01      	MOVLW       1
0x0540	0x6E5B      	MOVWF       FARG_vI2CEcrireOctet_ucRW 
0x0542	0xDF1B      	RCALL       _vI2CEcrireOctet
;I2CPIC18F258.c,371 :: 		vI2CEcrireOctet(HEURE, WRITE);
0x0544	0x0E02      	MOVLW       2
0x0546	0x6E5A      	MOVWF       FARG_vI2CEcrireOctet_ucData 
0x0548	0x0E01      	MOVLW       1
0x054A	0x6E5B      	MOVWF       FARG_vI2CEcrireOctet_ucRW 
0x054C	0xDF16      	RCALL       _vI2CEcrireOctet
;I2CPIC18F258.c,372 :: 		vI2CEcrireOctet(ucH,   WRITE);
0x054E	0xF05AC050  	MOVFF       FARG_vI2CEcrireDS1307_ucH, FARG_vI2CEcrireOctet_ucData
0x0552	0x0E01      	MOVLW       1
0x0554	0x6E5B      	MOVWF       FARG_vI2CEcrireOctet_ucRW 
0x0556	0xDF11      	RCALL       _vI2CEcrireOctet
;I2CPIC18F258.c,373 :: 		vI2CStop ();
0x0558	0xDE2F      	RCALL       _vI2CStop
;I2CPIC18F258.c,375 :: 		vI2CStart();
0x055A	0xDF27      	RCALL       _vI2CStart
;I2CPIC18F258.c,376 :: 		vI2CEcrireOctet(ucADR,  WRITE);
0x055C	0xF05AC04F  	MOVFF       FARG_vI2CEcrireDS1307_ucADR, FARG_vI2CEcrireOctet_ucData
0x0560	0x0E01      	MOVLW       1
0x0562	0x6E5B      	MOVWF       FARG_vI2CEcrireOctet_ucRW 
0x0564	0xDF0A      	RCALL       _vI2CEcrireOctet
;I2CPIC18F258.c,377 :: 		vI2CEcrireOctet(MINUTE, WRITE);
0x0566	0x0E01      	MOVLW       1
0x0568	0x6E5A      	MOVWF       FARG_vI2CEcrireOctet_ucData 
0x056A	0x0E01      	MOVLW       1
0x056C	0x6E5B      	MOVWF       FARG_vI2CEcrireOctet_ucRW 
0x056E	0xDF05      	RCALL       _vI2CEcrireOctet
;I2CPIC18F258.c,378 :: 		vI2CEcrireOctet(ucM,    WRITE);
0x0570	0xF05AC051  	MOVFF       FARG_vI2CEcrireDS1307_ucM, FARG_vI2CEcrireOctet_ucData
0x0574	0x0E01      	MOVLW       1
0x0576	0x6E5B      	MOVWF       FARG_vI2CEcrireOctet_ucRW 
0x0578	0xDF00      	RCALL       _vI2CEcrireOctet
;I2CPIC18F258.c,379 :: 		vI2CStop ();
0x057A	0xDE1E      	RCALL       _vI2CStop
;I2CPIC18F258.c,381 :: 		vI2CStart();
0x057C	0xDF16      	RCALL       _vI2CStart
;I2CPIC18F258.c,382 :: 		vI2CEcrireOctet(ucADR,   WRITE);
0x057E	0xF05AC04F  	MOVFF       FARG_vI2CEcrireDS1307_ucADR, FARG_vI2CEcrireOctet_ucData
0x0582	0x0E01      	MOVLW       1
0x0584	0x6E5B      	MOVWF       FARG_vI2CEcrireOctet_ucRW 
0x0586	0xDEF9      	RCALL       _vI2CEcrireOctet
;I2CPIC18F258.c,383 :: 		vI2CEcrireOctet(SECONDE, WRITE);
0x0588	0x6A5A      	CLRF        FARG_vI2CEcrireOctet_ucData 
0x058A	0x0E01      	MOVLW       1
0x058C	0x6E5B      	MOVWF       FARG_vI2CEcrireOctet_ucRW 
0x058E	0xDEF5      	RCALL       _vI2CEcrireOctet
;I2CPIC18F258.c,384 :: 		vI2CEcrireOctet(ucS,     WRITE);
0x0590	0xF05AC052  	MOVFF       FARG_vI2CEcrireDS1307_ucS, FARG_vI2CEcrireOctet_ucData
0x0594	0x0E01      	MOVLW       1
0x0596	0x6E5B      	MOVWF       FARG_vI2CEcrireOctet_ucRW 
0x0598	0xDEF0      	RCALL       _vI2CEcrireOctet
;I2CPIC18F258.c,385 :: 		vI2CStop ();
0x059A	0xDE0E      	RCALL       _vI2CStop
;I2CPIC18F258.c,386 :: 		}
L_end_vI2CEcrireDS1307:
0x059C	0x0012      	RETURN      0
; end of _vI2CEcrireDS1307
_CANInitialize:
;__Lib_CAN_C_A.c,769 :: 		
;__Lib_CAN_C_A.c,774 :: 		
0x059E	0x9493      	BCF         TRISB, 2 
;__Lib_CAN_C_A.c,775 :: 		
0x05A0	0x8693      	BSF         TRISB, 3 
;__Lib_CAN_C_A.c,776 :: 		
0x05A2	0x0E80      	MOVLW       128
0x05A4	0x6E5A      	MOVWF       FARG_CANSetOperationMode_mode 
0x05A6	0x0EFF      	MOVLW       255
0x05A8	0x6E5B      	MOVWF       FARG_CANSetOperationMode_WAIT 
0x05AA	0xDE2D      	RCALL       _CANSetOperationMode
;__Lib_CAN_C_A.c,779 :: 		
0x05AC	0xF05AC04F  	MOVFF       FARG_CANInitialize_SJW, FARG_CANSetBaudRate_SJW
;__Lib_CAN_C_A.c,780 :: 		
0x05B0	0xF05BC050  	MOVFF       FARG_CANInitialize_BRP, FARG_CANSetBaudRate_BRP
;__Lib_CAN_C_A.c,781 :: 		
0x05B4	0xF05CC051  	MOVFF       FARG_CANInitialize_PHSEG1, FARG_CANSetBaudRate_PHSEG1
;__Lib_CAN_C_A.c,782 :: 		
0x05B8	0xF05DC052  	MOVFF       FARG_CANInitialize_PHSEG2, FARG_CANSetBaudRate_PHSEG2
;__Lib_CAN_C_A.c,783 :: 		
0x05BC	0xF05EC053  	MOVFF       FARG_CANInitialize_PROPSEG, FARG_CANSetBaudRate_PROPSEG
;__Lib_CAN_C_A.c,784 :: 		
0x05C0	0xF05FC054  	MOVFF       FARG_CANInitialize_CAN_CONFIG_FLAGS, FARG_CANSetBaudRate_CAN_CONFIG_FLAGS
0x05C4	0xDDFC      	RCALL       _CANSetBaudRate
;__Lib_CAN_C_A.c,786 :: 		
0x05C6	0x0E60      	MOVLW       96
0x05C8	0x1454      	ANDWF       FARG_CANInitialize_CAN_CONFIG_FLAGS, 0 
0x05CA	0x6E60      	MOVWF       RXB0CON 
;__Lib_CAN_C_A.c,787 :: 		
0x05CC	0x0E10      	MOVLW       16
0x05CE	0x1454      	ANDWF       FARG_CANInitialize_CAN_CONFIG_FLAGS, 0 
0x05D0	0x6E01      	MOVWF       R1 
;__Lib_CAN_C_A.c,788 :: 		
0x05D2	0x5001      	MOVF        R1, 0 
0x05D4	0x0A10      	XORLW       16
0x05D6	0xB4D8      	BTFSC       STATUS, 2 
;__Lib_CAN_C_A.c,789 :: 		
0x05D8	0x8460      	BSF         RXB0CON, 2 
L_CANInitialize48:
;__Lib_CAN_C_A.c,791 :: 		
0x05DA	0xFF50CF60  	MOVFF       RXB0CON, RXB1CON
;__Lib_CAN_C_A.c,793 :: 		
0x05DE	0x6A5A      	CLRF        FARG_CANSetMask_CAN_MASK 
0x05E0	0x6A5B      	CLRF        FARG_CANSetMask_val 
0x05E2	0x6A5C      	CLRF        FARG_CANSetMask_val+1 
0x05E4	0x6A5D      	CLRF        FARG_CANSetMask_val+2 
0x05E6	0x6A5E      	CLRF        FARG_CANSetMask_val+3 
0x05E8	0x0EF7      	MOVLW       247
0x05EA	0x6E5F      	MOVWF       FARG_CANSetMask_CAN_CONFIG_FLAGS 
0x05EC	0xDE1B      	RCALL       _CANSetMask
;__Lib_CAN_C_A.c,794 :: 		
0x05EE	0x0E01      	MOVLW       1
0x05F0	0x6E5A      	MOVWF       FARG_CANSetMask_CAN_MASK 
0x05F2	0x6A5B      	CLRF        FARG_CANSetMask_val 
0x05F4	0x6A5C      	CLRF        FARG_CANSetMask_val+1 
0x05F6	0x6A5D      	CLRF        FARG_CANSetMask_val+2 
0x05F8	0x6A5E      	CLRF        FARG_CANSetMask_val+3 
0x05FA	0x0EF7      	MOVLW       247
0x05FC	0x6E5F      	MOVWF       FARG_CANSetMask_CAN_CONFIG_FLAGS 
0x05FE	0xDE12      	RCALL       _CANSetMask
;__Lib_CAN_C_A.c,796 :: 		
0x0600	0x0E60      	MOVLW       96
0x0602	0x1454      	ANDWF       FARG_CANInitialize_CAN_CONFIG_FLAGS, 0 
0x0604	0x6E00      	MOVWF       R0 
0x0606	0x0E9F      	MOVLW       159
0x0608	0x1000      	IORWF       R0, 0 
0x060A	0x6E01      	MOVWF       R1 
0x060C	0xD00F      	BRA         L_CANInitialize49
;__Lib_CAN_C_A.c,798 :: 		
L_CANInitialize51:
;__Lib_CAN_C_A.c,799 :: 		
0x060E	0x0EF7      	MOVLW       247
0x0610	0x6E55      	MOVWF       CANInitialize_FilterConfig1_L0 
;__Lib_CAN_C_A.c,800 :: 		
0x0612	0x0EF7      	MOVLW       247
0x0614	0x6E56      	MOVWF       CANInitialize_FilterConfig2_L0 
;__Lib_CAN_C_A.c,801 :: 		
0x0616	0xD011      	BRA         L_CANInitialize50
;__Lib_CAN_C_A.c,802 :: 		
L_CANInitialize52:
;__Lib_CAN_C_A.c,803 :: 		
0x0618	0x0EFF      	MOVLW       255
0x061A	0x6E55      	MOVWF       CANInitialize_FilterConfig1_L0 
;__Lib_CAN_C_A.c,804 :: 		
0x061C	0x0EFF      	MOVLW       255
0x061E	0x6E56      	MOVWF       CANInitialize_FilterConfig2_L0 
;__Lib_CAN_C_A.c,805 :: 		
0x0620	0xD00C      	BRA         L_CANInitialize50
;__Lib_CAN_C_A.c,806 :: 		
L_CANInitialize53:
;__Lib_CAN_C_A.c,807 :: 		
0x0622	0x0EFF      	MOVLW       255
0x0624	0x6E55      	MOVWF       CANInitialize_FilterConfig1_L0 
;__Lib_CAN_C_A.c,808 :: 		
0x0626	0x0EF7      	MOVLW       247
0x0628	0x6E56      	MOVWF       CANInitialize_FilterConfig2_L0 
;__Lib_CAN_C_A.c,809 :: 		
0x062A	0xD007      	BRA         L_CANInitialize50
L_CANInitialize49:
0x062C	0x5001      	MOVF        R1, 0 
0x062E	0x0ADF      	XORLW       223
0x0630	0xE0EE      	BZ          L_CANInitialize51
0x0632	0x5001      	MOVF        R1, 0 
0x0634	0x0ABF      	XORLW       191
0x0636	0xE0F0      	BZ          L_CANInitialize52
0x0638	0xD7F4      	BRA         L_CANInitialize53
L_CANInitialize50:
;__Lib_CAN_C_A.c,812 :: 		
0x063A	0x6A5A      	CLRF        FARG_CANSetFilter_CAN_FILTER 
0x063C	0x6A5B      	CLRF        FARG_CANSetFilter_val 
0x063E	0x6A5C      	CLRF        FARG_CANSetFilter_val+1 
0x0640	0x6A5D      	CLRF        FARG_CANSetFilter_val+2 
0x0642	0x6A5E      	CLRF        FARG_CANSetFilter_val+3 
0x0644	0xF05FC055  	MOVFF       CANInitialize_FilterConfig1_L0, FARG_CANSetFilter_CAN_CONFIG_FLAGS
0x0648	0xDE20      	RCALL       _CANSetFilter
;__Lib_CAN_C_A.c,813 :: 		
0x064A	0x0E01      	MOVLW       1
0x064C	0x6E5A      	MOVWF       FARG_CANSetFilter_CAN_FILTER 
0x064E	0x6A5B      	CLRF        FARG_CANSetFilter_val 
0x0650	0x6A5C      	CLRF        FARG_CANSetFilter_val+1 
0x0652	0x6A5D      	CLRF        FARG_CANSetFilter_val+2 
0x0654	0x6A5E      	CLRF        FARG_CANSetFilter_val+3 
0x0656	0xF05FC055  	MOVFF       CANInitialize_FilterConfig1_L0, FARG_CANSetFilter_CAN_CONFIG_FLAGS
0x065A	0xDE17      	RCALL       _CANSetFilter
;__Lib_CAN_C_A.c,814 :: 		
0x065C	0x0E02      	MOVLW       2
0x065E	0x6E5A      	MOVWF       FARG_CANSetFilter_CAN_FILTER 
0x0660	0x6A5B      	CLRF        FARG_CANSetFilter_val 
0x0662	0x6A5C      	CLRF        FARG_CANSetFilter_val+1 
0x0664	0x6A5D      	CLRF        FARG_CANSetFilter_val+2 
0x0666	0x6A5E      	CLRF        FARG_CANSetFilter_val+3 
0x0668	0xF05FC056  	MOVFF       CANInitialize_FilterConfig2_L0, FARG_CANSetFilter_CAN_CONFIG_FLAGS
0x066C	0xDE0E      	RCALL       _CANSetFilter
;__Lib_CAN_C_A.c,815 :: 		
0x066E	0x0E03      	MOVLW       3
0x0670	0x6E5A      	MOVWF       FARG_CANSetFilter_CAN_FILTER 
0x0672	0x6A5B      	CLRF        FARG_CANSetFilter_val 
0x0674	0x6A5C      	CLRF        FARG_CANSetFilter_val+1 
0x0676	0x6A5D      	CLRF        FARG_CANSetFilter_val+2 
0x0678	0x6A5E      	CLRF        FARG_CANSetFilter_val+3 
0x067A	0xF05FC056  	MOVFF       CANInitialize_FilterConfig2_L0, FARG_CANSetFilter_CAN_CONFIG_FLAGS
0x067E	0xDE05      	RCALL       _CANSetFilter
;__Lib_CAN_C_A.c,816 :: 		
0x0680	0x0E04      	MOVLW       4
0x0682	0x6E5A      	MOVWF       FARG_CANSetFilter_CAN_FILTER 
0x0684	0x6A5B      	CLRF        FARG_CANSetFilter_val 
0x0686	0x6A5C      	CLRF        FARG_CANSetFilter_val+1 
0x0688	0x6A5D      	CLRF        FARG_CANSetFilter_val+2 
0x068A	0x6A5E      	CLRF        FARG_CANSetFilter_val+3 
0x068C	0xF05FC056  	MOVFF       CANInitialize_FilterConfig2_L0, FARG_CANSetFilter_CAN_CONFIG_FLAGS
0x0690	0xDDFC      	RCALL       _CANSetFilter
;__Lib_CAN_C_A.c,817 :: 		
0x0692	0x0E05      	MOVLW       5
0x0694	0x6E5A      	MOVWF       FARG_CANSetFilter_CAN_FILTER 
0x0696	0x6A5B      	CLRF        FARG_CANSetFilter_val 
0x0698	0x6A5C      	CLRF        FARG_CANSetFilter_val+1 
0x069A	0x6A5D      	CLRF        FARG_CANSetFilter_val+2 
0x069C	0x6A5E      	CLRF        FARG_CANSetFilter_val+3 
0x069E	0xF05FC056  	MOVFF       CANInitialize_FilterConfig2_L0, FARG_CANSetFilter_CAN_CONFIG_FLAGS
0x06A2	0xDDF3      	RCALL       _CANSetFilter
;__Lib_CAN_C_A.c,820 :: 		
0x06A4	0x6A5A      	CLRF        FARG_CANSetOperationMode_mode 
0x06A6	0x0EFF      	MOVLW       255
0x06A8	0x6E5B      	MOVWF       FARG_CANSetOperationMode_WAIT 
0x06AA	0xDDAD      	RCALL       _CANSetOperationMode
;__Lib_CAN_C_A.c,821 :: 		
L_end_CANInitialize:
0x06AC	0x0012      	RETURN      0
; end of _CANInitialize
_main:
0x06AE	0xF004EC0D  	CALL        2074, 0
;CANPIC.c,40 :: 		void main()
;CANPIC.c,42 :: 		vInitPic();                                            //Init PIC18F258 4Mhz
0x06B2	0xDE91      	RCALL       _vInitPic
;CANPIC.c,43 :: 		vInitRS232();                                          //Init RS232 9600
0x06B4	0xDE87      	RCALL       _vInitRS232
;CANPIC.c,46 :: 		vInitI2CMaster();
0x06B6	0xDE7C      	RCALL       _vInitI2CMaster
;CANPIC.c,47 :: 		vI2CEcrireDS1307(ADRHOR, 9, 40, 51); // 9 h 51
0x06B8	0x0ED0      	MOVLW       208
0x06BA	0x6E4F      	MOVWF       FARG_vI2CEcrireDS1307_ucADR 
0x06BC	0x0E09      	MOVLW       9
0x06BE	0x6E50      	MOVWF       FARG_vI2CEcrireDS1307_ucH 
0x06C0	0x0E28      	MOVLW       40
0x06C2	0x6E51      	MOVWF       FARG_vI2CEcrireDS1307_ucM 
0x06C4	0x0E33      	MOVLW       51
0x06C6	0x6E52      	MOVWF       FARG_vI2CEcrireDS1307_ucS 
0x06C8	0xDF37      	RCALL       _vI2CEcrireDS1307
;CANPIC.c,52 :: 		Can_Init_Flags = 0;                                    //
0x06CA	0x6A25      	CLRF        _Can_Init_Flags 
;CANPIC.c,53 :: 		Can_Send_Flags = 0;                                    //clear flags
0x06CC	0x6A26      	CLRF        _Can_Send_Flags 
;CANPIC.c,54 :: 		Can_Rcv_Flags  = 0;
0x06CE	0x6A27      	CLRF        _Can_Rcv_Flags 
;CANPIC.c,57 :: 		_CAN_TX_NO_RTR_FRAME;
0x06D0	0x0EFC      	MOVLW       252
0x06D2	0x6E26      	MOVWF       _Can_Send_Flags 
;CANPIC.c,62 :: 		_CAN_CONFIG_VALID_STD_MSG;
0x06D4	0x0EBB      	MOVLW       187
0x06D6	0x6E25      	MOVWF       _Can_Init_Flags 
;CANPIC.c,63 :: 		CANInitialize(1,1,3,3,1,Can_Init_Flags);                  //Initialize CAN module
0x06D8	0x0E01      	MOVLW       1
0x06DA	0x6E4F      	MOVWF       FARG_CANInitialize_SJW 
0x06DC	0x0E01      	MOVLW       1
0x06DE	0x6E50      	MOVWF       FARG_CANInitialize_BRP 
0x06E0	0x0E03      	MOVLW       3
0x06E2	0x6E51      	MOVWF       FARG_CANInitialize_PHSEG1 
0x06E4	0x0E03      	MOVLW       3
0x06E6	0x6E52      	MOVWF       FARG_CANInitialize_PHSEG2 
0x06E8	0x0E01      	MOVLW       1
0x06EA	0x6E53      	MOVWF       FARG_CANInitialize_PROPSEG 
0x06EC	0x0EBB      	MOVLW       187
0x06EE	0x6E54      	MOVWF       FARG_CANInitialize_CAN_CONFIG_FLAGS 
0x06F0	0xDF56      	RCALL       _CANInitialize
;CANPIC.c,65 :: 		CANSetOperationMode(_CAN_MODE_CONFIG,0xFF);               //set CONFIGURATION mode
0x06F2	0x0E80      	MOVLW       128
0x06F4	0x6E5A      	MOVWF       FARG_CANSetOperationMode_mode 
0x06F6	0x0EFF      	MOVLW       255
0x06F8	0x6E5B      	MOVWF       FARG_CANSetOperationMode_WAIT 
0x06FA	0xDD85      	RCALL       _CANSetOperationMode
;CANPIC.c,66 :: 		CANSetMask  (_CAN_MASK_B1,-1,_CAN_CONFIG_STD_MSG);        //set all mask1 bits to ones
0x06FC	0x6A5A      	CLRF        FARG_CANSetMask_CAN_MASK 
0x06FE	0x0EFF      	MOVLW       255
0x0700	0x6E5B      	MOVWF       FARG_CANSetMask_val 
0x0702	0x0EFF      	MOVLW       255
0x0704	0x6E5C      	MOVWF       FARG_CANSetMask_val+1 
0x0706	0x6E5D      	MOVWF       FARG_CANSetMask_val+2 
0x0708	0x6E5E      	MOVWF       FARG_CANSetMask_val+3 
0x070A	0x0EFF      	MOVLW       255
0x070C	0x6E5F      	MOVWF       FARG_CANSetMask_CAN_CONFIG_FLAGS 
0x070E	0xDD8A      	RCALL       _CANSetMask
;CANPIC.c,67 :: 		CANSetMask  (_CAN_MASK_B2,-1,_CAN_CONFIG_STD_MSG);        //set all mask2 bits to ones
0x0710	0x0E01      	MOVLW       1
0x0712	0x6E5A      	MOVWF       FARG_CANSetMask_CAN_MASK 
0x0714	0x0EFF      	MOVLW       255
0x0716	0x6E5B      	MOVWF       FARG_CANSetMask_val 
0x0718	0x0EFF      	MOVLW       255
0x071A	0x6E5C      	MOVWF       FARG_CANSetMask_val+1 
0x071C	0x6E5D      	MOVWF       FARG_CANSetMask_val+2 
0x071E	0x6E5E      	MOVWF       FARG_CANSetMask_val+3 
0x0720	0x0EFF      	MOVLW       255
0x0722	0x6E5F      	MOVWF       FARG_CANSetMask_CAN_CONFIG_FLAGS 
0x0724	0xDD7F      	RCALL       _CANSetMask
;CANPIC.c,68 :: 		CANSetFilter(_CAN_FILTER_B2_F4,ID_2nd,_CAN_CONFIG_STD_MSG);//set id of filter B2_F4 to 2nd node ID
0x0726	0x0E05      	MOVLW       5
0x0728	0x6E5A      	MOVWF       FARG_CANSetFilter_CAN_FILTER 
0x072A	0x0E04      	MOVLW       4
0x072C	0x6E5B      	MOVWF       FARG_CANSetFilter_val 
0x072E	0x0E00      	MOVLW       0
0x0730	0x6E5C      	MOVWF       FARG_CANSetFilter_val+1 
0x0732	0x0E00      	MOVLW       0
0x0734	0x6E5D      	MOVWF       FARG_CANSetFilter_val+2 
0x0736	0x0E00      	MOVLW       0
0x0738	0x6E5E      	MOVWF       FARG_CANSetFilter_val+3 
0x073A	0x0EFF      	MOVLW       255
0x073C	0x6E5F      	MOVWF       FARG_CANSetFilter_CAN_CONFIG_FLAGS 
0x073E	0xDDA5      	RCALL       _CANSetFilter
;CANPIC.c,69 :: 		CANSetOperationMode(_CAN_MODE_NORMAL,0xFF);               //set NORMAL mode
0x0740	0x6A5A      	CLRF        FARG_CANSetOperationMode_mode 
0x0742	0x0EFF      	MOVLW       255
0x0744	0x6E5B      	MOVWF       FARG_CANSetOperationMode_WAIT 
0x0746	0xDD5F      	RCALL       _CANSetOperationMode
;CANPIC.c,71 :: 		CANWrite(ID_2nd, "BONJOUR", 7, Can_Send_Flags);
0x0748	0x0E04      	MOVLW       4
0x074A	0x6E4F      	MOVWF       FARG_CANWrite_id 
0x074C	0x0E00      	MOVLW       0
0x074E	0x6E50      	MOVWF       FARG_CANWrite_id+1 
0x0750	0x0E00      	MOVLW       0
0x0752	0x6E51      	MOVWF       FARG_CANWrite_id+2 
0x0754	0x0E00      	MOVLW       0
0x0756	0x6E52      	MOVWF       FARG_CANWrite_id+3 
0x0758	0x0E18      	MOVLW       ?lstr1_CANPIC
0x075A	0x6E53      	MOVWF       FARG_CANWrite_data_ 
0x075C	0x0E00      	MOVLW       hi_addr(?lstr1_CANPIC)
0x075E	0x6E54      	MOVWF       FARG_CANWrite_data_+1 
0x0760	0x0E07      	MOVLW       7
0x0762	0x6E55      	MOVWF       FARG_CANWrite_DataLen 
0x0764	0xF056C026  	MOVFF       _Can_Send_Flags, FARG_CANWrite_CAN_TX_MSG_FLAGS
0x0768	0xDE47      	RCALL       _CANWrite
;CANPIC.c,73 :: 		while (1)
L_main0:
;CANPIC.c,75 :: 		vI2CLireDS1307(0xD0); // Envoie l'adresse du DS1307
0x076A	0x0ED0      	MOVLW       208
0x076C	0x6E4F      	MOVWF       FARG_vI2CLireDS1307_ucADR 
0x076E	0xDEA2      	RCALL       _vI2CLireDS1307
;CANPIC.c,76 :: 		CANWrite(0x0012, "A", 1, Can_Send_Flags);// send incremented data back
0x0770	0x0E12      	MOVLW       18
0x0772	0x6E4F      	MOVWF       FARG_CANWrite_id 
0x0774	0x0E00      	MOVLW       0
0x0776	0x6E50      	MOVWF       FARG_CANWrite_id+1 
0x0778	0x6E51      	MOVWF       FARG_CANWrite_id+2 
0x077A	0x6E52      	MOVWF       FARG_CANWrite_id+3 
0x077C	0x0E20      	MOVLW       ?lstr2_CANPIC
0x077E	0x6E53      	MOVWF       FARG_CANWrite_data_ 
0x0780	0x0E00      	MOVLW       hi_addr(?lstr2_CANPIC)
0x0782	0x6E54      	MOVWF       FARG_CANWrite_data_+1 
0x0784	0x0E01      	MOVLW       1
0x0786	0x6E55      	MOVWF       FARG_CANWrite_DataLen 
0x0788	0xF056C026  	MOVFF       _Can_Send_Flags, FARG_CANWrite_CAN_TX_MSG_FLAGS
0x078C	0xDE35      	RCALL       _CANWrite
;CANPIC.c,77 :: 		if(ucTrame == COMPLETE)
0x078E	0x5022      	MOVF        _ucTrame, 0 
0x0790	0x0A00      	XORLW       0
0x0792	0xE13A      	BNZ         L_main2
;CANPIC.c,79 :: 		cPoid[0] = ucTabRx232[11];
0x0794	0xF030C040  	MOVFF       _ucTabRx232+11, _cPoid
;CANPIC.c,80 :: 		cPoid[1] = ucTabRx232[12];
0x0798	0xF031C041  	MOVFF       _ucTabRx232+12, _cPoid+1
;CANPIC.c,81 :: 		cPoid[2] = ucTabRx232[13];
0x079C	0xF032C042  	MOVFF       _ucTabRx232+13, _cPoid+2
;CANPIC.c,82 :: 		cPoid[3] = ucTabRx232[14];
0x07A0	0xF033C043  	MOVFF       _ucTabRx232+14, _cPoid+3
;CANPIC.c,83 :: 		cPoid[4] = ucTabRx232[15];
0x07A4	0xF034C044  	MOVFF       _ucTabRx232+15, _cPoid+4
;CANPIC.c,84 :: 		ucIndiceTampon = 0;
0x07A8	0x6A24      	CLRF        _ucIndiceTampon 
;CANPIC.c,85 :: 		ucNbCaract = 0;
0x07AA	0x6A23      	CLRF        _ucNbCaract 
;CANPIC.c,86 :: 		ucTrame = INCOMPLETE;            //Trame incomplete
0x07AC	0x0E01      	MOVLW       1
0x07AE	0x6E22      	MOVWF       _ucTrame 
;CANPIC.c,88 :: 		CANWrite(ID_3rd, cPoid, 5, Can_Send_Flags); // send incremented data back
0x07B0	0x0E05      	MOVLW       5
0x07B2	0x6E4F      	MOVWF       FARG_CANWrite_id 
0x07B4	0x0E00      	MOVLW       0
0x07B6	0x6E50      	MOVWF       FARG_CANWrite_id+1 
0x07B8	0x0E00      	MOVLW       0
0x07BA	0x6E51      	MOVWF       FARG_CANWrite_id+2 
0x07BC	0x0E00      	MOVLW       0
0x07BE	0x6E52      	MOVWF       FARG_CANWrite_id+3 
0x07C0	0x0E30      	MOVLW       _cPoid
0x07C2	0x6E53      	MOVWF       FARG_CANWrite_data_ 
0x07C4	0x0E00      	MOVLW       hi_addr(_cPoid)
0x07C6	0x6E54      	MOVWF       FARG_CANWrite_data_+1 
0x07C8	0x0E05      	MOVLW       5
0x07CA	0x6E55      	MOVWF       FARG_CANWrite_DataLen 
0x07CC	0xF056C026  	MOVFF       _Can_Send_Flags, FARG_CANWrite_CAN_TX_MSG_FLAGS
0x07D0	0xDE13      	RCALL       _CANWrite
;CANPIC.c,90 :: 		cTemps[0] = 0x36;
0x07D2	0x0E36      	MOVLW       54
0x07D4	0x6E28      	MOVWF       _cTemps 
;CANPIC.c,91 :: 		cTemps[1] = ucTABHMS[0];
0x07D6	0xF029C02D  	MOVFF       _ucTABHMS, _cTemps+1
;CANPIC.c,92 :: 		cTemps[2] = ucTABHMS[1];
0x07DA	0xF02AC02E  	MOVFF       _ucTABHMS+1, _cTemps+2
;CANPIC.c,93 :: 		cTemps[3] = ucTABHMS[2];
0x07DE	0xF02BC02F  	MOVFF       _ucTABHMS+2, _cTemps+3
;CANPIC.c,94 :: 		cTemps[4] = 0x20;
0x07E2	0x0E20      	MOVLW       32
0x07E4	0x6E2C      	MOVWF       _cTemps+4 
;CANPIC.c,95 :: 		CANWrite(ID_2nd, cTemps, 5, Can_Send_Flags);
0x07E6	0x0E04      	MOVLW       4
0x07E8	0x6E4F      	MOVWF       FARG_CANWrite_id 
0x07EA	0x0E00      	MOVLW       0
0x07EC	0x6E50      	MOVWF       FARG_CANWrite_id+1 
0x07EE	0x0E00      	MOVLW       0
0x07F0	0x6E51      	MOVWF       FARG_CANWrite_id+2 
0x07F2	0x0E00      	MOVLW       0
0x07F4	0x6E52      	MOVWF       FARG_CANWrite_id+3 
0x07F6	0x0E28      	MOVLW       _cTemps
0x07F8	0x6E53      	MOVWF       FARG_CANWrite_data_ 
0x07FA	0x0E00      	MOVLW       hi_addr(_cTemps)
0x07FC	0x6E54      	MOVWF       FARG_CANWrite_data_+1 
0x07FE	0x0E05      	MOVLW       5
0x0800	0x6E55      	MOVWF       FARG_CANWrite_DataLen 
0x0802	0xF056C026  	MOVFF       _Can_Send_Flags, FARG_CANWrite_CAN_TX_MSG_FLAGS
0x0806	0xDDF8      	RCALL       _CANWrite
;CANPIC.c,96 :: 		}
L_main2:
;CANPIC.c,120 :: 		}
0x0808	0xD7B0      	BRA         L_main0
;CANPIC.c,121 :: 		}
L_end_main:
0x080A	0xD7FF      	BRA         $+0
; end of _main
0x081A	0xF018EE10  	LFSR        1, 24
0x081E	0x0E0D      	MOVLW       13
0x0820	0x6E00      	MOVWF       R0 
0x0822	0x0E01      	MOVLW       1
0x0824	0x6E01      	MOVWF       R1 
0x0826	0x0E0C      	MOVLW       12
0x0828	0x6EF6      	MOVWF       4086 
0x082A	0x0E08      	MOVLW       8
0x082C	0x6EF7      	MOVWF       TBLPTRH 
0x082E	0x0E00      	MOVLW       0
0x0830	0x6EF8      	MOVWF       TBLPTRU 
0x0832	0xF001ECF4  	CALL        1000, 0
0x0836	0x0012      	RETURN      0
;CANPIC.c,0 :: ?ICS?lstr1_CANPIC
0x080C	0x4F42 ;?ICS?lstr1_CANPIC+0
0x080E	0x4A4E ;?ICS?lstr1_CANPIC+2
0x0810	0x554F ;?ICS?lstr1_CANPIC+4
0x0812	0x0052 ;?ICS?lstr1_CANPIC+6
; end of ?ICS?lstr1_CANPIC
;CANPIC.c,0 :: ?ICS?lstr2_CANPIC
0x0814	0x0041 ;?ICS?lstr2_CANPIC+0
; end of ?ICS?lstr2_CANPIC
;PIC18F258.c,0 :: ?ICS_ucTrame
0x0816	0x01 ;?ICS_ucTrame+0
; end of ?ICS_ucTrame
;PIC18F258.c,0 :: ?ICS_ucNbCaract
0x0817	0x00 ;?ICS_ucNbCaract+0
; end of ?ICS_ucNbCaract
;PIC18F258.c,0 :: ?ICS_ucIndiceTampon
0x0818	0x00 ;?ICS_ucIndiceTampon+0
; end of ?ICS_ucIndiceTampon
Symbol List:
//** Routines locations **
//ADDRESS    SIZE    PROCEDURE
//----------------------------------------------
0x0008     [122]    _interrupt
0x0082      [38]    _vI2CCheck
0x00A8      [10]    _ucReadACK
0x00B2     [244]    __Lib_CAN_C_A_CANIDToRegs
0x01A6      [18]    _vSendACK
0x01B8       [6]    _vI2CStop
0x01BE      [72]    _CANSetBaudRate
0x0206      [30]    _CANSetOperationMode
0x0224      [74]    _CANSetMask
0x026E      [22]    _ucI2CLireOctet
0x0284       [6]    _vI2CReStart
0x028A     [240]    _CANSetFilter
0x037A      [48]    _vI2CEcrireOctet
0x03AA       [6]    _vI2CStart
0x03B0      [20]    _vInitI2CMaster
0x03C4      [18]    _vInitRS232
0x03D6      [18]    _vInitPic
0x03E8      [16]    ___CC2DW
0x03F8     [188]    _CANWrite
0x04B4     [132]    _vI2CLireDS1307
0x0538     [102]    _vI2CEcrireDS1307
0x059E     [272]    _CANInitialize
0x06AE     [350]    _main
//** Variables locations ** 
//ADDRESS    SIZE    VARIABLE
//----------------------------------------------
0x0000       [1]    R0
0x0001       [1]    R1
0x0002       [1]    R2
0x0003       [1]    __Lib_CAN_C_A_CANIDToRegs_loVal_L0
0x0003       [1]    R3
0x0004       [1]    R4
0x0004       [1]    __Lib_CAN_C_A_CANIDToRegs_hiVal_L0
0x0005       [1]    __Lib_CAN_C_A_CANIDToRegs_hrVal_L0
0x0005       [1]    R5
0x0006       [1]    __Lib_CAN_C_A_CANIDToRegs_hsVal_L0
0x0006       [1]    R6
0x0007       [1]    R7
0x0008       [1]    R8
0x0009       [1]    R9
0x000A       [1]    R10
0x000B       [1]    R11
0x000C       [1]    R12
0x000D       [1]    R13
0x000E       [1]    R14
0x000F       [1]    R15
0x0010       [1]    R16
0x0011       [1]    R17
0x0012       [1]    R18
0x0013       [1]    R19
0x0014       [1]    R20
0x0018       [8]    ?lstr1_CANPIC
0x0020       [2]    ?lstr2_CANPIC
0x0022       [1]    _ucTrame
0x0023       [1]    _ucNbCaract
0x0024       [1]    _ucIndiceTampon
0x0025       [1]    _Can_Init_Flags
0x0026       [1]    _Can_Send_Flags
0x0027       [1]    _Can_Rcv_Flags
0x0028       [5]    _cTemps
0x002D       [3]    _ucTABHMS
0x0030       [5]    _cPoid
0x0035      [26]    _ucTabRx232
0x004F       [1]    FARG_vI2CEcrireDS1307_ucADR
0x004F       [1]    FARG_CANInitialize_SJW
0x004F       [4]    FARG_CANWrite_id
0x004F       [1]    FARG_vI2CLireDS1307_ucADR
0x0050       [1]    FARG_CANInitialize_BRP
0x0050       [1]    FARG_vI2CEcrireDS1307_ucH
0x0051       [1]    FARG_CANInitialize_PHSEG1
0x0051       [1]    FARG_vI2CEcrireDS1307_ucM
0x0052       [1]    FARG_CANInitialize_PHSEG2
0x0052       [1]    FARG_vI2CEcrireDS1307_ucS
0x0053       [2]    FARG_CANWrite_data_
0x0053       [1]    FARG_CANInitialize_PROPSEG
0x0054       [1]    FARG_CANInitialize_CAN_CONFIG_FLAGS
0x0055       [1]    FARG_CANWrite_DataLen
0x0055       [1]    CANInitialize_FilterConfig1_L0
0x0056       [1]    CANInitialize_FilterConfig2_L0
0x0056       [1]    FARG_CANWrite_CAN_TX_MSG_FLAGS
0x0057       [1]    CANWrite_i_L0
0x0058       [2]    CANWrite_ptr_L0
0x005A       [1]    FARG_ucI2CLireOctet_ucAck
0x005A       [1]    FARG_CANSetFilter_CAN_FILTER
0x005A       [1]    FARG_CANSetMask_CAN_MASK
0x005A       [1]    FARG_vI2CEcrireOctet_ucData
0x005A       [1]    FARG_CANSetBaudRate_SJW
0x005A       [1]    FARG_CANSetOperationMode_mode
0x005B       [4]    FARG_CANSetFilter_val
0x005B       [1]    FARG_vI2CEcrireOctet_ucRW
0x005B       [4]    FARG_CANSetMask_val
0x005B       [1]    FARG_CANSetBaudRate_BRP
0x005B       [1]    FARG_CANSetOperationMode_WAIT
0x005C       [1]    FARG_CANSetBaudRate_PHSEG1
0x005D       [1]    FARG_CANSetBaudRate_PHSEG2
0x005E       [1]    FARG_CANSetBaudRate_PROPSEG
0x005F       [1]    FARG_CANSetBaudRate_CAN_CONFIG_FLAGS
0x005F       [1]    FARG_CANSetFilter_CAN_CONFIG_FLAGS
0x005F       [1]    FARG_CANSetMask_CAN_CONFIG_FLAGS
0x0060       [1]    FARG_vSendACK_ucAck
0x0061       [2]    FARG___Lib_CAN_C_A_CANIDToRegs_ptr
0x0063       [4]    FARG___Lib_CAN_C_A_CANIDToRegs_val
0x0067       [1]    FARG___Lib_CAN_C_A_CANIDToRegs_CAN_CONFIG_FLAGS
0x0F00       [1]    RXF0SIDH
0x0F04       [1]    RXF1SIDH
0x0F08       [1]    RXF2SIDH
0x0F0C       [1]    RXF3SIDH
0x0F10       [1]    RXF4SIDH
0x0F14       [1]    RXF5SIDH
0x0F18       [1]    RXM0SIDH
0x0F1C       [1]    RXM1SIDH
0x0F20       [1]    TXB2CON
0x0F30       [1]    TXB1CON
0x0F40       [1]    TXB0CON
0x0F50       [1]    RXB1CON
0x0F60       [1]    RXB0CON
0x0F61       [1]    RXB0SIDH
0x0F65       [1]    RXB0DLC
0x0F66       [1]    RXB0D0
0x0F6E       [1]    CANSTAT
0x0F6F       [1]    CANCON
0x0F70       [1]    BRGCON1
0x0F71       [1]    BRGCON2
0x0F72       [1]    BRGCON3
0x0F93       [1]    TRISB
0x0F94       [1]    TRISC
0x0F94       [0]    TRISC3_bit
0x0F94       [0]    TRISC4_bit
0x0F9D       [1]    PIE1
0x0F9E       [1]    PIR1
0x0FAB       [1]    RCSTA
0x0FAC       [1]    TXSTA
0x0FAE       [1]    RCREG
0x0FAF       [1]    SPBRG
0x0FC2       [1]    ADCON0
0x0FC5       [1]    SSPCON2
0x0FC6       [1]    SSPCON1
0x0FC7       [1]    SSPSTAT
0x0FC8       [1]    SSPADD
0x0FC9       [1]    SSPBUF
0x0FD3       [1]    OSCCON
0x0FD8       [1]    STATUS
0x0FD9       [1]    FSR2L
0x0FDA       [1]    FSR2H
0x0FDE       [1]    POSTINC2
0x0FE0       [1]    BSR
0x0FE1       [1]    FSR1L
0x0FE2       [1]    FSR1H
0x0FE4       [1]    PREINC1
0x0FE6       [1]    POSTINC1
0x0FE7       [1]    INDF1
0x0FE8       [1]    WREG
0x0FE9       [1]    FSR0L
0x0FEA       [1]    FSR0H
0x0FEE       [1]    POSTINC0
0x0FF2       [1]    INTCON
0x0FF3       [1]    PRODL
0x0FF4       [1]    PRODH
0x0FF5       [1]    TABLAT
0x0FF6       [1]    TBLPTRL
0x0FF7       [1]    TBLPTRH
0x0FF8       [1]    TBLPTRU
//** Constants locations ** 
//ADDRESS    SIZE    CONSTANT
//----------------------------------------------
0x080C       [8]    ?ICS?lstr1_CANPIC
0x0814       [2]    ?ICS?lstr2_CANPIC
0x0816       [1]    ?ICS_ucTrame
0x0817       [1]    ?ICS_ucNbCaract
0x0818       [1]    ?ICS_ucIndiceTampon
//** Label List: ** 
//----------------------------------------------
  L_main0
  L_main1
  L_main2
  L_end_main
  _main
  L_vI2CCheck0
  L_vI2CCheck1
  L_vI2CCheck2
  L_vI2CCheck3
  L_vI2CCheck4
  L_vI2CCheck5
  L_vI2CCheck6
  L_vI2CCheck7
  L_vI2CCheck8
  L_vI2CCheck9
  L_vI2CCheck10
  L_vI2CCheck11
  L_vI2CEcrireOctet12
  L_vI2CEcrireOctet13
  L_vI2CEcrireOctet14
  L_vI2CEcrireOctet15
  L_vI2CEcrireOctet16
  L_vI2CEcrireOctet17
  L_vI2CEcrireOctet18
  L_vI2CEcrireOctet19
  L_ucI2CLireOctet20
  L_ucI2CLireOctet21
  L_vDelaiI2C22
  L_vDelaiI2C23
  L_vDelaiI2C24
  L_end_vInitI2CMaster
  _vInitI2CMaster
  L_end_vInitI2CSlave
  _vInitI2CSlave
  L_end_vI2CCheck
  _vI2CCheck
  L_end_vI2CStart
  _vI2CStart
  L_end_vI2CStop
  _vI2CStop
  L_end_vI2CReStart
  _vI2CReStart
  L_end_ucReadACK
  _ucReadACK
  L_end_vSendACK
  _vSendACK
  L__vSendACK33
  L__vSendACK34
  L_end_vI2CEcrireOctet
  _vI2CEcrireOctet
  L_end_ucI2CLireOctet
  _ucI2CLireOctet
  L_end_vI2CEcrireEEPROM
  _vI2CEcrireEEPROM
  L_end_ucI2CLireEEPROM
  _ucI2CLireEEPROM
  L_end_vI2CEcrirePCF8574
  _vI2CEcrirePCF8574
  L_end_ucI2CLirePCF8574
  _ucI2CLirePCF8574
  L_end_vI2CEcrireDS1307
  _vI2CEcrireDS1307
  L_end_vI2CLireDS1307
  _vI2CLireDS1307
  L_end_vDelaiI2C
  _vDelaiI2C
  L__vDelaiI2C44
  L_vTx2320
  L_vTx2321
  L_vTransChaine2
  L_vTransChaine3
  L_interrupt4
  L_interrupt5
  L_interrupt6
  L_interrupt7
  L_interrupt8
  L_interrupt9
  L_vDelai10
  L_vDelai11
  L_vDelai12
  L_end_vInitPic
  _vInitPic
  L_end_vInitRS232
  _vInitRS232
  L_end_vTx232
  _vTx232
  L_end_vTransChaine
  _vTransChaine
  L_end_interrupt
  _interrupt
  L__interrupt18
  L_end_vDelai
  _vDelai
  L___Lib_CAN_C_A_CANIDToRegs0
  L___Lib_CAN_C_A_CANIDToRegs1
  L_CANSetOperationMode2
  L_CANSetOperationMode3
  L_CANSetOperationMode4
  L_CANSetOperationMode5
  L_CANSetBaudRate6
  L_CANSetBaudRate7
  L_CANSetBaudRate8
  L_CANSetMask9
  L_CANSetMask10
  L_CANSetFilter11
  L_CANSetFilter12
  L_CANSetFilter13
  L_CANSetFilter14
  L_CANSetFilter15
  L_CANSetFilter16
  L_CANSetFilter17
  L_CANSetFilter18
  L___Lib_CAN_C_A_RegsToCANID19
  L___Lib_CAN_C_A_RegsToCANID20
  L_CANWrite21
  L_CANWrite22
  L_CANWrite23
  L_CANWrite24
  L_CANWrite25
  L_CANWrite26
  L_CANWrite27
  L_CANWrite28
  L_CANWrite29
  L_CANWrite30
  L_CANWrite31
  L_CANRead32
  L_CANRead33
  L_CANRead34
  L_CANRead35
  L_CANRead36
  L_CANRead37
  L_CANRead38
  L_CANRead39
  L_CANRead40
  L_CANRead41
  L_CANRead42
  L_CANRead43
  L_CANRead44
  L_CANRead45
  L_CANRead46
  L_CANRead47
  L_CANInitialize48
  L_CANInitialize49
  L_CANInitialize50
  L_CANInitialize51
  L_CANInitialize52
  L_CANInitialize53
  L_end_CANIDToRegs
  __Lib_CAN_C_A_CANIDToRegs
  L___Lib_CAN_C_A_CANIDToRegs55
  L___Lib_CAN_C_A_CANIDToRegs56
  L___Lib_CAN_C_A_CANIDToRegs57
  L___Lib_CAN_C_A_CANIDToRegs58
  L___Lib_CAN_C_A_CANIDToRegs59
  L___Lib_CAN_C_A_CANIDToRegs60
  L_end_CANSetOperationMode
  _CANSetOperationMode
  L_end_CANGetOperationMode
  _CANGetOperationMode
  L_end_CANSetBaudRate
  _CANSetBaudRate
  L__CANSetBaudRate64
  L__CANSetBaudRate65
  L_end_CANSetMask
  _CANSetMask
  L_end_CANSetFilter
  _CANSetFilter
  L_end_RegsToCANID
  __Lib_CAN_C_A_RegsToCANID
  L___Lib_CAN_C_A_RegsToCANID69
  L___Lib_CAN_C_A_RegsToCANID70
  L___Lib_CAN_C_A_RegsToCANID71
  L___Lib_CAN_C_A_RegsToCANID72
  L___Lib_CAN_C_A_RegsToCANID73
  L___Lib_CAN_C_A_RegsToCANID74
  L___Lib_CAN_C_A_RegsToCANID75
  L___Lib_CAN_C_A_RegsToCANID76
  L_end_CANWrite
  _CANWrite
  L_end_CANRead
  _CANRead
  L_end_CANInitialize
  _CANInitialize
  L_end_CANSetTxIdleLevel
  _CANSetTxIdleLevel
  L__CANSetTxIdleLevel81
  L__CANSetTxIdleLevel82
  _CC2D_Loop1
  _CC2DL_Loop1
  L_loopCA2AWs
  L_loopCCA2AWs
  L_loopCS2Ss
  L_CS2Send
  L_loopCCS2Ss
  L_CCS2Send
  L_loopFZinSWs
  L_longjmp7
  L_end___CC2D
  ___CC2D
  L_end___CC2DW
  ___CC2DW
  L_end___CA2AW
  ___CA2AW
  L_end___CCA2AW
  ___CCA2AW
  L_end___CS2S
  ___CS2S
  L_end___CCS2S
  ___CCS2S
  L_end___FZinS
  ___FZinS
  L_end_____DoIFC
  _____DoIFC
  L_end_Swap
  _Swap
  L_end_setjmp
  _setjmp
  L_end_longjmp
  _longjmp
  L_vTx2320
  L_vTx2321
  L_vTransChaine2
  L_vTransChaine3
  L_interrupt4
  L_interrupt5
  L_interrupt6
  L_interrupt7
  L_interrupt8
  L_interrupt9
  L_vDelai10
  L_vDelai11
  L_vDelai12
  L_end_vInitPic
  _vInitPic
  L_end_vInitRS232
  _vInitRS232
  L_end_vTx232
  _vTx232
  L_end_vTransChaine
  _vTransChaine
  L_end_interrupt
  _interrupt
  L__interrupt18
  L_end_vDelai
  _vDelai
