\BOOKMARK [1][-]{section.1}{Pr\351sentation du projet}{}% 1
\BOOKMARK [2][-]{subsection.1.1}{Explication du projet}{section.1}% 2
\BOOKMARK [2][-]{subsection.1.2}{Sch\351ma bloc du syst\350me}{section.1}% 3
\BOOKMARK [3][-]{subsubsection.1.2.1}{Bloc 1}{subsection.1.2}% 4
\BOOKMARK [3][-]{subsubsection.1.2.2}{Bloc 2}{subsection.1.2}% 5
\BOOKMARK [3][-]{subsubsection.1.2.3}{Bloc 3}{subsection.1.2}% 6
\BOOKMARK [3][-]{subsubsection.1.2.4}{Bloc 4}{subsection.1.2}% 7
\BOOKMARK [2][-]{subsection.1.3}{Liste des logiciels}{section.1}% 8
\BOOKMARK [2][-]{subsection.1.4}{Liste des trames}{section.1}% 9
\BOOKMARK [1][-]{section.2}{Le mat\351riel}{}% 10
\BOOKMARK [2][-]{subsection.2.1}{Bloc 1}{section.2}% 11
\BOOKMARK [2][-]{subsection.2.2}{Bloc 2}{section.2}% 12
\BOOKMARK [2][-]{subsection.2.3}{Bloc 3}{section.2}% 13
\BOOKMARK [2][-]{subsection.2.4}{Bloc 4}{section.2}% 14
\BOOKMARK [2][-]{subsection.2.5}{Explication des types de liens}{section.2}% 15
\BOOKMARK [3][-]{subsubsection.2.5.1}{RS232}{subsection.2.5}% 16
\BOOKMARK [3][-]{subsubsection.2.5.2}{Xbee}{subsection.2.5}% 17
\BOOKMARK [2][-]{subsection.2.6}{Explication des trames}{section.2}% 18
\BOOKMARK [3][-]{subsubsection.2.6.1}{RS-232}{subsection.2.6}% 19
\BOOKMARK [3][-]{subsubsection.2.6.2}{CAN}{subsection.2.6}% 20
\BOOKMARK [3][-]{subsubsection.2.6.3}{XBEE}{subsection.2.6}% 21
\BOOKMARK [2][-]{subsection.2.7}{Liste des pi\350ces}{section.2}% 22
\BOOKMARK [3][-]{subsubsection.2.7.1}{Liens web}{subsection.2.7}% 23
\BOOKMARK [3][-]{subsubsection.2.7.2}{Datasheets}{subsection.2.7}% 24
\BOOKMARK [1][-]{section.3}{Interface PC}{}% 25
\BOOKMARK [2][-]{subsection.3.1}{Gestion de l'historique}{section.3}% 26
\BOOKMARK [3][-]{subsubsection.3.1.1}{Exemple d'historique typique}{subsection.3.1}% 27
\BOOKMARK [2][-]{subsection.3.2}{Structure du programme}{section.3}% 28
\BOOKMARK [3][-]{subsubsection.3.2.1}{Les Ghosts Labels}{subsection.3.2}% 29
\BOOKMARK [2][-]{subsection.3.3}{Explication des trames}{section.3}% 30
\BOOKMARK [2][-]{subsection.3.4}{Ordre de gestion des t\342ches}{section.3}% 31
\BOOKMARK [1][-]{section.4}{Logiciel du SOC8200}{}% 32
\BOOKMARK [2][-]{subsection.4.1}{Description du programme}{section.4}% 33
\BOOKMARK [2][-]{subsection.4.2}{Sch\351ma bloc}{section.4}% 34
\BOOKMARK [3][-]{subsubsection.4.2.1}{Du script shell}{subsection.4.2}% 35
\BOOKMARK [2][-]{subsection.4.3}{Gestion des processus et du temps de CPU}{section.4}% 36
\BOOKMARK [2][-]{subsection.4.4}{Format et r\351cup\351ration des logs}{section.4}% 37
\BOOKMARK [2][-]{subsection.4.5}{Liste des tests et logiciels}{section.4}% 38
\BOOKMARK [1][-]{section.5}{Logiciel de la station 1 et 2 et du bolide}{}% 39
\BOOKMARK [2][-]{subsection.5.1}{La station no.1}{section.5}% 40
\BOOKMARK [2][-]{subsection.5.2}{La station no.2}{section.5}% 41
\BOOKMARK [2][-]{subsection.5.3}{Sch\351ma des h\351ritages de classes, table FESTO}{section.5}% 42
\BOOKMARK [2][-]{subsection.5.4}{Sch\351ma des h\351ritages de classes, Bolide et Station 1}{section.5}% 43
\BOOKMARK [2][-]{subsection.5.5}{Le bolide}{section.5}% 44
\BOOKMARK [2][-]{subsection.5.6}{Proc\351dure de compilation sur IAR}{section.5}% 45
\BOOKMARK [2][-]{subsection.5.7}{Proc\351dure de v\351rification}{section.5}% 46
\BOOKMARK [1][-]{section.6}{Logiciel du module PIC18F258}{}% 47
\BOOKMARK [2][-]{subsection.6.1}{Description du fonctionnement du programme}{section.6}% 48
\BOOKMARK [2][-]{subsection.6.2}{Proc\351dure de compilation sur MPLAB}{section.6}% 49
\BOOKMARK [2][-]{subsection.6.3}{Proc\351dure de v\351rification}{section.6}% 50
\BOOKMARK [1][-]{section.7}{Calculs}{}% 51
\BOOKMARK [2][-]{subsection.7.1}{Calcul du pas de conversion de la pile}{section.7}% 52
\BOOKMARK [2][-]{subsection.7.2}{Calcul du baudrate}{section.7}% 53
\BOOKMARK [1][-]{section.8}{Fichiers Gerbers}{}% 54
\BOOKMARK [1][-]{section.9}{Conclusion}{}% 55
\BOOKMARK [2][-]{subsection.9.1}{Ce que le projet m'a apport\351}{section.9}% 56
\BOOKMARK [3][-]{subsubsection.9.1.1}{Vincent Chouinard}{subsection.9.1}% 57
\BOOKMARK [3][-]{subsubsection.9.1.2}{Hicham Safoine}{subsection.9.1}% 58
\BOOKMARK [3][-]{subsubsection.9.1.3}{Gabriel Fortin-B\351langer}{subsection.9.1}% 59
\BOOKMARK [3][-]{subsubsection.9.1.4}{Louis-Norman Ang-Houle}{subsection.9.1}% 60
\BOOKMARK [2][-]{subsection.9.2}{Difficult\351s et corrections}{section.9}% 61
\BOOKMARK [3][-]{subsubsection.9.2.1}{Vincent Chouinard}{subsection.9.2}% 62
\BOOKMARK [3][-]{subsubsection.9.2.2}{Hicham Safoine}{subsection.9.2}% 63
\BOOKMARK [3][-]{subsubsection.9.2.3}{Gabriel Fortin-B\351langer}{subsection.9.2}% 64
\BOOKMARK [3][-]{subsubsection.9.2.4}{Louis-Norman Ang-Houle}{subsection.9.2}% 65
\BOOKMARK [2][-]{subsection.9.3}{Ce que j'ai aim\351 ou pas}{section.9}% 66
\BOOKMARK [3][-]{subsubsection.9.3.1}{Vincent Chouinard}{subsection.9.3}% 67
\BOOKMARK [3][-]{subsubsection.9.3.2}{Hicham Safoine}{subsection.9.3}% 68
\BOOKMARK [3][-]{subsubsection.9.3.3}{Gabriel Fortin-B\351langer}{subsection.9.3}% 69
\BOOKMARK [3][-]{subsubsection.9.3.4}{Louis-Norman Ang-Houle}{subsection.9.3}% 70
\BOOKMARK [1][-]{section.10}{ANNEXE 1: Code source du programme pour PC}{}% 71
\BOOKMARK [1][-]{section.11}{ANNEXE 2: Code source du Bolide et de la station 1}{}% 72
\BOOKMARK [1][-]{section.12}{ANNEXE 4: Code source de la table FESTO}{}% 73
\BOOKMARK [1][-]{section.13}{ANNEXE 5: Code source du programme PIC}{}% 74
\BOOKMARK [1][-]{section.14}{ANNEXE 4: Code source du script Shell du SOC8200}{}% 75
