This is pdfTeX, Version 3.14159265-2.6-1.40.15 (TeX Live 2014/W32TeX) (preloaded format=pdflatex 2014.9.21)  9 DEC 2014 21:02
entering extended mode
 restricted \write18 enabled.
 %&-line parsing enabled.
**Rapport.tex
(./Rapport.tex
LaTeX2e <2014/05/01>
Babel <3.9k> and hyphenation patterns for 79 languages loaded.
(c:/texlive/2014/texmf-dist/tex/latex/base/article.cls
Document Class: article 2007/10/19 v1.4h Standard LaTeX document class
(c:/texlive/2014/texmf-dist/tex/latex/base/size10.clo
File: size10.clo 2007/10/19 v1.4h Standard LaTeX file (size option)
)
\c@part=\count79
\c@section=\count80
\c@subsection=\count81
\c@subsubsection=\count82
\c@paragraph=\count83
\c@subparagraph=\count84
\c@figure=\count85
\c@table=\count86
\abovecaptionskip=\skip41
\belowcaptionskip=\skip42
\bibindent=\dimen102
)
\@input{TeX/Packages.aux}
\openout2 = `TeX/Packages.aux'.

(./TeX/Packages.tex (c:/texlive/2014/texmf-dist/tex/latex/geometry/geometry.sty
Package: geometry 2010/09/12 v5.6 Page Geometry
(c:/texlive/2014/texmf-dist/tex/latex/graphics/keyval.sty
Package: keyval 2014/05/08 v1.15 key=value parser (DPC)
\KV@toks@=\toks14
)
(c:/texlive/2014/texmf-dist/tex/generic/oberdiek/ifpdf.sty
Package: ifpdf 2011/01/30 v2.3 Provides the ifpdf switch (HO)
Package ifpdf Info: pdfTeX in PDF mode is detected.
)
(c:/texlive/2014/texmf-dist/tex/generic/oberdiek/ifvtex.sty
Package: ifvtex 2010/03/01 v1.5 Detect VTeX and its facilities (HO)
Package ifvtex Info: VTeX not detected.
)
(c:/texlive/2014/texmf-dist/tex/generic/ifxetex/ifxetex.sty
Package: ifxetex 2010/09/12 v0.6 Provides ifxetex conditional
)
\Gm@cnth=\count87
\Gm@cntv=\count88
\c@Gm@tempcnt=\count89
\Gm@bindingoffset=\dimen103
\Gm@wd@mp=\dimen104
\Gm@odd@mp=\dimen105
\Gm@even@mp=\dimen106
\Gm@layoutwidth=\dimen107
\Gm@layoutheight=\dimen108
\Gm@layouthoffset=\dimen109
\Gm@layoutvoffset=\dimen110
\Gm@dimlist=\toks15
)

Package geometry Warning: Over-specification in `h'-direction.
    `width' (597.50787pt) is ignored.


Package geometry Warning: Over-specification in `v'-direction.
    `height' (845.04684pt) is ignored.

(c:/texlive/2014/texmf-dist/tex/latex/fancyhdr/fancyhdr.sty
\fancy@headwidth=\skip43
\f@ncyO@elh=\skip44
\f@ncyO@erh=\skip45
\f@ncyO@olh=\skip46
\f@ncyO@orh=\skip47
\f@ncyO@elf=\skip48
\f@ncyO@erf=\skip49
\f@ncyO@olf=\skip50
\f@ncyO@orf=\skip51
)
(c:/texlive/2014/texmf-dist/tex/generic/babel/babel.sty
Package: babel 2014/03/24 3.9k The Babel package

(c:/texlive/2014/texmf-dist/tex/generic/babel-french/frenchb.ldf
Language: frenchb 2014/09/16 v3.1b French support from the babel system

(c:/texlive/2014/texmf-dist/tex/generic/babel/babel.def
File: babel.def 2014/03/24 3.9k Babel common definitions
\babel@savecnt=\count90
\U@D=\dimen111
)
\l@acadian = a dialect from \language\l@french 
\l@canadien = a dialect from \language\l@french 
\FBcolonskip=\skip52
\FBthinskip=\skip53
\FB@interchartokenstateORI=\count91
Package babel Info: Making : an active character on input line 371.
Package babel Info: Making ; an active character on input line 372.
Package babel Info: Making ! an active character on input line 373.
Package babel Info: Making ? an active character on input line 374.
\FBguillskip=\skip54
\FBguill@level=\count92
\FB@Mht=\dimen112
\std@mcc=\count93
\dec@mcc=\count94
\listindentFB=\skip55
\labelwidthFB=\skip56
\leftmarginFB=\skip57
\parindentFFN=\dimen113
))
(c:/texlive/2014/texmf-dist/tex/latex/carlisle/scalefnt.sty)
(c:/texlive/2014/texmf-dist/tex/latex/base/inputenc.sty
Package: inputenc 2014/04/30 v1.2b Input encoding file
\inpenc@prehook=\toks16
\inpenc@posthook=\toks17

(c:/texlive/2014/texmf-dist/tex/latex/base/utf8.def
File: utf8.def 2008/04/05 v1.1m UTF-8 support for inputenc
Now handling font encoding OML ...
... no UTF-8 mapping file for font encoding OML
Now handling font encoding T1 ...
... processing UTF-8 mapping file for font encoding T1

(c:/texlive/2014/texmf-dist/tex/latex/base/t1enc.dfu
File: t1enc.dfu 2008/04/05 v1.1m UTF-8 support for inputenc
   defining Unicode char U+00A1 (decimal 161)
   defining Unicode char U+00A3 (decimal 163)
   defining Unicode char U+00AB (decimal 171)
   defining Unicode char U+00BB (decimal 187)
   defining Unicode char U+00BF (decimal 191)
   defining Unicode char U+00C0 (decimal 192)
   defining Unicode char U+00C1 (decimal 193)
   defining Unicode char U+00C2 (decimal 194)
   defining Unicode char U+00C3 (decimal 195)
   defining Unicode char U+00C4 (decimal 196)
   defining Unicode char U+00C5 (decimal 197)
   defining Unicode char U+00C6 (decimal 198)
   defining Unicode char U+00C7 (decimal 199)
   defining Unicode char U+00C8 (decimal 200)
   defining Unicode char U+00C9 (decimal 201)
   defining Unicode char U+00CA (decimal 202)
   defining Unicode char U+00CB (decimal 203)
   defining Unicode char U+00CC (decimal 204)
   defining Unicode char U+00CD (decimal 205)
   defining Unicode char U+00CE (decimal 206)
   defining Unicode char U+00CF (decimal 207)
   defining Unicode char U+00D0 (decimal 208)
   defining Unicode char U+00D1 (decimal 209)
   defining Unicode char U+00D2 (decimal 210)
   defining Unicode char U+00D3 (decimal 211)
   defining Unicode char U+00D4 (decimal 212)
   defining Unicode char U+00D5 (decimal 213)
   defining Unicode char U+00D6 (decimal 214)
   defining Unicode char U+00D8 (decimal 216)
   defining Unicode char U+00D9 (decimal 217)
   defining Unicode char U+00DA (decimal 218)
   defining Unicode char U+00DB (decimal 219)
   defining Unicode char U+00DC (decimal 220)
   defining Unicode char U+00DD (decimal 221)
   defining Unicode char U+00DE (decimal 222)
   defining Unicode char U+00DF (decimal 223)
   defining Unicode char U+00E0 (decimal 224)
   defining Unicode char U+00E1 (decimal 225)
   defining Unicode char U+00E2 (decimal 226)
   defining Unicode char U+00E3 (decimal 227)
   defining Unicode char U+00E4 (decimal 228)
   defining Unicode char U+00E5 (decimal 229)
   defining Unicode char U+00E6 (decimal 230)
   defining Unicode char U+00E7 (decimal 231)
   defining Unicode char U+00E8 (decimal 232)
   defining Unicode char U+00E9 (decimal 233)
   defining Unicode char U+00EA (decimal 234)
   defining Unicode char U+00EB (decimal 235)
   defining Unicode char U+00EC (decimal 236)
   defining Unicode char U+00ED (decimal 237)
   defining Unicode char U+00EE (decimal 238)
   defining Unicode char U+00EF (decimal 239)
   defining Unicode char U+00F0 (decimal 240)
   defining Unicode char U+00F1 (decimal 241)
   defining Unicode char U+00F2 (decimal 242)
   defining Unicode char U+00F3 (decimal 243)
   defining Unicode char U+00F4 (decimal 244)
   defining Unicode char U+00F5 (decimal 245)
   defining Unicode char U+00F6 (decimal 246)
   defining Unicode char U+00F8 (decimal 248)
   defining Unicode char U+00F9 (decimal 249)
   defining Unicode char U+00FA (decimal 250)
   defining Unicode char U+00FB (decimal 251)
   defining Unicode char U+00FC (decimal 252)
   defining Unicode char U+00FD (decimal 253)
   defining Unicode char U+00FE (decimal 254)
   defining Unicode char U+00FF (decimal 255)
   defining Unicode char U+0102 (decimal 258)
   defining Unicode char U+0103 (decimal 259)
   defining Unicode char U+0104 (decimal 260)
   defining Unicode char U+0105 (decimal 261)
   defining Unicode char U+0106 (decimal 262)
   defining Unicode char U+0107 (decimal 263)
   defining Unicode char U+010C (decimal 268)
   defining Unicode char U+010D (decimal 269)
   defining Unicode char U+010E (decimal 270)
   defining Unicode char U+010F (decimal 271)
   defining Unicode char U+0110 (decimal 272)
   defining Unicode char U+0111 (decimal 273)
   defining Unicode char U+0118 (decimal 280)
   defining Unicode char U+0119 (decimal 281)
   defining Unicode char U+011A (decimal 282)
   defining Unicode char U+011B (decimal 283)
   defining Unicode char U+011E (decimal 286)
   defining Unicode char U+011F (decimal 287)
   defining Unicode char U+0130 (decimal 304)
   defining Unicode char U+0131 (decimal 305)
   defining Unicode char U+0132 (decimal 306)
   defining Unicode char U+0133 (decimal 307)
   defining Unicode char U+0139 (decimal 313)
   defining Unicode char U+013A (decimal 314)
   defining Unicode char U+013D (decimal 317)
   defining Unicode char U+013E (decimal 318)
   defining Unicode char U+0141 (decimal 321)
   defining Unicode char U+0142 (decimal 322)
   defining Unicode char U+0143 (decimal 323)
   defining Unicode char U+0144 (decimal 324)
   defining Unicode char U+0147 (decimal 327)
   defining Unicode char U+0148 (decimal 328)
   defining Unicode char U+014A (decimal 330)
   defining Unicode char U+014B (decimal 331)
   defining Unicode char U+0150 (decimal 336)
   defining Unicode char U+0151 (decimal 337)
   defining Unicode char U+0152 (decimal 338)
   defining Unicode char U+0153 (decimal 339)
   defining Unicode char U+0154 (decimal 340)
   defining Unicode char U+0155 (decimal 341)
   defining Unicode char U+0158 (decimal 344)
   defining Unicode char U+0159 (decimal 345)
   defining Unicode char U+015A (decimal 346)
   defining Unicode char U+015B (decimal 347)
   defining Unicode char U+015E (decimal 350)
   defining Unicode char U+015F (decimal 351)
   defining Unicode char U+0160 (decimal 352)
   defining Unicode char U+0161 (decimal 353)
   defining Unicode char U+0162 (decimal 354)
   defining Unicode char U+0163 (decimal 355)
   defining Unicode char U+0164 (decimal 356)
   defining Unicode char U+0165 (decimal 357)
   defining Unicode char U+016E (decimal 366)
   defining Unicode char U+016F (decimal 367)
   defining Unicode char U+0170 (decimal 368)
   defining Unicode char U+0171 (decimal 369)
   defining Unicode char U+0178 (decimal 376)
   defining Unicode char U+0179 (decimal 377)
   defining Unicode char U+017A (decimal 378)
   defining Unicode char U+017B (decimal 379)
   defining Unicode char U+017C (decimal 380)
   defining Unicode char U+017D (decimal 381)
   defining Unicode char U+017E (decimal 382)
   defining Unicode char U+200C (decimal 8204)
   defining Unicode char U+2013 (decimal 8211)
   defining Unicode char U+2014 (decimal 8212)
   defining Unicode char U+2018 (decimal 8216)
   defining Unicode char U+2019 (decimal 8217)
   defining Unicode char U+201A (decimal 8218)
   defining Unicode char U+201C (decimal 8220)
   defining Unicode char U+201D (decimal 8221)
   defining Unicode char U+201E (decimal 8222)
   defining Unicode char U+2030 (decimal 8240)
   defining Unicode char U+2031 (decimal 8241)
   defining Unicode char U+2039 (decimal 8249)
   defining Unicode char U+203A (decimal 8250)
   defining Unicode char U+2423 (decimal 9251)
)
Now handling font encoding OT1 ...
... processing UTF-8 mapping file for font encoding OT1

(c:/texlive/2014/texmf-dist/tex/latex/base/ot1enc.dfu
File: ot1enc.dfu 2008/04/05 v1.1m UTF-8 support for inputenc
   defining Unicode char U+00A1 (decimal 161)
   defining Unicode char U+00A3 (decimal 163)
   defining Unicode char U+00B8 (decimal 184)
   defining Unicode char U+00BF (decimal 191)
   defining Unicode char U+00C5 (decimal 197)
   defining Unicode char U+00C6 (decimal 198)
   defining Unicode char U+00D8 (decimal 216)
   defining Unicode char U+00DF (decimal 223)
   defining Unicode char U+00E6 (decimal 230)
   defining Unicode char U+00EC (decimal 236)
   defining Unicode char U+00ED (decimal 237)
   defining Unicode char U+00EE (decimal 238)
   defining Unicode char U+00EF (decimal 239)
   defining Unicode char U+00F8 (decimal 248)
   defining Unicode char U+0131 (decimal 305)
   defining Unicode char U+0141 (decimal 321)
   defining Unicode char U+0142 (decimal 322)
   defining Unicode char U+0152 (decimal 338)
   defining Unicode char U+0153 (decimal 339)
   defining Unicode char U+2013 (decimal 8211)
   defining Unicode char U+2014 (decimal 8212)
   defining Unicode char U+2018 (decimal 8216)
   defining Unicode char U+2019 (decimal 8217)
   defining Unicode char U+201C (decimal 8220)
   defining Unicode char U+201D (decimal 8221)
)
Now handling font encoding OMS ...
... processing UTF-8 mapping file for font encoding OMS

(c:/texlive/2014/texmf-dist/tex/latex/base/omsenc.dfu
File: omsenc.dfu 2008/04/05 v1.1m UTF-8 support for inputenc
   defining Unicode char U+00A7 (decimal 167)
   defining Unicode char U+00B6 (decimal 182)
   defining Unicode char U+00B7 (decimal 183)
   defining Unicode char U+2020 (decimal 8224)
   defining Unicode char U+2021 (decimal 8225)
   defining Unicode char U+2022 (decimal 8226)
)
Now handling font encoding OMX ...
... no UTF-8 mapping file for font encoding OMX
Now handling font encoding U ...
... no UTF-8 mapping file for font encoding U
   defining Unicode char U+00A9 (decimal 169)
   defining Unicode char U+00AA (decimal 170)
   defining Unicode char U+00AE (decimal 174)
   defining Unicode char U+00BA (decimal 186)
   defining Unicode char U+02C6 (decimal 710)
   defining Unicode char U+02DC (decimal 732)
   defining Unicode char U+200C (decimal 8204)
   defining Unicode char U+2026 (decimal 8230)
   defining Unicode char U+2122 (decimal 8482)
   defining Unicode char U+2423 (decimal 9251)
))
(c:/texlive/2014/texmf-dist/tex/latex/graphics/graphicx.sty
Package: graphicx 2014/04/25 v1.0g Enhanced LaTeX Graphics (DPC,SPQR)

(c:/texlive/2014/texmf-dist/tex/latex/graphics/graphics.sty
Package: graphics 2009/02/05 v1.0o Standard LaTeX Graphics (DPC,SPQR)

(c:/texlive/2014/texmf-dist/tex/latex/graphics/trig.sty
Package: trig 1999/03/16 v1.09 sin cos tan (DPC)
)
(c:/texlive/2014/texmf-dist/tex/latex/latexconfig/graphics.cfg
File: graphics.cfg 2010/04/23 v1.9 graphics configuration of TeX Live
)
Package graphics Info: Driver file: pdftex.def on input line 91.

(c:/texlive/2014/texmf-dist/tex/latex/pdftex-def/pdftex.def
File: pdftex.def 2011/05/27 v0.06d Graphics/color for pdfTeX

(c:/texlive/2014/texmf-dist/tex/generic/oberdiek/infwarerr.sty
Package: infwarerr 2010/04/08 v1.3 Providing info/warning/error messages (HO)
)
(c:/texlive/2014/texmf-dist/tex/generic/oberdiek/ltxcmds.sty
Package: ltxcmds 2011/11/09 v1.22 LaTeX kernel commands for general use (HO)
)
\Gread@gobject=\count95
))
\Gin@req@height=\dimen114
\Gin@req@width=\dimen115
)
(c:/texlive/2014/texmf-dist/tex/latex/framed/framed.sty
Package: framed 2011/10/22 v 0.96: framed or shaded text with page breaks
\OuterFrameSep=\skip58
\fb@frw=\dimen116
\fb@frh=\dimen117
\FrameRule=\dimen118
\FrameSep=\dimen119
)
(c:/texlive/2014/texmf-dist/tex/latex/tools/tabularx.sty
Package: tabularx 2014/05/13 v2.10 `tabularx' package (DPC)

(c:/texlive/2014/texmf-dist/tex/latex/tools/array.sty
Package: array 2008/09/09 v2.4c Tabular extension package (FMi)
\col@sep=\dimen120
\extrarowheight=\dimen121
\NC@list=\toks18
\extratabsurround=\skip59
\backup@length=\skip60
)
\TX@col@width=\dimen122
\TX@old@table=\dimen123
\TX@old@col=\dimen124
\TX@target=\dimen125
\TX@delta=\dimen126
\TX@cols=\count96
\TX@ftn=\toks19
)
(c:/texlive/2014/texmf-dist/tex/latex/listings/listings.sty
\lst@mode=\count97
\lst@gtempboxa=\box26
\lst@token=\toks20
\lst@length=\count98
\lst@currlwidth=\dimen127
\lst@column=\count99
\lst@pos=\count100
\lst@lostspace=\dimen128
\lst@width=\dimen129
\lst@newlines=\count101
\lst@lineno=\count102
\lst@maxwidth=\dimen130

(c:/texlive/2014/texmf-dist/tex/latex/listings/lstmisc.sty
File: lstmisc.sty 2014/09/06 1.5e (Carsten Heinz)
\c@lstnumber=\count103
\lst@skipnumbers=\count104
\lst@framebox=\box27
)
(c:/texlive/2014/texmf-dist/tex/latex/listings/listings.cfg
File: listings.cfg 2014/09/06 1.5e listings configuration
))
Package: listings 2014/09/06 1.5e (Carsten Heinz)

(c:/texlive/2014/texmf-dist/tex/latex/lipsum/lipsum.sty
Package: lipsum 2014/07/27 v1.3 150 paragraphs of Lorem Ipsum dummy text
\c@lips@count=\count105
)
(c:/texlive/2014/texmf-dist/tex/latex/tools/multicol.sty
Package: multicol 2014/08/24 v1.8g multicolumn formatting (FMi)
\c@tracingmulticols=\count106
\mult@box=\box28
\multicol@leftmargin=\dimen131
\c@unbalance=\count107
\c@collectmore=\count108
\doublecol@number=\count109
\multicoltolerance=\count110
\multicolpretolerance=\count111
\full@width=\dimen132
\page@free=\dimen133
\premulticols=\dimen134
\postmulticols=\dimen135
\multicolsep=\skip61
\multicolbaselineskip=\skip62
\partial@page=\box29
\last@line=\box30
\maxbalancingoverflow=\dimen136
\mult@rightbox=\box31
\mult@grightbox=\box32
\mult@gfirstbox=\box33
\mult@firstbox=\box34
\@tempa=\box35
\@tempa=\box36
\@tempa=\box37
\@tempa=\box38
\@tempa=\box39
\@tempa=\box40
\@tempa=\box41
\@tempa=\box42
\@tempa=\box43
\@tempa=\box44
\@tempa=\box45
\@tempa=\box46
\@tempa=\box47
\@tempa=\box48
\@tempa=\box49
\@tempa=\box50
\@tempa=\box51
\c@columnbadness=\count112
\c@finalcolumnbadness=\count113
\last@try=\dimen137
\multicolovershoot=\dimen138
\multicolundershoot=\dimen139
\mult@nat@firstbox=\box52
\colbreak@box=\box53
\mc@col@check@num=\count114
)
(c:/texlive/2014/texmf-dist/tex/latex/hyperref/hyperref.sty
Package: hyperref 2012/11/06 v6.83m Hypertext links for LaTeX

(c:/texlive/2014/texmf-dist/tex/generic/oberdiek/hobsub-hyperref.sty
Package: hobsub-hyperref 2012/05/28 v1.13 Bundle oberdiek, subset hyperref (HO)


(c:/texlive/2014/texmf-dist/tex/generic/oberdiek/hobsub-generic.sty
Package: hobsub-generic 2012/05/28 v1.13 Bundle oberdiek, subset generic (HO)
Package: hobsub 2012/05/28 v1.13 Construct package bundles (HO)
Package hobsub Info: Skipping package `infwarerr' (already loaded).
Package hobsub Info: Skipping package `ltxcmds' (already loaded).
Package: ifluatex 2010/03/01 v1.3 Provides the ifluatex switch (HO)
Package ifluatex Info: LuaTeX not detected.
Package hobsub Info: Skipping package `ifvtex' (already loaded).
Package: intcalc 2007/09/27 v1.1 Expandable calculations with integers (HO)
Package hobsub Info: Skipping package `ifpdf' (already loaded).
Package: etexcmds 2011/02/16 v1.5 Avoid name clashes with e-TeX commands (HO)
Package etexcmds Info: Could not find \expanded.
(etexcmds)             That can mean that you are not using pdfTeX 1.50 or
(etexcmds)             that some package has redefined \expanded.
(etexcmds)             In the latter case, load this package earlier.
Package: kvsetkeys 2012/04/25 v1.16 Key value parser (HO)
Package: kvdefinekeys 2011/04/07 v1.3 Define keys (HO)
Package: pdftexcmds 2011/11/29 v0.20 Utility functions of pdfTeX for LuaTeX (HO
)
Package pdftexcmds Info: LuaTeX not detected.
Package pdftexcmds Info: \pdf@primitive is available.
Package pdftexcmds Info: \pdf@ifprimitive is available.
Package pdftexcmds Info: \pdfdraftmode found.
Package: pdfescape 2011/11/25 v1.13 Implements pdfTeX's escape features (HO)
Package: bigintcalc 2012/04/08 v1.3 Expandable calculations on big integers (HO
)
Package: bitset 2011/01/30 v1.1 Handle bit-vector datatype (HO)
Package: uniquecounter 2011/01/30 v1.2 Provide unlimited unique counter (HO)
)
Package hobsub Info: Skipping package `hobsub' (already loaded).
Package: letltxmacro 2010/09/02 v1.4 Let assignment for LaTeX macros (HO)
Package: hopatch 2012/05/28 v1.2 Wrapper for package hooks (HO)
Package: xcolor-patch 2011/01/30 xcolor patch
Package: atveryend 2011/06/30 v1.8 Hooks at the very end of document (HO)
Package atveryend Info: \enddocument detected (standard20110627).
Package: atbegshi 2011/10/05 v1.16 At begin shipout hook (HO)
Package: refcount 2011/10/16 v3.4 Data extraction from label references (HO)
Package: hycolor 2011/01/30 v1.7 Color options for hyperref/bookmark (HO)
)
(c:/texlive/2014/texmf-dist/tex/latex/oberdiek/auxhook.sty
Package: auxhook 2011/03/04 v1.3 Hooks for auxiliary files (HO)
)
(c:/texlive/2014/texmf-dist/tex/latex/oberdiek/kvoptions.sty
Package: kvoptions 2011/06/30 v3.11 Key value format for package options (HO)
)
\@linkdim=\dimen140
\Hy@linkcounter=\count115
\Hy@pagecounter=\count116

(c:/texlive/2014/texmf-dist/tex/latex/hyperref/pd1enc.def
File: pd1enc.def 2012/11/06 v6.83m Hyperref: PDFDocEncoding definition (HO)
Now handling font encoding PD1 ...
... no UTF-8 mapping file for font encoding PD1
)
\Hy@SavedSpaceFactor=\count117

(c:/texlive/2014/texmf-dist/tex/latex/latexconfig/hyperref.cfg
File: hyperref.cfg 2002/06/06 v1.2 hyperref configuration of TeXLive
)
Package hyperref Info: Option `final' set `true' on input line 4319.
Package hyperref Info: Hyper figures OFF on input line 4443.
Package hyperref Info: Link nesting OFF on input line 4448.
Package hyperref Info: Hyper index ON on input line 4451.
Package hyperref Info: Plain pages OFF on input line 4458.
Package hyperref Info: Backreferencing OFF on input line 4463.
Package hyperref Info: Implicit mode ON; LaTeX internals redefined.
Package hyperref Info: Bookmarks ON on input line 4688.
\c@Hy@tempcnt=\count118

(c:/texlive/2014/texmf-dist/tex/latex/url/url.sty
\Urlmuskip=\muskip10
Package: url 2013/09/16  ver 3.4  Verb mode for urls, etc.
)
LaTeX Info: Redefining \url on input line 5041.
\XeTeXLinkMargin=\dimen141
\Fld@menulength=\count119
\Field@Width=\dimen142
\Fld@charsize=\dimen143
Package hyperref Info: Hyper figures OFF on input line 6295.
Package hyperref Info: Link nesting OFF on input line 6300.
Package hyperref Info: Hyper index ON on input line 6303.
Package hyperref Info: backreferencing OFF on input line 6310.
Package hyperref Info: Link coloring OFF on input line 6315.
Package hyperref Info: Link coloring with OCG OFF on input line 6320.
Package hyperref Info: PDF/A mode OFF on input line 6325.
LaTeX Info: Redefining \ref on input line 6365.
LaTeX Info: Redefining \pageref on input line 6369.
\Hy@abspage=\count120
\c@Item=\count121
\c@Hfootnote=\count122
)

Package hyperref Message: Driver (autodetected): hpdftex.

(c:/texlive/2014/texmf-dist/tex/latex/hyperref/hpdftex.def
File: hpdftex.def 2012/11/06 v6.83m Hyperref driver for pdfTeX
\Fld@listcount=\count123
\c@bookmark@seq@number=\count124

(c:/texlive/2014/texmf-dist/tex/latex/oberdiek/rerunfilecheck.sty
Package: rerunfilecheck 2011/04/15 v1.7 Rerun checks for auxiliary files (HO)
Package uniquecounter Info: New unique counter `rerunfilecheck' on input line 2
82.
)
\Hy@SectionHShift=\skip63
)
(c:/texlive/2014/texmf-dist/tex/latex/xcolor/xcolor.sty
Package: xcolor 2007/01/21 v2.11 LaTeX color extensions (UK)

(c:/texlive/2014/texmf-dist/tex/latex/latexconfig/color.cfg
File: color.cfg 2007/01/18 v1.5 color configuration of teTeX/TeXLive
)
Package xcolor Info: Driver file: pdftex.def on input line 225.
Package xcolor Info: Model `cmy' substituted by `cmy0' on input line 1337.
Package xcolor Info: Model `hsb' substituted by `rgb' on input line 1341.
Package xcolor Info: Model `RGB' extended on input line 1353.
Package xcolor Info: Model `HTML' substituted by `rgb' on input line 1355.
Package xcolor Info: Model `Hsb' substituted by `hsb' on input line 1356.
Package xcolor Info: Model `tHsb' substituted by `hsb' on input line 1357.
Package xcolor Info: Model `HSB' substituted by `hsb' on input line 1358.
Package xcolor Info: Model `Gray' substituted by `gray' on input line 1359.
Package xcolor Info: Model `wave' substituted by `hsb' on input line 1360.
)
(c:/texlive/2014/texmf-dist/tex/latex/tex-gyre/tgheros.sty
Package: tgheros 2009/09/27 v1.2 TeX Gyre Heros as default sans serif family
)
(c:/texlive/2014/texmf-dist/tex/latex/droid/droidmono.sty
Package: droidmono 2011/09/11 Droid Sans Mono

(c:/texlive/2014/texmf-dist/tex/latex/slantsc/slantsc.sty
Package: slantsc 2012/01/01 v2.11 Provide Slanted an Italic Small Caps

(c:/texlive/2014/texmf-dist/tex/latex/base/ifthen.sty
Package: ifthen 2001/05/26 v1.1c Standard LaTeX ifthen package (DPC)
)
LaTeX Info: Redefining \upshape on input line 35.
LaTeX Info: Redefining \slshape on input line 45.
LaTeX Info: Redefining \itshape on input line 55.
LaTeX Info: Redefining \scshape on input line 65.
))
(c:/texlive/2014/texmf-dist/tex/latex/amsmath/amsmath.sty
Package: amsmath 2013/01/14 v2.14 AMS math features
\@mathmargin=\skip64

For additional information on amsmath, use the `?' option.
(c:/texlive/2014/texmf-dist/tex/latex/amsmath/amstext.sty
Package: amstext 2000/06/29 v2.01

(c:/texlive/2014/texmf-dist/tex/latex/amsmath/amsgen.sty
File: amsgen.sty 1999/11/30 v2.0
\@emptytoks=\toks21
\ex@=\dimen144
))
(c:/texlive/2014/texmf-dist/tex/latex/amsmath/amsbsy.sty
Package: amsbsy 1999/11/29 v1.2d
\pmbraise@=\dimen145
)
(c:/texlive/2014/texmf-dist/tex/latex/amsmath/amsopn.sty
Package: amsopn 1999/12/14 v2.01 operator names
)
\inf@bad=\count125
LaTeX Info: Redefining \frac on input line 210.
\uproot@=\count126
\leftroot@=\count127
LaTeX Info: Redefining \overline on input line 306.
\classnum@=\count128
\DOTSCASE@=\count129
LaTeX Info: Redefining \ldots on input line 378.
LaTeX Info: Redefining \dots on input line 381.
LaTeX Info: Redefining \cdots on input line 466.
\Mathstrutbox@=\box54
\strutbox@=\box55
\big@size=\dimen146
LaTeX Font Info:    Redeclaring font encoding OML on input line 566.
LaTeX Font Info:    Redeclaring font encoding OMS on input line 567.
\macc@depth=\count130
\c@MaxMatrixCols=\count131
\dotsspace@=\muskip11
\c@parentequation=\count132
\dspbrk@lvl=\count133
\tag@help=\toks22
\row@=\count134
\column@=\count135
\maxfields@=\count136
\andhelp@=\toks23
\eqnshift@=\dimen147
\alignsep@=\dimen148
\tagshift@=\dimen149
\tagwidth@=\dimen150
\totwidth@=\dimen151
\lineht@=\dimen152
\@envbody=\toks24
\multlinegap=\skip65
\multlinetaggap=\skip66
\mathdisplay@stack=\toks25
LaTeX Info: Redefining \[ on input line 2665.
LaTeX Info: Redefining \] on input line 2666.
)
(c:/texlive/2014/texmf-dist/tex/latex/amsfonts/amssymb.sty
Package: amssymb 2013/01/14 v3.01 AMS font symbols

(c:/texlive/2014/texmf-dist/tex/latex/amsfonts/amsfonts.sty
Package: amsfonts 2013/01/14 v3.01 Basic AMSFonts support
\symAMSa=\mathgroup4
\symAMSb=\mathgroup5
LaTeX Font Info:    Overwriting math alphabet `\mathfrak' in version `bold'
(Font)                  U/euf/m/n --> U/euf/b/n on input line 106.
))
(c:/texlive/2014/texmf-dist/tex/latex/amscls/amsthm.sty
Package: amsthm 2009/07/02 v2.20.1
\thm@style=\toks26
\thm@bodyfont=\toks27
\thm@headfont=\toks28
\thm@notefont=\toks29
\thm@headpunct=\toks30
\thm@preskip=\skip67
\thm@postskip=\skip68
\thm@headsep=\skip69
\dth@everypar=\toks31
)
(c:/texlive/2014/texmf-dist/tex/latex/base/textcomp.sty
Package: textcomp 2005/09/27 v1.99g Standard LaTeX package
Package textcomp Info: Sub-encoding information:
(textcomp)               5 = only ISO-Adobe without \textcurrency
(textcomp)               4 = 5 + \texteuro
(textcomp)               3 = 4 + \textohm
(textcomp)               2 = 3 + \textestimated + \textcurrency
(textcomp)               1 = TS1 - \textcircled - \t
(textcomp)               0 = TS1 (full)
(textcomp)             Font families with sub-encoding setting implement
(textcomp)             only a restricted character set as indicated.
(textcomp)             Family '?' is the default used for unknown fonts.
(textcomp)             See the documentation for details.
Package textcomp Info: Setting ? sub-encoding to TS1/1 on input line 71.

(c:/texlive/2014/texmf-dist/tex/latex/base/ts1enc.def
File: ts1enc.def 2001/06/05 v3.0e (jk/car/fm) Standard LaTeX file
Now handling font encoding TS1 ...
... processing UTF-8 mapping file for font encoding TS1

(c:/texlive/2014/texmf-dist/tex/latex/base/ts1enc.dfu
File: ts1enc.dfu 2008/04/05 v1.1m UTF-8 support for inputenc
   defining Unicode char U+00A2 (decimal 162)
   defining Unicode char U+00A3 (decimal 163)
   defining Unicode char U+00A4 (decimal 164)
   defining Unicode char U+00A5 (decimal 165)
   defining Unicode char U+00A6 (decimal 166)
   defining Unicode char U+00A7 (decimal 167)
   defining Unicode char U+00A8 (decimal 168)
   defining Unicode char U+00A9 (decimal 169)
   defining Unicode char U+00AA (decimal 170)
   defining Unicode char U+00AC (decimal 172)
   defining Unicode char U+00AE (decimal 174)
   defining Unicode char U+00AF (decimal 175)
   defining Unicode char U+00B0 (decimal 176)
   defining Unicode char U+00B1 (decimal 177)
   defining Unicode char U+00B2 (decimal 178)
   defining Unicode char U+00B3 (decimal 179)
   defining Unicode char U+00B4 (decimal 180)
   defining Unicode char U+00B5 (decimal 181)
   defining Unicode char U+00B6 (decimal 182)
   defining Unicode char U+00B7 (decimal 183)
   defining Unicode char U+00B9 (decimal 185)
   defining Unicode char U+00BA (decimal 186)
   defining Unicode char U+00BC (decimal 188)
   defining Unicode char U+00BD (decimal 189)
   defining Unicode char U+00BE (decimal 190)
   defining Unicode char U+00D7 (decimal 215)
   defining Unicode char U+00F7 (decimal 247)
   defining Unicode char U+0192 (decimal 402)
   defining Unicode char U+02C7 (decimal 711)
   defining Unicode char U+02D8 (decimal 728)
   defining Unicode char U+02DD (decimal 733)
   defining Unicode char U+0E3F (decimal 3647)
   defining Unicode char U+2016 (decimal 8214)
   defining Unicode char U+2020 (decimal 8224)
   defining Unicode char U+2021 (decimal 8225)
   defining Unicode char U+2022 (decimal 8226)
   defining Unicode char U+2030 (decimal 8240)
   defining Unicode char U+2031 (decimal 8241)
   defining Unicode char U+203B (decimal 8251)
   defining Unicode char U+203D (decimal 8253)
   defining Unicode char U+2044 (decimal 8260)
   defining Unicode char U+204E (decimal 8270)
   defining Unicode char U+2052 (decimal 8274)
   defining Unicode char U+20A1 (decimal 8353)
   defining Unicode char U+20A4 (decimal 8356)
   defining Unicode char U+20A6 (decimal 8358)
   defining Unicode char U+20A9 (decimal 8361)
   defining Unicode char U+20AB (decimal 8363)
   defining Unicode char U+20AC (decimal 8364)
   defining Unicode char U+20B1 (decimal 8369)
   defining Unicode char U+2103 (decimal 8451)
   defining Unicode char U+2116 (decimal 8470)
   defining Unicode char U+2117 (decimal 8471)
   defining Unicode char U+211E (decimal 8478)
   defining Unicode char U+2120 (decimal 8480)
   defining Unicode char U+2122 (decimal 8482)
   defining Unicode char U+2126 (decimal 8486)
   defining Unicode char U+2127 (decimal 8487)
   defining Unicode char U+212E (decimal 8494)
   defining Unicode char U+2190 (decimal 8592)
   defining Unicode char U+2191 (decimal 8593)
   defining Unicode char U+2192 (decimal 8594)
   defining Unicode char U+2193 (decimal 8595)
   defining Unicode char U+2329 (decimal 9001)
   defining Unicode char U+232A (decimal 9002)
   defining Unicode char U+2422 (decimal 9250)
   defining Unicode char U+25E6 (decimal 9702)
   defining Unicode char U+25EF (decimal 9711)
   defining Unicode char U+266A (decimal 9834)
))
LaTeX Info: Redefining \oldstylenums on input line 266.
Package textcomp Info: Setting cmr sub-encoding to TS1/0 on input line 281.
Package textcomp Info: Setting cmss sub-encoding to TS1/0 on input line 282.
Package textcomp Info: Setting cmtt sub-encoding to TS1/0 on input line 283.
Package textcomp Info: Setting cmvtt sub-encoding to TS1/0 on input line 284.
Package textcomp Info: Setting cmbr sub-encoding to TS1/0 on input line 285.
Package textcomp Info: Setting cmtl sub-encoding to TS1/0 on input line 286.
Package textcomp Info: Setting ccr sub-encoding to TS1/0 on input line 287.
Package textcomp Info: Setting ptm sub-encoding to TS1/4 on input line 288.
Package textcomp Info: Setting pcr sub-encoding to TS1/4 on input line 289.
Package textcomp Info: Setting phv sub-encoding to TS1/4 on input line 290.
Package textcomp Info: Setting ppl sub-encoding to TS1/3 on input line 291.
Package textcomp Info: Setting pag sub-encoding to TS1/4 on input line 292.
Package textcomp Info: Setting pbk sub-encoding to TS1/4 on input line 293.
Package textcomp Info: Setting pnc sub-encoding to TS1/4 on input line 294.
Package textcomp Info: Setting pzc sub-encoding to TS1/4 on input line 295.
Package textcomp Info: Setting bch sub-encoding to TS1/4 on input line 296.
Package textcomp Info: Setting put sub-encoding to TS1/5 on input line 297.
Package textcomp Info: Setting uag sub-encoding to TS1/5 on input line 298.
Package textcomp Info: Setting ugq sub-encoding to TS1/5 on input line 299.
Package textcomp Info: Setting ul8 sub-encoding to TS1/4 on input line 300.
Package textcomp Info: Setting ul9 sub-encoding to TS1/4 on input line 301.
Package textcomp Info: Setting augie sub-encoding to TS1/5 on input line 302.
Package textcomp Info: Setting dayrom sub-encoding to TS1/3 on input line 303.
Package textcomp Info: Setting dayroms sub-encoding to TS1/3 on input line 304.

Package textcomp Info: Setting pxr sub-encoding to TS1/0 on input line 305.
Package textcomp Info: Setting pxss sub-encoding to TS1/0 on input line 306.
Package textcomp Info: Setting pxtt sub-encoding to TS1/0 on input line 307.
Package textcomp Info: Setting txr sub-encoding to TS1/0 on input line 308.
Package textcomp Info: Setting txss sub-encoding to TS1/0 on input line 309.
Package textcomp Info: Setting txtt sub-encoding to TS1/0 on input line 310.
Package textcomp Info: Setting lmr sub-encoding to TS1/0 on input line 311.
Package textcomp Info: Setting lmdh sub-encoding to TS1/0 on input line 312.
Package textcomp Info: Setting lmss sub-encoding to TS1/0 on input line 313.
Package textcomp Info: Setting lmssq sub-encoding to TS1/0 on input line 314.
Package textcomp Info: Setting lmvtt sub-encoding to TS1/0 on input line 315.
Package textcomp Info: Setting qhv sub-encoding to TS1/0 on input line 316.
Package textcomp Info: Setting qag sub-encoding to TS1/0 on input line 317.
Package textcomp Info: Setting qbk sub-encoding to TS1/0 on input line 318.
Package textcomp Info: Setting qcr sub-encoding to TS1/0 on input line 319.
Package textcomp Info: Setting qcs sub-encoding to TS1/0 on input line 320.
Package textcomp Info: Setting qpl sub-encoding to TS1/0 on input line 321.
Package textcomp Info: Setting qtm sub-encoding to TS1/0 on input line 322.
Package textcomp Info: Setting qzc sub-encoding to TS1/0 on input line 323.
Package textcomp Info: Setting qhvc sub-encoding to TS1/0 on input line 324.
Package textcomp Info: Setting futs sub-encoding to TS1/4 on input line 325.
Package textcomp Info: Setting futx sub-encoding to TS1/4 on input line 326.
Package textcomp Info: Setting futj sub-encoding to TS1/4 on input line 327.
Package textcomp Info: Setting hlh sub-encoding to TS1/3 on input line 328.
Package textcomp Info: Setting hls sub-encoding to TS1/3 on input line 329.
Package textcomp Info: Setting hlst sub-encoding to TS1/3 on input line 330.
Package textcomp Info: Setting hlct sub-encoding to TS1/5 on input line 331.
Package textcomp Info: Setting hlx sub-encoding to TS1/5 on input line 332.
Package textcomp Info: Setting hlce sub-encoding to TS1/5 on input line 333.
Package textcomp Info: Setting hlcn sub-encoding to TS1/5 on input line 334.
Package textcomp Info: Setting hlcw sub-encoding to TS1/5 on input line 335.
Package textcomp Info: Setting hlcf sub-encoding to TS1/5 on input line 336.
Package textcomp Info: Setting pplx sub-encoding to TS1/3 on input line 337.
Package textcomp Info: Setting pplj sub-encoding to TS1/3 on input line 338.
Package textcomp Info: Setting ptmx sub-encoding to TS1/4 on input line 339.
Package textcomp Info: Setting ptmj sub-encoding to TS1/4 on input line 340.
))
(c:/texlive/2014/texmf-dist/tex/latex/setspace/setspace.sty
Package: setspace 2011/12/19 v6.7a set line spacing
)
\@input{TeX/SourceCode.aux}
\openout2 = `TeX/SourceCode.aux'.

(./TeX/SourceCode.tex
(c:/texlive/2014/texmf-dist/tex/latex/listings/lstlang1.sty
File: lstlang1.sty 2014/09/06 1.5e listings language file
)
(c:/texlive/2014/texmf-dist/tex/latex/listings/lstlang1.sty
File: lstlang1.sty 2014/09/06 1.5e listings language file
)
(c:/texlive/2014/texmf-dist/tex/latex/listings/lstmisc.sty
File: lstmisc.sty 2014/09/06 1.5e (Carsten Heinz)
)) (./Rapport.aux

LaTeX Warning: Label `tab:testtab1' multiply defined.


LaTeX Warning: Label `tab:testtab1' multiply defined.

(./TeX/Datasheet.aux)

LaTeX Warning: Label `tab:testtab1' multiply defined.

(./TeX/OrCAD.aux) (./TeX/calculs.aux) (./TeX/Conclusion.aux)
(./Codesource/cSharp.aux) (./Codesource/BolideUpsd.aux) (./Codesource/FESTO.aux
) (./Codesource/PIC.aux) (./Codesource/ShellScript.aux) (./TeX/joke.aux))
\openout1 = `Rapport.aux'.

LaTeX Font Info:    Checking defaults for OML/cmm/m/it on input line 7.
LaTeX Font Info:    ... okay on input line 7.
LaTeX Font Info:    Checking defaults for T1/cmr/m/n on input line 7.
LaTeX Font Info:    ... okay on input line 7.
LaTeX Font Info:    Checking defaults for OT1/cmr/m/n on input line 7.
LaTeX Font Info:    ... okay on input line 7.
LaTeX Font Info:    Checking defaults for OMS/cmsy/m/n on input line 7.
LaTeX Font Info:    ... okay on input line 7.
LaTeX Font Info:    Checking defaults for OMX/cmex/m/n on input line 7.
LaTeX Font Info:    ... okay on input line 7.
LaTeX Font Info:    Checking defaults for U/cmr/m/n on input line 7.
LaTeX Font Info:    ... okay on input line 7.
LaTeX Font Info:    Checking defaults for PD1/pdf/m/n on input line 7.
LaTeX Font Info:    ... okay on input line 7.
LaTeX Font Info:    Checking defaults for TS1/cmr/m/n on input line 7.
LaTeX Font Info:    Try loading font information for TS1+cmr on input line 7.

(c:/texlive/2014/texmf-dist/tex/latex/base/ts1cmr.fd
File: ts1cmr.fd 1999/05/25 v2.5h Standard LaTeX font definitions
)
LaTeX Font Info:    ... okay on input line 7.
LaTeX Font Info:    Try loading font information for OT1+qhv on input line 7.

(c:/texlive/2014/texmf-dist/tex/latex/tex-gyre/ot1qhv.fd
File: ot1qhv.fd 2009/09/25 v1.2 font definition file for OT1/qhv
)
*geometry* driver: auto-detecting
*geometry* detected driver: pdftex
*geometry* verbose mode - [ preamble ] result:
* driver: pdftex
* paper: a4paper
* layout: <same size as paper>
* layoutoffset:(h,v)=(0.0pt,0.0pt)
* modes: 
* h-part:(L,W,R)=(28.45274pt, 540.60239pt, 28.45274pt)
* v-part:(T,H,B)=(56.9055pt, 731.23584pt, 56.9055pt)
* \paperwidth=597.50787pt
* \paperheight=845.04684pt
* \textwidth=540.60239pt
* \textheight=731.23584pt
* \oddsidemargin=-43.81725pt
* \evensidemargin=-43.81725pt
* \topmargin=-52.36449pt
* \headheight=12.0pt
* \headsep=25.0pt
* \topskip=10.0pt
* \footskip=30.0pt
* \marginparwidth=57.0pt
* \marginparsep=11.0pt
* \columnsep=10.0pt
* \skip\footins=9.0pt plus 4.0pt minus 2.0pt
* \hoffset=0.0pt
* \voffset=0.0pt
* \mag=1000
* \@twocolumnfalse
* \@twosidefalse
* \@mparswitchfalse
* \@reversemarginfalse
* (1in=72.27pt=25.4mm, 1cm=28.453pt)

LaTeX Info: Redefining \degres on input line 7.
LaTeX Info: Redefining \dots on input line 7.
LaTeX Info: Redefining \up on input line 7.

Package frenchb.ldf Warning: OT1 encoding should not be used for French.
(frenchb.ldf)                Add \usepackage[T1]{fontenc} to the preamble
(frenchb.ldf)                of your document, on input line 7.

(c:/texlive/2014/texmf-dist/tex/context/base/supp-pdf.mkii
[Loading MPS to PDF converter (version 2006.09.02).]
\scratchcounter=\count137
\scratchdimen=\dimen153
\scratchbox=\box56
\nofMPsegments=\count138
\nofMParguments=\count139
\everyMPshowfont=\toks32
\MPscratchCnt=\count140
\MPscratchDim=\dimen154
\MPnumerator=\count141
\makeMPintoPDFobject=\count142
\everyMPtoPDFconversion=\toks33
) (c:/texlive/2014/texmf-dist/tex/latex/oberdiek/epstopdf-base.sty
Package: epstopdf-base 2010/02/09 v2.5 Base part for package epstopdf

(c:/texlive/2014/texmf-dist/tex/latex/oberdiek/grfext.sty
Package: grfext 2010/08/19 v1.1 Manage graphics extensions (HO)
)
Package grfext Info: Graphics extension search list:
(grfext)             [.png,.pdf,.jpg,.mps,.jpeg,.jbig2,.jb2,.PNG,.PDF,.JPG,.JPE
G,.JBIG2,.JB2,.eps]
(grfext)             \AppendGraphicsExtensions on input line 452.

(c:/texlive/2014/texmf-dist/tex/latex/latexconfig/epstopdf-sys.cfg
File: epstopdf-sys.cfg 2010/07/13 v1.3 Configuration of (r)epstopdf for TeX Liv
e
))
\c@lstlisting=\count143
\AtBeginShipoutBox=\box57
Package hyperref Info: Link coloring OFF on input line 7.

(c:/texlive/2014/texmf-dist/tex/latex/hyperref/nameref.sty
Package: nameref 2012/10/27 v2.43 Cross-referencing by name of section

(c:/texlive/2014/texmf-dist/tex/generic/oberdiek/gettitlestring.sty
Package: gettitlestring 2010/12/03 v1.4 Cleanup title references (HO)
)
\c@section@level=\count144
)
LaTeX Info: Redefining \ref on input line 7.
LaTeX Info: Redefining \pageref on input line 7.
LaTeX Info: Redefining \nameref on input line 7.

(./Rapport.out) (./Rapport.out)
\@outlinefile=\write3
\openout3 = `Rapport.out'.


<Figures/School_Logo.jpg, id=305, 216.81pt x 124.7862pt>
File: Figures/School_Logo.jpg Graphic file (type jpg)

<use Figures/School_Logo.jpg>
Package pdftex.def Info: Figures/School_Logo.jpg used on input line 17.
(pdftex.def)             Requested size: 216.80946pt x 124.78587pt.
LaTeX Font Info:    Try loading font information for U+msa on input line 20.

(c:/texlive/2014/texmf-dist/tex/latex/amsfonts/umsa.fd
File: umsa.fd 2013/01/14 v3.01 AMS symbols A
)
LaTeX Font Info:    Try loading font information for U+msb on input line 20.

(c:/texlive/2014/texmf-dist/tex/latex/amsfonts/umsb.fd
File: umsb.fd 2013/01/14 v3.01 AMS symbols B
)
<Figures/Picture_for_Title.jpg, id=306, 473.1276pt x 251.2587pt>
File: Figures/Picture_for_Title.jpg Graphic file (type jpg)

<use Figures/Picture_for_Title.jpg>
Package pdftex.def Info: Figures/Picture_for_Title.jpg used on input line 64.
(pdftex.def)             Requested size: 283.87874pt x 150.75636pt.


LaTeX Font Warning: Font shape `OT1/qhv/m/sl' in size <10> not available
(Font)              Font shape `OT1/qhv/m/it' tried instead on input line 79.

[1





{c:/texlive/2014/texmf-var/fonts/map/pdftex/updmap/pdftex.map} <./Figures/Schoo
l_Logo.jpg> <./Figures/Picture_for_Title.jpg>] (./Rapport.toc

Package Fancyhdr Warning: \headheight is too small (12.0pt): 
 Make it at least 12.95004pt.
 We now make it that large for the rest of the document.
 This may cause the page layout to be inconsistent, however.

[2])
\tf@toc=\write4
\openout4 = `Rapport.toc'.

 [3] (./Rapport.lof)
\tf@lof=\write5
\openout5 = `Rapport.lof'.

 (./Rapport.lot)
\tf@lot=\write6
\openout6 = `Rapport.lot'.

 [4]
<Figures/SchemaBloc/1.png, id=462, 1157.82562pt x 507.39563pt>
File: Figures/SchemaBloc/1.png Graphic file (type png)

<use Figures/SchemaBloc/1.png>
Package pdftex.def Info: Figures/SchemaBloc/1.png used on input line 124.
(pdftex.def)             Requested size: 521.01672pt x 228.32593pt.
 [5 <./Figures/SchemaBloc/1.png>]
<Figures/SchemaBloc/bolide.png, id=470, 392.1852pt x 498.1812pt>
File: Figures/SchemaBloc/bolide.png Graphic file (type png)

<use Figures/SchemaBloc/bolide.png>
Package pdftex.def Info: Figures/SchemaBloc/bolide.png used on input line 133.
(pdftex.def)             Requested size: 470.61987pt x 597.81444pt.

<Figures/SchemaBloc/festo.png, id=471, 484.9317pt x 780.516pt>
File: Figures/SchemaBloc/festo.png Graphic file (type png)

<use Figures/SchemaBloc/festo.png>
Package pdftex.def Info: Figures/SchemaBloc/festo.png used on input line 144.
(pdftex.def)             Requested size: 426.74121pt x 686.85622pt.


LaTeX Warning: Float too large for page by 0.68034pt on input line 145.

<Figures/SchemaBloc/soc8200.png, id=472, 526.3665pt x 691.383pt>
File: Figures/SchemaBloc/soc8200.png Graphic file (type png)

<use Figures/SchemaBloc/soc8200.png>
Package pdftex.def Info: Figures/SchemaBloc/soc8200.png used on input line 155.

(pdftex.def)             Requested size: 526.36522pt x 691.38132pt.


LaTeX Warning: Float too large for page by 5.20544pt on input line 156.

[6] [7 <./Figures/SchemaBloc/bolide.png>] [8 <./Figures/SchemaBloc/festo.png>]
[9 <./Figures/SchemaBloc/soc8200.png>]
LaTeX Font Info:    Try loading font information for TS1+qhv on input line 178.


(c:/texlive/2014/texmf-dist/tex/latex/tex-gyre/ts1qhv.fd
File: ts1qhv.fd 2009/09/25 v1.2 font definition file for TS1/qhv
) [10] [11] [12]
[13] [14] [15] [16]
\openout2 = `TeX/Datasheet.aux'.

 (./TeX/Datasheet.tex
LaTeX Font Info:    Try loading font information for OT1+fdm on input line 6.

(c:/texlive/2014/texmf-dist/tex/latex/droid/ot1fdm.fd
File: ot1fdm.fd 2011/09/11 Fontinst v1.933 font definitions for OT1/fdm.
) [17

]

pdfTeX warning: pdflatex.exe (file ./Figures/Datasheets/74HC14.pdf): PDF inclus
ion: found PDF version <1.7>, but at most version <1.5> allowed
<Figures/Datasheets/74HC14.pdf, id=548, 614.295pt x 794.97pt>
File: Figures/Datasheets/74HC14.pdf Graphic file (type pdf)

<use Figures/Datasheets/74HC14.pdf>
Package pdftex.def Info: Figures/Datasheets/74HC14.pdf used on input line 36.
(pdftex.def)             Requested size: 122.85681pt x 158.99118pt.


pdfTeX warning: pdflatex.exe (file ./Figures/Datasheets/dac6574.pdf): PDF inclu
sion: found PDF version <1.7>, but at most version <1.5> allowed
<Figures/Datasheets/dac6574.pdf, id=549, 614.295pt x 794.97pt>
File: Figures/Datasheets/dac6574.pdf Graphic file (type pdf)

<use Figures/Datasheets/dac6574.pdf>
Package pdftex.def Info: Figures/Datasheets/dac6574.pdf used on input line 38.
(pdftex.def)             Requested size: 122.85681pt x 158.99118pt.


pdfTeX warning: pdflatex.exe (file ./Figures/Datasheets/DS89C450.pdf): PDF incl
usion: found PDF version <1.7>, but at most version <1.5> allowed
<Figures/Datasheets/DS89C450.pdf, id=550, 614.295pt x 794.97pt>
File: Figures/Datasheets/DS89C450.pdf Graphic file (type pdf)

<use Figures/Datasheets/DS89C450.pdf>
Package pdftex.def Info: Figures/Datasheets/DS89C450.pdf used on input line 40.

(pdftex.def)             Requested size: 122.85681pt x 158.99118pt.

Underfull \hbox (badness 10000) in paragraph at lines 35--41

 []



pdfTeX warning: pdflatex.exe (file ./Figures/Datasheets/LineSensor.pdf): PDF in
clusion: found PDF version <1.7>, but at most version <1.5> allowed
<Figures/Datasheets/LineSensor.pdf, id=551, 614.295pt x 794.97pt>
File: Figures/Datasheets/LineSensor.pdf Graphic file (type pdf)

<use Figures/Datasheets/LineSensor.pdf>
Package pdftex.def Info: Figures/Datasheets/LineSensor.pdf used on input line 4
5.
(pdftex.def)             Requested size: 122.85681pt x 158.99118pt.


pdfTeX warning: pdflatex.exe (file ./Figures/Datasheets/lm3914.pdf): PDF inclus
ion: found PDF version <1.7>, but at most version <1.5> allowed
<Figures/Datasheets/lm3914.pdf, id=552, 614.295pt x 794.97pt>
File: Figures/Datasheets/lm3914.pdf Graphic file (type pdf)

<use Figures/Datasheets/lm3914.pdf>
Package pdftex.def Info: Figures/Datasheets/lm3914.pdf used on input line 47.
(pdftex.def)             Requested size: 122.85681pt x 158.99118pt.


pdfTeX warning: pdflatex.exe (file ./Figures/Datasheets/opt101.pdf): PDF inclus
ion: found PDF version <1.7>, but at most version <1.5> allowed
<Figures/Datasheets/opt101.pdf, id=553, 614.295pt x 794.97pt>
File: Figures/Datasheets/opt101.pdf Graphic file (type pdf)

<use Figures/Datasheets/opt101.pdf>
Package pdftex.def Info: Figures/Datasheets/opt101.pdf used on input line 49.
(pdftex.def)             Requested size: 122.85681pt x 158.99118pt.

Underfull \hbox (badness 10000) in paragraph at lines 44--50

 []



pdfTeX warning: pdflatex.exe (file ./Figures/Datasheets/PCF8574.pdf): PDF inclu
sion: found PDF version <1.7>, but at most version <1.5> allowed
<Figures/Datasheets/PCF8574.pdf, id=554, 614.295pt x 794.97pt>
File: Figures/Datasheets/PCF8574.pdf Graphic file (type pdf)

<use Figures/Datasheets/PCF8574.pdf>
Package pdftex.def Info: Figures/Datasheets/PCF8574.pdf used on input line 54.
(pdftex.def)             Requested size: 122.85681pt x 158.99118pt.


pdfTeX warning: pdflatex.exe (file ./Figures/Datasheets/UPSD3254A.pdf): PDF inc
lusion: found PDF version <1.7>, but at most version <1.5> allowed
<Figures/Datasheets/UPSD3254A.pdf, id=555, 614.295pt x 794.97pt>
File: Figures/Datasheets/UPSD3254A.pdf Graphic file (type pdf)

<use Figures/Datasheets/UPSD3254A.pdf>
Package pdftex.def Info: Figures/Datasheets/UPSD3254A.pdf used on input line 56
.
(pdftex.def)             Requested size: 122.85681pt x 158.99118pt.


pdfTeX warning: pdflatex.exe (file ./Figures/Datasheets/Sabertooth.pdf): PDF in
clusion: found PDF version <1.7>, but at most version <1.5> allowed
<Figures/Datasheets/Sabertooth.pdf, id=556, 614.295pt x 794.97pt>
File: Figures/Datasheets/Sabertooth.pdf Graphic file (type pdf)

<use Figures/Datasheets/Sabertooth.pdf>
Package pdftex.def Info: Figures/Datasheets/Sabertooth.pdf used on input line 5
8.
(pdftex.def)             Requested size: 122.85681pt x 158.99118pt.

Underfull \hbox (badness 10000) in paragraph at lines 53--59

 []

[18 <./Figures/Datasheets/74HC14.pdf> <./Figures/Datasheets/dac6574.pdf> <./Fig
ures/Datasheets/DS89C450.pdf> <./Figures/Datasheets/LineSensor.pdf> <./Figures/
Datasheets/lm3914.pdf> <./Figures/Datasheets/opt101.pdf> <./Figures/Datasheets/
PCF8574.pdf> <./Figures/Datasheets/UPSD3254A.pdf> <./Figures/Datasheets/Saberto
oth.pdf>]
File: Figures/Datasheets/74HC14.pdf Graphic file (type pdf)
 <use Figures/Datasheets/74HC14.pdf>
Package pdftex.def Info: Figures/Datasheets/74HC14.pdf used on input line 67.
(pdftex.def)             Requested size: 122.85681pt x 158.99118pt.
File: Figures/Datasheets/dac6574.pdf Graphic file (type pdf)

<use Figures/Datasheets/dac6574.pdf>
Package pdftex.def Info: Figures/Datasheets/dac6574.pdf used on input line 69.
(pdftex.def)             Requested size: 122.85681pt x 158.99118pt.
File: Figures/Datasheets/DS89C450.pdf Graphic file (type pdf)
 <use Figures/Datasheets/DS89C450.pdf>
Package pdftex.def Info: Figures/Datasheets/DS89C450.pdf used on input line 71.

(pdftex.def)             Requested size: 122.85681pt x 158.99118pt.

Underfull \hbox (badness 10000) in paragraph at lines 66--72

 []

File: Figures/Datasheets/LineSensor.pdf Graphic file (type pdf)
<use Figures/Datasheets/LineSensor.pdf>
Package pdftex.def Info: Figures/Datasheets/LineSensor.pdf used on input line 7
6.
(pdftex.def)             Requested size: 122.85681pt x 158.99118pt.
File: Figures/Datasheets/lm3914.pdf Graphic file (type pdf)
 <use Figures/Datasheets/lm3914.pdf>
Package pdftex.def Info: Figures/Datasheets/lm3914.pdf used on input line 78.
(pdftex.def)             Requested size: 122.85681pt x 158.99118pt.
File: Figures/Datasheets/opt101.pdf Graphic file (type pdf)

<use Figures/Datasheets/opt101.pdf>
Package pdftex.def Info: Figures/Datasheets/opt101.pdf used on input line 80.
(pdftex.def)             Requested size: 122.85681pt x 158.99118pt.

Underfull \hbox (badness 10000) in paragraph at lines 75--81

 []

File: Figures/Datasheets/PCF8574.pdf Graphic file (type pdf)
<use Figures/Datasheets/PCF8574.pdf>
Package pdftex.def Info: Figures/Datasheets/PCF8574.pdf used on input line 85.
(pdftex.def)             Requested size: 122.85681pt x 158.99118pt.
File: Figures/Datasheets/UPSD3254A.pdf Graphic file (type pdf)
 <use Figures/Datasheets/UPSD3254A.pdf>
Package pdftex.def Info: Figures/Datasheets/UPSD3254A.pdf used on input line 87
.
(pdftex.def)             Requested size: 122.85681pt x 158.99118pt.
File: Figures/Datasheets/Sabertooth.pdf Graphic file (type pdf)

<use Figures/Datasheets/Sabertooth.pdf>
Package pdftex.def Info: Figures/Datasheets/Sabertooth.pdf used on input line 8
9.
(pdftex.def)             Requested size: 122.85681pt x 158.99118pt.

Underfull \hbox (badness 10000) in paragraph at lines 84--90

 []

) [19] <Figures/programme.png, id=626, 778.40813pt x 467.49657pt>
File: Figures/programme.png Graphic file (type png)

<use Figures/programme.png>
Package pdftex.def Info: Figures/programme.png used on input line 454.
(pdftex.def)             Requested size: 544.88199pt x 327.24536pt.

Overfull \hbox (11.07959pt too wide) in paragraph at lines 454--455
 [][] 
 []


Underfull \hbox (badness 10000) in paragraph at lines 457--458

 []

[20

 <./Figures/programme.png>]
File: Figures/programme.png Graphic file (type png)
 <use Figures/programme.png>
Package pdftex.def Info: Figures/programme.png used on input line 465.
(pdftex.def)             Requested size: 544.88199pt x 327.24536pt.

Overfull \hbox (11.07959pt too wide) in paragraph at lines 465--466
 [][] 
 []

[21]
File: Figures/programme.png Graphic file (type png)
 <use Figures/programme.png>
Package pdftex.def Info: Figures/programme.png used on input line 473.
(pdftex.def)             Requested size: 544.88199pt x 327.24536pt.

Overfull \hbox (11.07959pt too wide) in paragraph at lines 473--474
 [][] 
 []

[22] [23] [24]
<Figures/Doxygen/clvehicule.pdf, id=658, 501.875pt x 100.97725pt>
File: Figures/Doxygen/clvehicule.pdf Graphic file (type pdf)

<use Figures/Doxygen/clvehicule.pdf>
Package pdftex.def Info: Figures/Doxygen/clvehicule.pdf used on input line 557.

(pdftex.def)             Requested size: 526.96898pt x 106.02614pt.

<Figures/Doxygen/Station1.pdf, id=659, 501.875pt x 184.1781pt>
File: Figures/Doxygen/Station1.pdf Graphic file (type pdf)

<use Figures/Doxygen/Station1.pdf>
Package pdftex.def Info: Figures/Doxygen/Station1.pdf used on input line 559.
(pdftex.def)             Requested size: 351.31009pt x 128.92378pt.

<Figures/Doxygen/SPI.pdf, id=660, 501.875pt x 113.10255pt>
File: Figures/Doxygen/SPI.pdf Graphic file (type pdf)

<use Figures/Doxygen/SPI.pdf>
Package pdftex.def Info: Figures/Doxygen/SPI.pdf used on input line 561.
(pdftex.def)             Requested size: 501.87376pt x 113.10226pt.

<Figures/Doxygen/i2c.pdf, id=661, 501.875pt x 167.29501pt>
File: Figures/Doxygen/i2c.pdf Graphic file (type pdf)

<use Figures/Doxygen/i2c.pdf>
Package pdftex.def Info: Figures/Doxygen/i2c.pdf used on input line 563.
(pdftex.def)             Requested size: 501.87376pt x 167.29459pt.
 [25] [26 <./Figures/Doxygen/clvehicule.pdf> <./Figures/Doxygen/Station1.pdf> <
./Figures/Doxygen/SPI.pdf> <./Figures/Doxygen/i2c.pdf>] <Figures/Procedure/proc
edure.png, id=691, 441.14813pt x 200.24812pt>
File: Figures/Procedure/procedure.png Graphic file (type png)

<use Figures/Procedure/procedure.png>
Package pdftex.def Info: Figures/Procedure/procedure.png used on input line 598
.
(pdftex.def)             Requested size: 441.14705pt x 200.24763pt.

Underfull \hbox (badness 10000) in paragraph at lines 601--602

 []

[27 <./Figures/Procedure/procedure.png>]
<Figures/Procedure/PIC.png, id=706, 677.53125pt x 150.5625pt>
File: Figures/Procedure/PIC.png Graphic file (type png)

<use Figures/Procedure/PIC.png>
Package pdftex.def Info: Figures/Procedure/PIC.png used on input line 625.
(pdftex.def)             Requested size: 521.70067pt x 115.93347pt.
 [28 <./Figures/Procedure/PIC.png>]
\openout2 = `TeX/OrCAD.aux'.


(./TeX/OrCAD.tex

pdfTeX warning: pdflatex.exe (file ./Figures/OrCad/PAGE1.pdf): PDF inclusion: f
ound PDF version <1.7>, but at most version <1.5> allowed
<Figures/OrCad/PAGE1.pdf, id=712, 794.97pt x 614.295pt>
File: Figures/OrCad/PAGE1.pdf Graphic file (type pdf)

<use Figures/OrCad/PAGE1.pdf>
Package pdftex.def Info: Figures/OrCad/PAGE1.pdf used on input line 6.
(pdftex.def)             Requested size: 691.61833pt x 534.43233pt.


LaTeX Warning: Float too large for page by 8.27046pt on input line 7.



pdfTeX warning: pdflatex.exe (file ./Figures/OrCad/PAGE2.pdf): PDF inclusion: f
ound PDF version <1.7>, but at most version <1.5> allowed
<Figures/OrCad/PAGE2.pdf, id=713, 794.97pt x 614.295pt>
File: Figures/OrCad/PAGE2.pdf Graphic file (type pdf)

<use Figures/OrCad/PAGE2.pdf>
Package pdftex.def Info: Figures/OrCad/PAGE2.pdf used on input line 12.
(pdftex.def)             Requested size: 691.61833pt x 534.43233pt.


pdfTeX warning: pdflatex.exe (file ./Figures/OrCad/PAGE3.pdf): PDF inclusion: f
ound PDF version <1.7>, but at most version <1.5> allowed
<Figures/OrCad/PAGE3.pdf, id=714, 794.97pt x 614.295pt>
File: Figures/OrCad/PAGE3.pdf Graphic file (type pdf)

<use Figures/OrCad/PAGE3.pdf>
Package pdftex.def Info: Figures/OrCad/PAGE3.pdf used on input line 18.
(pdftex.def)             Requested size: 691.61833pt x 534.43233pt.


pdfTeX warning: pdflatex.exe (file ./Figures/OrCad/PAGE4.pdf): PDF inclusion: f
ound PDF version <1.7>, but at most version <1.5> allowed
<Figures/OrCad/PAGE4.pdf, id=715, 794.97pt x 614.295pt>
File: Figures/OrCad/PAGE4.pdf Graphic file (type pdf)

<use Figures/OrCad/PAGE4.pdf>
Package pdftex.def Info: Figures/OrCad/PAGE4.pdf used on input line 24.
(pdftex.def)             Requested size: 691.61833pt x 534.43233pt.

<Figures/OrCad/top.png, id=717, 1144.275pt x 462.22687pt>
File: Figures/OrCad/top.png Graphic file (type png)

<use Figures/OrCad/top.png>
Package pdftex.def Info: Figures/OrCad/top.png used on input line 35.
(pdftex.def)             Requested size: 537.80933pt x 217.24666pt.

Overfull \hbox (4.00693pt too wide) in paragraph at lines 35--36
 [][] 
 []

<Figures/OrCad/bot.png, id=718, 1142.76938pt x 462.22687pt>
File: Figures/OrCad/bot.png Graphic file (type png)

<use Figures/OrCad/bot.png>
Package pdftex.def Info: Figures/OrCad/bot.png used on input line 44.
(pdftex.def)             Requested size: 537.10168pt x 217.24666pt.

Overfull \hbox (3.29929pt too wide) in paragraph at lines 44--45
 [][] 
 []

<Figures/OrCad/sstop.png, id=719, 1144.275pt x 460.72125pt>
File: Figures/OrCad/sstop.png Graphic file (type png)

<use Figures/OrCad/sstop.png>
Package pdftex.def Info: Figures/OrCad/sstop.png used on input line 51.
(pdftex.def)             Requested size: 537.80933pt x 216.53902pt.

Overfull \hbox (4.00693pt too wide) in paragraph at lines 51--52
 [][] 
 []

<Figures/OrCad/smt.png, id=720, 1121.69063pt x 447.92343pt>
File: Figures/OrCad/smt.png Graphic file (type png)

<use Figures/OrCad/smt.png>
Package pdftex.def Info: Figures/OrCad/smt.png used on input line 60.
(pdftex.def)             Requested size: 527.19467pt x 210.52403pt.

<Figures/OrCad/drill.png, id=721, 1153.30875pt x 679.78969pt>
File: Figures/OrCad/drill.png Graphic file (type png)

<use Figures/OrCad/drill.png>
Package pdftex.def Info: Figures/OrCad/drill.png used on input line 68.
(pdftex.def)             Requested size: 518.98415pt x 305.90253pt.

<Figures/OrCad/patch.jpg, id=722, 1144.275pt x 462.22687pt>
File: Figures/OrCad/patch.jpg Graphic file (type jpg)

<use Figures/OrCad/patch.jpg>
Package pdftex.def Info: Figures/OrCad/patch.jpg used on input line 77.
(pdftex.def)             Requested size: 514.91899pt x 208.00017pt.
) [29 <./Figures/OrCad/PAGE1.pdf>] [30 <./Figures/OrCad/PAGE2.pdf>] [31 <./Figu
res/OrCad/PAGE3.pdf>] [32 <./Figures/OrCad/PAGE4.pdf>] [33 <./Figures/OrCad/top
.png> <./Figures/OrCad/bot.png>] [34 <./Figures/OrCad/sstop.png> <./Figures/OrC
ad/smt.png>] [35 <./Figures/OrCad/drill.png> <./Figures/OrCad/patch.jpg>]
\openout2 = `TeX/calculs.aux'.

 (./TeX/calculs.tex
Underfull \hbox (badness 10000) in paragraph at lines 5--6

 []


Underfull \hbox (badness 10000) in paragraph at lines 9--10

 []

) [36



]
\openout2 = `TeX/Conclusion.aux'.

 (./TeX/Conclusion.tex) [37


]
\openout2 = `Codesource/cSharp.aux'.

 (./Codesource/cSharp.tex) [38


]
\openout2 = `Codesource/BolideUpsd.aux'.


(./Codesource/BolideUpsd.tex) [39


]
\openout2 = `Codesource/FESTO.aux'.

 (./Codesource/FESTO.tex) [40


]
\openout2 = `Codesource/PIC.aux'.


(./Codesource/PIC.tex
LaTeX Font Info:    Try loading font information for OMS+qhv on input line 5.
LaTeX Font Info:    No file OMSqhv.fd. on input line 5.


LaTeX Font Warning: Font shape `OMS/qhv/m/n' undefined
(Font)              using `OMS/cmsy/m/n' instead
(Font)              for symbol `textbraceleft' on input line 5.

) [41


]
\openout2 = `Codesource/ShellScript.aux'.

 (./Codesource/ShellScript.tex
LaTeX Font Info:    Try loading font information for OML+qhv on input line 59.
LaTeX Font Info:    No file OMLqhv.fd. on input line 59.


LaTeX Font Warning: Font shape `OML/qhv/m/n' undefined
(Font)              using `OML/cmm/m/it' instead
(Font)              for symbol `textgreater' on input line 59.

) [42


]
\openout2 = `TeX/joke.aux'.

 (./TeX/joke.tex
Underfull \hbox (badness 10000) in paragraph at lines 2--3

 []

) [43


]
Package atveryend Info: Empty hook `BeforeClearDocument' on input line 644.
Package atveryend Info: Empty hook `AfterLastShipout' on input line 644.
 (./Rapport.aux (./TeX/Datasheet.aux) (./TeX/OrCAD.aux)
(./TeX/calculs.aux) (./TeX/Conclusion.aux) (./Codesource/cSharp.aux)
(./Codesource/BolideUpsd.aux) (./Codesource/FESTO.aux) (./Codesource/PIC.aux)
(./Codesource/ShellScript.aux) (./TeX/joke.aux))
Package atveryend Info: Executing hook `AtVeryEndDocument' on input line 644.
Package atveryend Info: Executing hook `AtEndAfterFileList' on input line 644.
Package rerunfilecheck Info: File `Rapport.out' has not changed.
(rerunfilecheck)             Checksum: 534115AA7D4E22B73B412422F019C8EE;5375.


LaTeX Font Warning: Some font shapes were not available, defaults substituted.


LaTeX Warning: There were multiply-defined labels.

Package atveryend Info: Empty hook `AtVeryVeryEnd' on input line 644.
 ) 
Here is how much of TeX's memory you used:
 11913 strings out of 493108
 167032 string characters out of 6138446
 443120 words of memory out of 5000000
 14828 multiletter control sequences out of 15000+600000
 62832 words of font info for 81 fonts, out of 8000000 for 9000
 1141 hyphenation exceptions out of 8191
 37i,14n,60p,670b,1353s stack positions out of 5000i,500n,10000p,200000b,80000s
pdfTeX warning (dest): name{Hfootnote.10} has been referenced but does not ex
ist, replaced by a fixed one

pdfTeX warning (dest): name{Hfootnote.9} has been referenced but does not exist
, replaced by a fixed one

pdfTeX warning (dest): name{Hfootnote.8} has been referenced but does not exist
, replaced by a fixed one

pdfTeX warning (dest): name{Hfootnote.7} has been referenced but does not exist
, replaced by a fixed one

pdfTeX warning (dest): name{Hfootnote.6} has been referenced but does not exist
, replaced by a fixed one

pdfTeX warning (dest): name{Hfootnote.5} has been referenced but does not exist
, replaced by a fixed one

pdfTeX warning (dest): name{Hfootnote.4} has been referenced but does not exist
, replaced by a fixed one

pdfTeX warning (dest): name{Hfootnote.3} has been referenced but does not exist
, replaced by a fixed one

pdfTeX warning (dest): name{Hfootnote.2} has been referenced but does not exist
, replaced by a fixed one

pdfTeX warning (dest): name{Hfootnote.1} has been referenced but does not exist
, replaced by a fixed one

{c:/texlive/2014/texmf-dist/fonts/enc/dvips/droid/droid-03.enc}{c:/texlive/2014
/texmf-dist/fonts/enc/dvips/droid/droid-01.enc}{c:/texlive/2014/texmf-dist/font
s/enc/dvips/tex-gyre/q-ts1.enc}{c:/texlive/2014/texmf-dist/fonts/enc/dvips/tex-
gyre/q-rm.enc}{c:/texlive/2014/texmf-dist/fonts/enc/dvips/tex-gyre/q-rm-sc.enc}
<c:/texlive/2014/texmf-dist/fonts/type1/public/droid/DroidSansMono.pfb><c:/texl
ive/2014/texmf-dist/fonts/type1/public/amsfonts/cm/cmbx10.pfb><c:/texlive/2014/
texmf-dist/fonts/type1/public/amsfonts/cm/cmbx12.pfb><c:/texlive/2014/texmf-dis
t/fonts/type1/public/amsfonts/cm/cmbx7.pfb><c:/texlive/2014/texmf-dist/fonts/ty
pe1/public/amsfonts/cm/cmex10.pfb><c:/texlive/2014/texmf-dist/fonts/type1/publi
c/amsfonts/cm/cmmi10.pfb><c:/texlive/2014/texmf-dist/fonts/type1/public/amsfont
s/cm/cmmi7.pfb><c:/texlive/2014/texmf-dist/fonts/type1/public/amsfonts/cm/cmmi8
.pfb><c:/texlive/2014/texmf-dist/fonts/type1/public/amsfonts/cm/cmr10.pfb><c:/t
exlive/2014/texmf-dist/fonts/type1/public/amsfonts/cm/cmr7.pfb><c:/texlive/2014
/texmf-dist/fonts/type1/public/amsfonts/cm/cmsy10.pfb><c:/texlive/2014/texmf-di
st/fonts/type1/public/amsfonts/cm/cmsy5.pfb><c:/texlive/2014/texmf-dist/fonts/t
ype1/public/amsfonts/cm/cmsy7.pfb><c:/texlive/2014/texmf-dist/fonts/type1/publi
c/amsfonts/cm/cmsy8.pfb><c:/texlive/2014/texmf-dist/fonts/type1/public/tex-gyre
/qhvb.pfb><c:/texlive/2014/texmf-dist/fonts/type1/public/tex-gyre/qhvr.pfb><c:/
texlive/2014/texmf-dist/fonts/type1/public/tex-gyre/qhvri.pfb>
Output written on Rapport.pdf (43 pages, 6765603 bytes).
PDF statistics:
 1017 PDF objects out of 1200 (max. 8388607)
 847 compressed objects within 9 object streams
 225 named destinations out of 1000 (max. 500000)
 761 words of extra memory for PDF output out of 10000 (max. 10000000)

